INFO:root:-- operations started at Thu Jun  2 11:11:27 2022 (test time = 2014 09 23  10:00) --
INFO:root:-- not calling generateAccessToken because already called  (test time = 2014 09 23  10:00) --
INFO:root:--------------------- 10 minute wait ----------------------------
INFO:root: --connection established at 'Thu Jun  2 11:11:29 2022' timestamp  : 2013-01-02 10:10:00 --
INFO:root:1. fetching clients
INFO:root:__________  no clients created in the last 10 minutes  __________
INFO:root:------------------ connection closed at Thu Jun  2 11:11:29 2022 -----------------------
INFO:root: --connection established at 'Thu Jun  2 11:11:29 2022' timestamp  : 2013-01-02 10:10:00 --
INFO:root:2. fetching conversations
INFO:root:__________  no conversations created in the last 10 minutes  __________
INFO:root:------------------ connection closed at Thu Jun  2 11:11:29 2022 -----------------------
INFO:root: --connection established at 'Thu Jun  2 11:11:29 2022' timestamp  : 2013-01-02 10:10:00 --
INFO:root:3. fetching leads
INFO:root:__________  no leads created in the last 10 minutes  __________
INFO:root:------------------ connection closed at Thu Jun  2 11:11:29 2022 -----------------------
INFO:root: --connection established at 'Thu Jun  2 11:11:29 2022' timestamp  : 2013-01-02 10:10:00 --
INFO:root:4. fetching invoice info
INFO:root:__________  no invoice info created in the last 10 minutes  __________
INFO:root:------------------ connection closed at Thu Jun  2 11:11:29 2022 -----------------------
INFO:root:_____________________________ >1< ___________________________________

INFO:root:--------------------- 10 minute wait ----------------------------
INFO:root: --connection established at 'Thu Jun  2 11:11:31 2022' timestamp  : 2013-01-02 10:20:00 --
INFO:root:1. fetching clients
INFO:root:__________  no clients created in the last 10 minutes  __________
INFO:root:------------------ connection closed at Thu Jun  2 11:11:31 2022 -----------------------
INFO:root: --connection established at 'Thu Jun  2 11:11:31 2022' timestamp  : 2013-01-02 10:20:00 --
INFO:root:2. fetching conversations
INFO:root:__________  no conversations created in the last 10 minutes  __________
INFO:root:------------------ connection closed at Thu Jun  2 11:11:31 2022 -----------------------
INFO:root: --connection established at 'Thu Jun  2 11:11:31 2022' timestamp  : 2013-01-02 10:20:00 --
INFO:root:3. fetching leads
INFO:root:__________  no leads created in the last 10 minutes  __________
INFO:root:------------------ connection closed at Thu Jun  2 11:11:31 2022 -----------------------
INFO:root: --connection established at 'Thu Jun  2 11:11:31 2022' timestamp  : 2013-01-02 10:20:00 --
INFO:root:4. fetching invoice info
INFO:root:__________  no invoice info created in the last 10 minutes  __________
INFO:root:------------------ connection closed at Thu Jun  2 11:11:31 2022 -----------------------
INFO:root:_____________________________ >2< ___________________________________

INFO:root:--------------------- 10 minute wait ----------------------------
INFO:root: --connection established at 'Thu Jun  2 11:11:33 2022' timestamp  : 2013-01-02 10:30:00 --
INFO:root:1. fetching clients
INFO:root:__________  no clients created in the last 10 minutes  __________
INFO:root:------------------ connection closed at Thu Jun  2 11:11:33 2022 -----------------------
INFO:root: --connection established at 'Thu Jun  2 11:11:33 2022' timestamp  : 2013-01-02 10:30:00 --
INFO:root:2. fetching conversations
INFO:root:__________  no conversations created in the last 10 minutes  __________
INFO:root:------------------ connection closed at Thu Jun  2 11:11:33 2022 -----------------------
INFO:root: --connection established at 'Thu Jun  2 11:11:33 2022' timestamp  : 2013-01-02 10:30:00 --
INFO:root:3. fetching leads
INFO:root:__________  no leads created in the last 10 minutes  __________
INFO:root:------------------ connection closed at Thu Jun  2 11:11:33 2022 -----------------------
INFO:root: --connection established at 'Thu Jun  2 11:11:33 2022' timestamp  : 2013-01-02 10:30:00 --
INFO:root:4. fetching invoice info
INFO:root:__________  no invoice info created in the last 10 minutes  __________
INFO:root:------------------ connection closed at Thu Jun  2 11:11:33 2022 -----------------------
INFO:root:_____________________________ >3< ___________________________________

INFO:root:--------------------- 10 minute wait ----------------------------
INFO:root: --connection established at 'Thu Jun  2 11:11:35 2022' timestamp  : 2013-01-02 10:40:00 --
INFO:root:1. fetching clients
INFO:root:__________  no clients created in the last 10 minutes  __________
INFO:root:------------------ connection closed at Thu Jun  2 11:11:35 2022 -----------------------
INFO:root: --connection established at 'Thu Jun  2 11:11:35 2022' timestamp  : 2013-01-02 10:40:00 --
INFO:root:2. fetching conversations
INFO:root:__________  no conversations created in the last 10 minutes  __________
INFO:root:------------------ connection closed at Thu Jun  2 11:11:35 2022 -----------------------
INFO:root: --connection established at 'Thu Jun  2 11:11:35 2022' timestamp  : 2013-01-02 10:40:00 --
INFO:root:3. fetching leads
INFO:root:__________  no leads created in the last 10 minutes  __________
INFO:root:------------------ connection closed at Thu Jun  2 11:11:35 2022 -----------------------
INFO:root: --connection established at 'Thu Jun  2 11:11:35 2022' timestamp  : 2013-01-02 10:40:00 --
INFO:root:4. fetching invoice info
INFO:root:__________  no invoice info created in the last 10 minutes  __________
INFO:root:------------------ connection closed at Thu Jun  2 11:11:35 2022 -----------------------
INFO:root:_____________________________ >4< ___________________________________

INFO:root:--------------------- 10 minute wait ----------------------------
INFO:root: - - - - - - - - - - - - - - - - - - - - - - - 
INFO:root:refreshing tokens at 2013-01-02 10:50:00 
INFO:root:minutes passed = 50 , counter = 5 
INFO:root: - - - - refreshing tokens at Thu Jun  2 11:11:37 2022 - - - - - 
INFO:root:-- response recieved : 
 {"error":"invalid_client"}

 -- at Thu Jun  2 11:11:38 2022  --
INFO:root: - - - - - - - - - - - - - - - - - - - - - - - 
INFO:root: --connection established at 'Thu Jun  2 11:11:38 2022' timestamp  : 2013-01-02 10:50:00 --
INFO:root:1. fetching clients
INFO:root:__________  no clients created in the last 10 minutes  __________
INFO:root:------------------ connection closed at Thu Jun  2 11:11:38 2022 -----------------------
INFO:root: --connection established at 'Thu Jun  2 11:11:38 2022' timestamp  : 2013-01-02 10:50:00 --
INFO:root:2. fetching conversations
INFO:root:__________  no conversations created in the last 10 minutes  __________
INFO:root:------------------ connection closed at Thu Jun  2 11:11:38 2022 -----------------------
INFO:root: --connection established at 'Thu Jun  2 11:11:38 2022' timestamp  : 2013-01-02 10:50:00 --
INFO:root:3. fetching leads
INFO:root:__________  no leads created in the last 10 minutes  __________
INFO:root:------------------ connection closed at Thu Jun  2 11:11:38 2022 -----------------------
INFO:root: --connection established at 'Thu Jun  2 11:11:38 2022' timestamp  : 2013-01-02 10:50:00 --
INFO:root:4. fetching invoice info
INFO:root:__________  no invoice info created in the last 10 minutes  __________
INFO:root:------------------ connection closed at Thu Jun  2 11:11:38 2022 -----------------------
INFO:root:_____________________________ >5< ___________________________________

INFO:root:--------------------- 10 minute wait ----------------------------
INFO:root: --connection established at 'Thu Jun  2 11:11:40 2022' timestamp  : 2013-01-02 11:00:00 --
INFO:root:1. fetching clients
INFO:root:__________  no clients created in the last 10 minutes  __________
INFO:root:------------------ connection closed at Thu Jun  2 11:11:40 2022 -----------------------
INFO:root: --connection established at 'Thu Jun  2 11:11:40 2022' timestamp  : 2013-01-02 11:00:00 --
INFO:root:2. fetching conversations
INFO:root:__________  no conversations created in the last 10 minutes  __________
INFO:root:------------------ connection closed at Thu Jun  2 11:11:40 2022 -----------------------
INFO:root: --connection established at 'Thu Jun  2 11:11:40 2022' timestamp  : 2013-01-02 11:00:00 --
INFO:root:3. fetching leads
INFO:root:__________  no leads created in the last 10 minutes  __________
INFO:root:------------------ connection closed at Thu Jun  2 11:11:40 2022 -----------------------
INFO:root: --connection established at 'Thu Jun  2 11:11:40 2022' timestamp  : 2013-01-02 11:00:00 --
INFO:root:4. fetching invoice info
INFO:root:__________  no invoice info created in the last 10 minutes  __________
INFO:root:------------------ connection closed at Thu Jun  2 11:11:40 2022 -----------------------
INFO:root:_____________________________ >6< ___________________________________

INFO:root:--------------------- 10 minute wait ----------------------------
INFO:root: --connection established at 'Thu Jun  2 11:11:42 2022' timestamp  : 2013-01-02 11:10:00 --
INFO:root:1. fetching clients
INFO:root:__________  no clients created in the last 10 minutes  __________
INFO:root:------------------ connection closed at Thu Jun  2 11:11:42 2022 -----------------------
INFO:root: --connection established at 'Thu Jun  2 11:11:42 2022' timestamp  : 2013-01-02 11:10:00 --
INFO:root:2. fetching conversations
INFO:root:__________  no conversations created in the last 10 minutes  __________
INFO:root:------------------ connection closed at Thu Jun  2 11:11:42 2022 -----------------------
INFO:root: --connection established at 'Thu Jun  2 11:11:42 2022' timestamp  : 2013-01-02 11:10:00 --
INFO:root:3. fetching leads
INFO:root:__________  no leads created in the last 10 minutes  __________
INFO:root:------------------ connection closed at Thu Jun  2 11:11:42 2022 -----------------------
INFO:root: --connection established at 'Thu Jun  2 11:11:42 2022' timestamp  : 2013-01-02 11:10:00 --
INFO:root:4. fetching invoice info
INFO:root:__________  no invoice info created in the last 10 minutes  __________
INFO:root:------------------ connection closed at Thu Jun  2 11:11:42 2022 -----------------------
INFO:root:_____________________________ >7< ___________________________________

INFO:root:--------------------- 10 minute wait ----------------------------
INFO:root: --connection established at 'Thu Jun  2 11:11:44 2022' timestamp  : 2013-01-02 11:20:00 --
INFO:root:1. fetching clients
INFO:root:__________  no clients created in the last 10 minutes  __________
INFO:root:------------------ connection closed at Thu Jun  2 11:11:44 2022 -----------------------
INFO:root: --connection established at 'Thu Jun  2 11:11:44 2022' timestamp  : 2013-01-02 11:20:00 --
INFO:root:2. fetching conversations
INFO:root:__________  no conversations created in the last 10 minutes  __________
INFO:root:------------------ connection closed at Thu Jun  2 11:11:44 2022 -----------------------
INFO:root: --connection established at 'Thu Jun  2 11:11:44 2022' timestamp  : 2013-01-02 11:20:00 --
INFO:root:3. fetching leads
INFO:root:__________  no leads created in the last 10 minutes  __________
INFO:root:------------------ connection closed at Thu Jun  2 11:11:44 2022 -----------------------
INFO:root: --connection established at 'Thu Jun  2 11:11:44 2022' timestamp  : 2013-01-02 11:20:00 --
INFO:root:4. fetching invoice info
INFO:root:__________  no invoice info created in the last 10 minutes  __________
INFO:root:------------------ connection closed at Thu Jun  2 11:11:44 2022 -----------------------
INFO:root:_____________________________ >8< ___________________________________

INFO:root:--------------------- 10 minute wait ----------------------------
INFO:root: --connection established at 'Thu Jun  2 11:11:46 2022' timestamp  : 2013-01-02 11:30:00 --
INFO:root:1. fetching clients
INFO:root:__________  no clients created in the last 10 minutes  __________
INFO:root:------------------ connection closed at Thu Jun  2 11:11:46 2022 -----------------------
INFO:root: --connection established at 'Thu Jun  2 11:11:46 2022' timestamp  : 2013-01-02 11:30:00 --
INFO:root:2. fetching conversations
INFO:root:__________  no conversations created in the last 10 minutes  __________
INFO:root:------------------ connection closed at Thu Jun  2 11:11:46 2022 -----------------------
INFO:root: --connection established at 'Thu Jun  2 11:11:46 2022' timestamp  : 2013-01-02 11:30:00 --
INFO:root:3. fetching leads
INFO:root:__________  no leads created in the last 10 minutes  __________
INFO:root:------------------ connection closed at Thu Jun  2 11:11:46 2022 -----------------------
INFO:root: --connection established at 'Thu Jun  2 11:11:46 2022' timestamp  : 2013-01-02 11:30:00 --
INFO:root:4. fetching invoice info
INFO:root:__________  no invoice info created in the last 10 minutes  __________
INFO:root:------------------ connection closed at Thu Jun  2 11:11:46 2022 -----------------------
INFO:root:_____________________________ >9< ___________________________________

INFO:root:--------------------- 10 minute wait ----------------------------
INFO:root: - - - - - - - - - - - - - - - - - - - - - - - 
INFO:root:refreshing tokens at 2013-01-02 11:40:00 
INFO:root:minutes passed = 100 , counter = 10 
INFO:root: - - - - refreshing tokens at Thu Jun  2 11:11:48 2022 - - - - - 
INFO:root:-- response recieved : 
 {"error":"invalid_client"}

 -- at Thu Jun  2 11:11:48 2022  --
INFO:root: - - - - - - - - - - - - - - - - - - - - - - - 
INFO:root: --connection established at 'Thu Jun  2 11:11:48 2022' timestamp  : 2013-01-02 11:40:00 --
INFO:root:1. fetching clients
INFO:root:__________  no clients created in the last 10 minutes  __________
INFO:root:------------------ connection closed at Thu Jun  2 11:11:48 2022 -----------------------
INFO:root: --connection established at 'Thu Jun  2 11:11:48 2022' timestamp  : 2013-01-02 11:40:00 --
INFO:root:2. fetching conversations
INFO:root:__________  no conversations created in the last 10 minutes  __________
INFO:root:------------------ connection closed at Thu Jun  2 11:11:48 2022 -----------------------
INFO:root: --connection established at 'Thu Jun  2 11:11:48 2022' timestamp  : 2013-01-02 11:40:00 --
INFO:root:3. fetching leads
INFO:root:__________  no leads created in the last 10 minutes  __________
INFO:root:------------------ connection closed at Thu Jun  2 11:11:48 2022 -----------------------
INFO:root: --connection established at 'Thu Jun  2 11:11:48 2022' timestamp  : 2013-01-02 11:40:00 --
INFO:root:4. fetching invoice info
INFO:root:__________  no invoice info created in the last 10 minutes  __________
INFO:root:------------------ connection closed at Thu Jun  2 11:11:48 2022 -----------------------
INFO:root:_____________________________ >10< ___________________________________

INFO:root:--------------------- 10 minute wait ----------------------------
INFO:root: --connection established at 'Thu Jun  2 11:11:50 2022' timestamp  : 2013-01-02 11:50:00 --
INFO:root:1. fetching clients
INFO:root:__________  no clients created in the last 10 minutes  __________
INFO:root:------------------ connection closed at Thu Jun  2 11:11:50 2022 -----------------------
INFO:root: --connection established at 'Thu Jun  2 11:11:50 2022' timestamp  : 2013-01-02 11:50:00 --
INFO:root:2. fetching conversations
INFO:root:__________  no conversations created in the last 10 minutes  __________
INFO:root:------------------ connection closed at Thu Jun  2 11:11:50 2022 -----------------------
INFO:root: --connection established at 'Thu Jun  2 11:11:50 2022' timestamp  : 2013-01-02 11:50:00 --
INFO:root:3. fetching leads
INFO:root:__________  no leads created in the last 10 minutes  __________
INFO:root:------------------ connection closed at Thu Jun  2 11:11:50 2022 -----------------------
INFO:root: --connection established at 'Thu Jun  2 11:11:50 2022' timestamp  : 2013-01-02 11:50:00 --
INFO:root:4. fetching invoice info
INFO:root:__________  no invoice info created in the last 10 minutes  __________
INFO:root:------------------ connection closed at Thu Jun  2 11:11:50 2022 -----------------------
INFO:root:_____________________________ >11< ___________________________________

INFO:root:--------------------- 10 minute wait ----------------------------
INFO:root: --connection established at 'Thu Jun  2 11:11:52 2022' timestamp  : 2013-01-02 12:00:00 --
INFO:root:1. fetching clients
INFO:root:__________  no clients created in the last 10 minutes  __________
INFO:root:------------------ connection closed at Thu Jun  2 11:11:52 2022 -----------------------
INFO:root: --connection established at 'Thu Jun  2 11:11:52 2022' timestamp  : 2013-01-02 12:00:00 --
INFO:root:2. fetching conversations
INFO:root:__________  no conversations created in the last 10 minutes  __________
INFO:root:------------------ connection closed at Thu Jun  2 11:11:52 2022 -----------------------
INFO:root: --connection established at 'Thu Jun  2 11:11:52 2022' timestamp  : 2013-01-02 12:00:00 --
INFO:root:3. fetching leads
INFO:root:__________  no leads created in the last 10 minutes  __________
INFO:root:------------------ connection closed at Thu Jun  2 11:11:52 2022 -----------------------
INFO:root: --connection established at 'Thu Jun  2 11:11:52 2022' timestamp  : 2013-01-02 12:00:00 --
INFO:root:4. fetching invoice info
INFO:root:__________  no invoice info created in the last 10 minutes  __________
INFO:root:------------------ connection closed at Thu Jun  2 11:11:52 2022 -----------------------
INFO:root:_____________________________ >12< ___________________________________

INFO:root:--------------------- 10 minute wait ----------------------------
INFO:root: --connection established at 'Thu Jun  2 11:11:54 2022' timestamp  : 2013-01-02 12:10:00 --
INFO:root:1. fetching clients
INFO:root:__________  no clients created in the last 10 minutes  __________
INFO:root:------------------ connection closed at Thu Jun  2 11:11:54 2022 -----------------------
INFO:root: --connection established at 'Thu Jun  2 11:11:54 2022' timestamp  : 2013-01-02 12:10:00 --
INFO:root:2. fetching conversations
INFO:root:__________  no conversations created in the last 10 minutes  __________
INFO:root:------------------ connection closed at Thu Jun  2 11:11:54 2022 -----------------------
INFO:root: --connection established at 'Thu Jun  2 11:11:54 2022' timestamp  : 2013-01-02 12:10:00 --
INFO:root:3. fetching leads
INFO:root:__________  no leads created in the last 10 minutes  __________
INFO:root:------------------ connection closed at Thu Jun  2 11:11:54 2022 -----------------------
INFO:root: --connection established at 'Thu Jun  2 11:11:54 2022' timestamp  : 2013-01-02 12:10:00 --
INFO:root:4. fetching invoice info
INFO:root:__________  no invoice info created in the last 10 minutes  __________
INFO:root:------------------ connection closed at Thu Jun  2 11:11:54 2022 -----------------------
INFO:root:_____________________________ >13< ___________________________________

INFO:root:--------------------- 10 minute wait ----------------------------
INFO:root: --connection established at 'Thu Jun  2 11:11:56 2022' timestamp  : 2013-01-02 12:20:00 --
INFO:root:1. fetching clients
INFO:root:__________  no clients created in the last 10 minutes  __________
INFO:root:------------------ connection closed at Thu Jun  2 11:11:56 2022 -----------------------
INFO:root: --connection established at 'Thu Jun  2 11:11:56 2022' timestamp  : 2013-01-02 12:20:00 --
INFO:root:2. fetching conversations
INFO:root:__________  no conversations created in the last 10 minutes  __________
INFO:root:------------------ connection closed at Thu Jun  2 11:11:56 2022 -----------------------
INFO:root: --connection established at 'Thu Jun  2 11:11:56 2022' timestamp  : 2013-01-02 12:20:00 --
INFO:root:3. fetching leads
INFO:root:__________  no leads created in the last 10 minutes  __________
INFO:root:------------------ connection closed at Thu Jun  2 11:11:56 2022 -----------------------
INFO:root: --connection established at 'Thu Jun  2 11:11:56 2022' timestamp  : 2013-01-02 12:20:00 --
INFO:root:4. fetching invoice info
INFO:root:__________  no invoice info created in the last 10 minutes  __________
INFO:root:------------------ connection closed at Thu Jun  2 11:11:56 2022 -----------------------
INFO:root:_____________________________ >14< ___________________________________

INFO:root:--------------------- 10 minute wait ----------------------------
INFO:root: - - - - - - - - - - - - - - - - - - - - - - - 
INFO:root:refreshing tokens at 2013-01-02 12:30:00 
INFO:root:minutes passed = 150 , counter = 15 
INFO:root: - - - - refreshing tokens at Thu Jun  2 11:11:58 2022 - - - - - 
INFO:root:-- response recieved : 
 {"error":"invalid_client"}

 -- at Thu Jun  2 11:12:00 2022  --
INFO:root: - - - - - - - - - - - - - - - - - - - - - - - 
INFO:root: --connection established at 'Thu Jun  2 11:12:00 2022' timestamp  : 2013-01-02 12:30:00 --
INFO:root:1. fetching clients
INFO:root:__________  no clients created in the last 10 minutes  __________
INFO:root:------------------ connection closed at Thu Jun  2 11:12:00 2022 -----------------------
INFO:root: --connection established at 'Thu Jun  2 11:12:00 2022' timestamp  : 2013-01-02 12:30:00 --
INFO:root:2. fetching conversations
INFO:root:__________  no conversations created in the last 10 minutes  __________
INFO:root:------------------ connection closed at Thu Jun  2 11:12:00 2022 -----------------------
INFO:root: --connection established at 'Thu Jun  2 11:12:00 2022' timestamp  : 2013-01-02 12:30:00 --
INFO:root:3. fetching leads
INFO:root:__________  no leads created in the last 10 minutes  __________
INFO:root:------------------ connection closed at Thu Jun  2 11:12:00 2022 -----------------------
INFO:root: --connection established at 'Thu Jun  2 11:12:00 2022' timestamp  : 2013-01-02 12:30:00 --
INFO:root:4. fetching invoice info
INFO:root:__________  no invoice info created in the last 10 minutes  __________
INFO:root:------------------ connection closed at Thu Jun  2 11:12:00 2022 -----------------------
INFO:root:_____________________________ >15< ___________________________________

INFO:root:--------------------- 10 minute wait ----------------------------
INFO:root: --connection established at 'Thu Jun  2 11:12:02 2022' timestamp  : 2013-01-02 12:40:00 --
INFO:root:1. fetching clients
INFO:root:__________  no clients created in the last 10 minutes  __________
INFO:root:------------------ connection closed at Thu Jun  2 11:12:02 2022 -----------------------
INFO:root: --connection established at 'Thu Jun  2 11:12:02 2022' timestamp  : 2013-01-02 12:40:00 --
INFO:root:2. fetching conversations
INFO:root:__________  no conversations created in the last 10 minutes  __________
INFO:root:------------------ connection closed at Thu Jun  2 11:12:02 2022 -----------------------
INFO:root: --connection established at 'Thu Jun  2 11:12:02 2022' timestamp  : 2013-01-02 12:40:00 --
INFO:root:3. fetching leads
INFO:root:__________  no leads created in the last 10 minutes  __________
INFO:root:------------------ connection closed at Thu Jun  2 11:12:02 2022 -----------------------
INFO:root: --connection established at 'Thu Jun  2 11:12:02 2022' timestamp  : 2013-01-02 12:40:00 --
INFO:root:4. fetching invoice info
INFO:root:__________  no invoice info created in the last 10 minutes  __________
INFO:root:------------------ connection closed at Thu Jun  2 11:12:02 2022 -----------------------
INFO:root:_____________________________ >16< ___________________________________

INFO:root:--------------------- 10 minute wait ----------------------------
INFO:root: --connection established at 'Thu Jun  2 11:12:04 2022' timestamp  : 2013-01-02 12:50:00 --
INFO:root:1. fetching clients
INFO:root:__________  no clients created in the last 10 minutes  __________
INFO:root:------------------ connection closed at Thu Jun  2 11:12:04 2022 -----------------------
INFO:root: --connection established at 'Thu Jun  2 11:12:04 2022' timestamp  : 2013-01-02 12:50:00 --
INFO:root:2. fetching conversations
INFO:root:__________  no conversations created in the last 10 minutes  __________
INFO:root:------------------ connection closed at Thu Jun  2 11:12:04 2022 -----------------------
INFO:root: --connection established at 'Thu Jun  2 11:12:04 2022' timestamp  : 2013-01-02 12:50:00 --
INFO:root:3. fetching leads
INFO:root:__________  no leads created in the last 10 minutes  __________
INFO:root:------------------ connection closed at Thu Jun  2 11:12:04 2022 -----------------------
INFO:root: --connection established at 'Thu Jun  2 11:12:04 2022' timestamp  : 2013-01-02 12:50:00 --
INFO:root:4. fetching invoice info
INFO:root:__________  no invoice info created in the last 10 minutes  __________
INFO:root:------------------ connection closed at Thu Jun  2 11:12:04 2022 -----------------------
INFO:root:_____________________________ >17< ___________________________________

INFO:root:--------------------- 10 minute wait ----------------------------
INFO:root: --connection established at 'Thu Jun  2 11:12:06 2022' timestamp  : 2013-01-02 13:00:00 --
INFO:root:1. fetching clients
INFO:root:__________  no clients created in the last 10 minutes  __________
INFO:root:------------------ connection closed at Thu Jun  2 11:12:06 2022 -----------------------
INFO:root: --connection established at 'Thu Jun  2 11:12:06 2022' timestamp  : 2013-01-02 13:00:00 --
INFO:root:2. fetching conversations
INFO:root:__________  no conversations created in the last 10 minutes  __________
INFO:root:------------------ connection closed at Thu Jun  2 11:12:06 2022 -----------------------
INFO:root: --connection established at 'Thu Jun  2 11:12:06 2022' timestamp  : 2013-01-02 13:00:00 --
INFO:root:3. fetching leads
INFO:root:__________  no leads created in the last 10 minutes  __________
INFO:root:------------------ connection closed at Thu Jun  2 11:12:06 2022 -----------------------
INFO:root: --connection established at 'Thu Jun  2 11:12:06 2022' timestamp  : 2013-01-02 13:00:00 --
INFO:root:4. fetching invoice info
INFO:root:__________  no invoice info created in the last 10 minutes  __________
INFO:root:------------------ connection closed at Thu Jun  2 11:12:06 2022 -----------------------
INFO:root:_____________________________ >18< ___________________________________

INFO:root:--------------------- 10 minute wait ----------------------------
INFO:root: --connection established at 'Thu Jun  2 11:12:08 2022' timestamp  : 2013-01-02 13:10:00 --
INFO:root:1. fetching clients
INFO:root:__________  no clients created in the last 10 minutes  __________
INFO:root:------------------ connection closed at Thu Jun  2 11:12:08 2022 -----------------------
INFO:root: --connection established at 'Thu Jun  2 11:12:08 2022' timestamp  : 2013-01-02 13:10:00 --
INFO:root:2. fetching conversations
INFO:root:__________  no conversations created in the last 10 minutes  __________
INFO:root:------------------ connection closed at Thu Jun  2 11:12:08 2022 -----------------------
INFO:root: --connection established at 'Thu Jun  2 11:12:08 2022' timestamp  : 2013-01-02 13:10:00 --
INFO:root:3. fetching leads
INFO:root:__________  no leads created in the last 10 minutes  __________
INFO:root:------------------ connection closed at Thu Jun  2 11:12:08 2022 -----------------------
INFO:root: --connection established at 'Thu Jun  2 11:12:08 2022' timestamp  : 2013-01-02 13:10:00 --
INFO:root:4. fetching invoice info
INFO:root:__________  no invoice info created in the last 10 minutes  __________
INFO:root:------------------ connection closed at Thu Jun  2 11:12:08 2022 -----------------------
INFO:root:_____________________________ >19< ___________________________________

INFO:root:--------------------- 10 minute wait ----------------------------
INFO:root: - - - - - - - - - - - - - - - - - - - - - - - 
INFO:root:refreshing tokens at 2013-01-02 13:20:00 
INFO:root:minutes passed = 200 , counter = 20 
INFO:root: - - - - refreshing tokens at Thu Jun  2 11:12:10 2022 - - - - - 
INFO:root:-- response recieved : 
 {"error":"invalid_client"}

 -- at Thu Jun  2 11:12:12 2022  --
INFO:root: - - - - - - - - - - - - - - - - - - - - - - - 
INFO:root: --connection established at 'Thu Jun  2 11:12:12 2022' timestamp  : 2013-01-02 13:20:00 --
INFO:root:1. fetching clients
INFO:root:__________  no clients created in the last 10 minutes  __________
INFO:root:------------------ connection closed at Thu Jun  2 11:12:12 2022 -----------------------
INFO:root: --connection established at 'Thu Jun  2 11:12:12 2022' timestamp  : 2013-01-02 13:20:00 --
INFO:root:2. fetching conversations
INFO:root:__________  no conversations created in the last 10 minutes  __________
INFO:root:------------------ connection closed at Thu Jun  2 11:12:12 2022 -----------------------
INFO:root: --connection established at 'Thu Jun  2 11:12:12 2022' timestamp  : 2013-01-02 13:20:00 --
INFO:root:3. fetching leads
INFO:root:__________  no leads created in the last 10 minutes  __________
INFO:root:------------------ connection closed at Thu Jun  2 11:12:12 2022 -----------------------
INFO:root: --connection established at 'Thu Jun  2 11:12:12 2022' timestamp  : 2013-01-02 13:20:00 --
INFO:root:4. fetching invoice info
INFO:root:__________  no invoice info created in the last 10 minutes  __________
INFO:root:------------------ connection closed at Thu Jun  2 11:12:12 2022 -----------------------
INFO:root:_____________________________ >20< ___________________________________

INFO:root:--------------------- 10 minute wait ----------------------------
INFO:root: --connection established at 'Thu Jun  2 11:12:14 2022' timestamp  : 2013-01-02 13:30:00 --
INFO:root:1. fetching clients
INFO:root:__________  no clients created in the last 10 minutes  __________
INFO:root:------------------ connection closed at Thu Jun  2 11:12:14 2022 -----------------------
INFO:root: --connection established at 'Thu Jun  2 11:12:14 2022' timestamp  : 2013-01-02 13:30:00 --
INFO:root:2. fetching conversations
INFO:root:__________  no conversations created in the last 10 minutes  __________
INFO:root:------------------ connection closed at Thu Jun  2 11:12:14 2022 -----------------------
INFO:root: --connection established at 'Thu Jun  2 11:12:14 2022' timestamp  : 2013-01-02 13:30:00 --
INFO:root:3. fetching leads
INFO:root:__________  no leads created in the last 10 minutes  __________
INFO:root:------------------ connection closed at Thu Jun  2 11:12:14 2022 -----------------------
INFO:root: --connection established at 'Thu Jun  2 11:12:14 2022' timestamp  : 2013-01-02 13:30:00 --
INFO:root:4. fetching invoice info
INFO:root:__________  no invoice info created in the last 10 minutes  __________
INFO:root:------------------ connection closed at Thu Jun  2 11:12:14 2022 -----------------------
INFO:root:_____________________________ >21< ___________________________________

INFO:root:--------------------- 10 minute wait ----------------------------
INFO:root: --connection established at 'Thu Jun  2 11:12:16 2022' timestamp  : 2013-01-02 13:40:00 --
INFO:root:1. fetching clients
INFO:root:__________  no clients created in the last 10 minutes  __________
INFO:root:------------------ connection closed at Thu Jun  2 11:12:16 2022 -----------------------
INFO:root: --connection established at 'Thu Jun  2 11:12:16 2022' timestamp  : 2013-01-02 13:40:00 --
INFO:root:2. fetching conversations
INFO:root:__________  no conversations created in the last 10 minutes  __________
INFO:root:------------------ connection closed at Thu Jun  2 11:12:16 2022 -----------------------
INFO:root: --connection established at 'Thu Jun  2 11:12:16 2022' timestamp  : 2013-01-02 13:40:00 --
INFO:root:3. fetching leads
INFO:root:__________  no leads created in the last 10 minutes  __________
INFO:root:------------------ connection closed at Thu Jun  2 11:12:16 2022 -----------------------
INFO:root: --connection established at 'Thu Jun  2 11:12:16 2022' timestamp  : 2013-01-02 13:40:00 --
INFO:root:4. fetching invoice info
INFO:root:__________  no invoice info created in the last 10 minutes  __________
INFO:root:------------------ connection closed at Thu Jun  2 11:12:16 2022 -----------------------
INFO:root:_____________________________ >22< ___________________________________

INFO:root:--------------------- 10 minute wait ----------------------------
INFO:root: --connection established at 'Thu Jun  2 11:12:18 2022' timestamp  : 2013-01-02 13:50:00 --
INFO:root:1. fetching clients
INFO:root:__________  no clients created in the last 10 minutes  __________
INFO:root:------------------ connection closed at Thu Jun  2 11:12:18 2022 -----------------------
INFO:root: --connection established at 'Thu Jun  2 11:12:18 2022' timestamp  : 2013-01-02 13:50:00 --
INFO:root:2. fetching conversations
INFO:root:__________  no conversations created in the last 10 minutes  __________
INFO:root:------------------ connection closed at Thu Jun  2 11:12:18 2022 -----------------------
INFO:root: --connection established at 'Thu Jun  2 11:12:18 2022' timestamp  : 2013-01-02 13:50:00 --
INFO:root:3. fetching leads
INFO:root:__________  no leads created in the last 10 minutes  __________
INFO:root:------------------ connection closed at Thu Jun  2 11:12:18 2022 -----------------------
INFO:root: --connection established at 'Thu Jun  2 11:12:18 2022' timestamp  : 2013-01-02 13:50:00 --
INFO:root:4. fetching invoice info
INFO:root:__________  no invoice info created in the last 10 minutes  __________
INFO:root:------------------ connection closed at Thu Jun  2 11:12:18 2022 -----------------------
INFO:root:_____________________________ >23< ___________________________________

INFO:root:--------------------- 10 minute wait ----------------------------
INFO:root: --connection established at 'Thu Jun  2 11:12:20 2022' timestamp  : 2013-01-02 14:00:00 --
INFO:root:1. fetching clients
INFO:root:__________  no clients created in the last 10 minutes  __________
INFO:root:------------------ connection closed at Thu Jun  2 11:12:20 2022 -----------------------
INFO:root: --connection established at 'Thu Jun  2 11:12:20 2022' timestamp  : 2013-01-02 14:00:00 --
INFO:root:2. fetching conversations
INFO:root:__________  no conversations created in the last 10 minutes  __________
INFO:root:------------------ connection closed at Thu Jun  2 11:12:20 2022 -----------------------
INFO:root: --connection established at 'Thu Jun  2 11:12:20 2022' timestamp  : 2013-01-02 14:00:00 --
INFO:root:3. fetching leads
INFO:root:__________  no leads created in the last 10 minutes  __________
INFO:root:------------------ connection closed at Thu Jun  2 11:12:20 2022 -----------------------
INFO:root: --connection established at 'Thu Jun  2 11:12:20 2022' timestamp  : 2013-01-02 14:00:00 --
INFO:root:4. fetching invoice info
INFO:root:__________  no invoice info created in the last 10 minutes  __________
INFO:root:------------------ connection closed at Thu Jun  2 11:12:20 2022 -----------------------
INFO:root:_____________________________ >24< ___________________________________

INFO:root:--------------------- 10 minute wait ----------------------------
INFO:root: - - - - - - - - - - - - - - - - - - - - - - - 
INFO:root:refreshing tokens at 2013-01-02 14:10:00 
INFO:root:minutes passed = 250 , counter = 25 
INFO:root: - - - - refreshing tokens at Thu Jun  2 11:12:22 2022 - - - - - 
INFO:root:-- response recieved : 
 {"error":"invalid_client"}

 -- at Thu Jun  2 11:12:22 2022  --
INFO:root: - - - - - - - - - - - - - - - - - - - - - - - 
INFO:root: --connection established at 'Thu Jun  2 11:12:22 2022' timestamp  : 2013-01-02 14:10:00 --
INFO:root:1. fetching clients
INFO:root:__________  no clients created in the last 10 minutes  __________
INFO:root:------------------ connection closed at Thu Jun  2 11:12:22 2022 -----------------------
INFO:root: --connection established at 'Thu Jun  2 11:12:22 2022' timestamp  : 2013-01-02 14:10:00 --
INFO:root:2. fetching conversations
INFO:root:__________  no conversations created in the last 10 minutes  __________
INFO:root:------------------ connection closed at Thu Jun  2 11:12:22 2022 -----------------------
INFO:root: --connection established at 'Thu Jun  2 11:12:22 2022' timestamp  : 2013-01-02 14:10:00 --
INFO:root:3. fetching leads
INFO:root:__________  no leads created in the last 10 minutes  __________
INFO:root:------------------ connection closed at Thu Jun  2 11:12:22 2022 -----------------------
INFO:root: --connection established at 'Thu Jun  2 11:12:22 2022' timestamp  : 2013-01-02 14:10:00 --
INFO:root:4. fetching invoice info
INFO:root:__________  no invoice info created in the last 10 minutes  __________
INFO:root:------------------ connection closed at Thu Jun  2 11:12:22 2022 -----------------------
INFO:root:_____________________________ >25< ___________________________________

INFO:root:--------------------- 10 minute wait ----------------------------
INFO:root: --connection established at 'Thu Jun  2 11:12:24 2022' timestamp  : 2013-01-02 14:20:00 --
INFO:root:1. fetching clients
INFO:root:__________  no clients created in the last 10 minutes  __________
INFO:root:------------------ connection closed at Thu Jun  2 11:12:24 2022 -----------------------
INFO:root: --connection established at 'Thu Jun  2 11:12:24 2022' timestamp  : 2013-01-02 14:20:00 --
INFO:root:2. fetching conversations
INFO:root:__________  no conversations created in the last 10 minutes  __________
INFO:root:------------------ connection closed at Thu Jun  2 11:12:24 2022 -----------------------
INFO:root: --connection established at 'Thu Jun  2 11:12:24 2022' timestamp  : 2013-01-02 14:20:00 --
INFO:root:3. fetching leads
INFO:root:__________  no leads created in the last 10 minutes  __________
INFO:root:------------------ connection closed at Thu Jun  2 11:12:24 2022 -----------------------
INFO:root: --connection established at 'Thu Jun  2 11:12:24 2022' timestamp  : 2013-01-02 14:20:00 --
INFO:root:4. fetching invoice info
INFO:root:__________  no invoice info created in the last 10 minutes  __________
INFO:root:------------------ connection closed at Thu Jun  2 11:12:24 2022 -----------------------
INFO:root:_____________________________ >26< ___________________________________

INFO:root:--------------------- 10 minute wait ----------------------------
INFO:root: --connection established at 'Thu Jun  2 11:12:26 2022' timestamp  : 2013-01-02 14:30:00 --
INFO:root:1. fetching clients
INFO:root:__________  no clients created in the last 10 minutes  __________
INFO:root:------------------ connection closed at Thu Jun  2 11:12:26 2022 -----------------------
INFO:root: --connection established at 'Thu Jun  2 11:12:26 2022' timestamp  : 2013-01-02 14:30:00 --
INFO:root:2. fetching conversations
INFO:root:__________  no conversations created in the last 10 minutes  __________
INFO:root:------------------ connection closed at Thu Jun  2 11:12:26 2022 -----------------------
INFO:root: --connection established at 'Thu Jun  2 11:12:26 2022' timestamp  : 2013-01-02 14:30:00 --
INFO:root:3. fetching leads
INFO:root:__________  no leads created in the last 10 minutes  __________
INFO:root:------------------ connection closed at Thu Jun  2 11:12:26 2022 -----------------------
INFO:root: --connection established at 'Thu Jun  2 11:12:26 2022' timestamp  : 2013-01-02 14:30:00 --
INFO:root:4. fetching invoice info
INFO:root:__________  no invoice info created in the last 10 minutes  __________
INFO:root:------------------ connection closed at Thu Jun  2 11:12:26 2022 -----------------------
INFO:root:_____________________________ >27< ___________________________________

INFO:root:--------------------- 10 minute wait ----------------------------
INFO:root: --connection established at 'Thu Jun  2 11:12:28 2022' timestamp  : 2013-01-02 14:40:00 --
INFO:root:1. fetching clients
INFO:root:__________  no clients created in the last 10 minutes  __________
INFO:root:------------------ connection closed at Thu Jun  2 11:12:28 2022 -----------------------
INFO:root: --connection established at 'Thu Jun  2 11:12:28 2022' timestamp  : 2013-01-02 14:40:00 --
INFO:root:2. fetching conversations
INFO:root:__________  no conversations created in the last 10 minutes  __________
INFO:root:------------------ connection closed at Thu Jun  2 11:12:28 2022 -----------------------
INFO:root: --connection established at 'Thu Jun  2 11:12:28 2022' timestamp  : 2013-01-02 14:40:00 --
INFO:root:3. fetching leads
INFO:root:__________  no leads created in the last 10 minutes  __________
INFO:root:------------------ connection closed at Thu Jun  2 11:12:28 2022 -----------------------
INFO:root: --connection established at 'Thu Jun  2 11:12:28 2022' timestamp  : 2013-01-02 14:40:00 --
INFO:root:4. fetching invoice info
INFO:root:__________  no invoice info created in the last 10 minutes  __________
INFO:root:------------------ connection closed at Thu Jun  2 11:12:28 2022 -----------------------
INFO:root:_____________________________ >28< ___________________________________

INFO:root:--------------------- 10 minute wait ----------------------------
INFO:root: --connection established at 'Thu Jun  2 11:12:30 2022' timestamp  : 2013-01-02 14:50:00 --
INFO:root:1. fetching clients
INFO:root:__________  no clients created in the last 10 minutes  __________
INFO:root:------------------ connection closed at Thu Jun  2 11:12:30 2022 -----------------------
INFO:root: --connection established at 'Thu Jun  2 11:12:30 2022' timestamp  : 2013-01-02 14:50:00 --
INFO:root:2. fetching conversations
INFO:root:__________  no conversations created in the last 10 minutes  __________
INFO:root:------------------ connection closed at Thu Jun  2 11:12:30 2022 -----------------------
INFO:root: --connection established at 'Thu Jun  2 11:12:30 2022' timestamp  : 2013-01-02 14:50:00 --
INFO:root:3. fetching leads
INFO:root:__________  no leads created in the last 10 minutes  __________
INFO:root:------------------ connection closed at Thu Jun  2 11:12:30 2022 -----------------------
INFO:root: --connection established at 'Thu Jun  2 11:12:30 2022' timestamp  : 2013-01-02 14:50:00 --
INFO:root:4. fetching invoice info
INFO:root:__________  no invoice info created in the last 10 minutes  __________
INFO:root:------------------ connection closed at Thu Jun  2 11:12:30 2022 -----------------------
INFO:root:_____________________________ >29< ___________________________________

INFO:root:--------------------- 10 minute wait ----------------------------
INFO:root: - - - - - - - - - - - - - - - - - - - - - - - 
INFO:root:refreshing tokens at 2013-01-02 15:00:00 
INFO:root:minutes passed = 300 , counter = 30 
INFO:root: - - - - refreshing tokens at Thu Jun  2 11:12:32 2022 - - - - - 
INFO:root:-- response recieved : 
 {"error":"invalid_client"}

 -- at Thu Jun  2 11:12:38 2022  --
INFO:root: - - - - - - - - - - - - - - - - - - - - - - - 
INFO:root: --connection established at 'Thu Jun  2 11:12:38 2022' timestamp  : 2013-01-02 15:00:00 --
INFO:root:1. fetching clients
INFO:root:__________  no clients created in the last 10 minutes  __________
INFO:root:------------------ connection closed at Thu Jun  2 11:12:38 2022 -----------------------
INFO:root: --connection established at 'Thu Jun  2 11:12:38 2022' timestamp  : 2013-01-02 15:00:00 --
INFO:root:2. fetching conversations
INFO:root:__________  no conversations created in the last 10 minutes  __________
INFO:root:------------------ connection closed at Thu Jun  2 11:12:38 2022 -----------------------
INFO:root: --connection established at 'Thu Jun  2 11:12:38 2022' timestamp  : 2013-01-02 15:00:00 --
INFO:root:3. fetching leads
INFO:root:__________  no leads created in the last 10 minutes  __________
INFO:root:------------------ connection closed at Thu Jun  2 11:12:38 2022 -----------------------
INFO:root: --connection established at 'Thu Jun  2 11:12:38 2022' timestamp  : 2013-01-02 15:00:00 --
INFO:root:4. fetching invoice info
INFO:root:__________  no invoice info created in the last 10 minutes  __________
INFO:root:------------------ connection closed at Thu Jun  2 11:12:38 2022 -----------------------
INFO:root:_____________________________ >30< ___________________________________

INFO:root:--------------------- 10 minute wait ----------------------------
INFO:root: --connection established at 'Thu Jun  2 11:12:40 2022' timestamp  : 2013-01-02 15:10:00 --
INFO:root:1. fetching clients
INFO:root:__________  no clients created in the last 10 minutes  __________
INFO:root:------------------ connection closed at Thu Jun  2 11:12:40 2022 -----------------------
INFO:root: --connection established at 'Thu Jun  2 11:12:40 2022' timestamp  : 2013-01-02 15:10:00 --
INFO:root:2. fetching conversations
INFO:root:__________  no conversations created in the last 10 minutes  __________
INFO:root:------------------ connection closed at Thu Jun  2 11:12:40 2022 -----------------------
INFO:root: --connection established at 'Thu Jun  2 11:12:40 2022' timestamp  : 2013-01-02 15:10:00 --
INFO:root:3. fetching leads
INFO:root:__________  no leads created in the last 10 minutes  __________
INFO:root:------------------ connection closed at Thu Jun  2 11:12:40 2022 -----------------------
INFO:root: --connection established at 'Thu Jun  2 11:12:40 2022' timestamp  : 2013-01-02 15:10:00 --
INFO:root:4. fetching invoice info
INFO:root:__________  no invoice info created in the last 10 minutes  __________
INFO:root:------------------ connection closed at Thu Jun  2 11:12:40 2022 -----------------------
INFO:root:_____________________________ >31< ___________________________________

INFO:root:--------------------- 10 minute wait ----------------------------
INFO:root: --connection established at 'Thu Jun  2 11:12:42 2022' timestamp  : 2013-01-02 15:20:00 --
INFO:root:1. fetching clients
INFO:root:__________  no clients created in the last 10 minutes  __________
INFO:root:------------------ connection closed at Thu Jun  2 11:12:42 2022 -----------------------
INFO:root: --connection established at 'Thu Jun  2 11:12:42 2022' timestamp  : 2013-01-02 15:20:00 --
INFO:root:2. fetching conversations
INFO:root:__________  no conversations created in the last 10 minutes  __________
INFO:root:------------------ connection closed at Thu Jun  2 11:12:42 2022 -----------------------
INFO:root: --connection established at 'Thu Jun  2 11:12:42 2022' timestamp  : 2013-01-02 15:20:00 --
INFO:root:3. fetching leads
INFO:root:__________  no leads created in the last 10 minutes  __________
INFO:root:------------------ connection closed at Thu Jun  2 11:12:42 2022 -----------------------
INFO:root: --connection established at 'Thu Jun  2 11:12:42 2022' timestamp  : 2013-01-02 15:20:00 --
INFO:root:4. fetching invoice info
INFO:root:__________  no invoice info created in the last 10 minutes  __________
INFO:root:------------------ connection closed at Thu Jun  2 11:12:42 2022 -----------------------
INFO:root:_____________________________ >32< ___________________________________

INFO:root:--------------------- 10 minute wait ----------------------------
INFO:root: --connection established at 'Thu Jun  2 11:12:44 2022' timestamp  : 2013-01-02 15:30:00 --
INFO:root:1. fetching clients
INFO:root:__________  no clients created in the last 10 minutes  __________
INFO:root:------------------ connection closed at Thu Jun  2 11:12:44 2022 -----------------------
INFO:root: --connection established at 'Thu Jun  2 11:12:44 2022' timestamp  : 2013-01-02 15:30:00 --
INFO:root:2. fetching conversations
INFO:root:__________  no conversations created in the last 10 minutes  __________
INFO:root:------------------ connection closed at Thu Jun  2 11:12:44 2022 -----------------------
INFO:root: --connection established at 'Thu Jun  2 11:12:44 2022' timestamp  : 2013-01-02 15:30:00 --
INFO:root:3. fetching leads
INFO:root:__________  no leads created in the last 10 minutes  __________
INFO:root:------------------ connection closed at Thu Jun  2 11:12:44 2022 -----------------------
INFO:root: --connection established at 'Thu Jun  2 11:12:44 2022' timestamp  : 2013-01-02 15:30:00 --
INFO:root:4. fetching invoice info
INFO:root:__________  no invoice info created in the last 10 minutes  __________
INFO:root:------------------ connection closed at Thu Jun  2 11:12:44 2022 -----------------------
INFO:root:_____________________________ >33< ___________________________________

INFO:root:--------------------- 10 minute wait ----------------------------
INFO:root: --connection established at 'Thu Jun  2 11:12:46 2022' timestamp  : 2013-01-02 15:40:00 --
INFO:root:1. fetching clients
INFO:root:__________  no clients created in the last 10 minutes  __________
INFO:root:------------------ connection closed at Thu Jun  2 11:12:46 2022 -----------------------
INFO:root: --connection established at 'Thu Jun  2 11:12:46 2022' timestamp  : 2013-01-02 15:40:00 --
INFO:root:2. fetching conversations
INFO:root:__________  no conversations created in the last 10 minutes  __________
INFO:root:------------------ connection closed at Thu Jun  2 11:12:46 2022 -----------------------
INFO:root: --connection established at 'Thu Jun  2 11:12:46 2022' timestamp  : 2013-01-02 15:40:00 --
INFO:root:3. fetching leads
INFO:root:__________  no leads created in the last 10 minutes  __________
INFO:root:------------------ connection closed at Thu Jun  2 11:12:46 2022 -----------------------
INFO:root: --connection established at 'Thu Jun  2 11:12:46 2022' timestamp  : 2013-01-02 15:40:00 --
INFO:root:4. fetching invoice info
INFO:root:__________  no invoice info created in the last 10 minutes  __________
INFO:root:------------------ connection closed at Thu Jun  2 11:12:46 2022 -----------------------
INFO:root:_____________________________ >34< ___________________________________

INFO:root:--------------------- 10 minute wait ----------------------------
INFO:root: - - - - - - - - - - - - - - - - - - - - - - - 
INFO:root:refreshing tokens at 2013-01-02 15:50:00 
INFO:root:minutes passed = 350 , counter = 35 
INFO:root: - - - - refreshing tokens at Thu Jun  2 11:12:48 2022 - - - - - 
INFO:root:-- response recieved : 
 {"error":"invalid_client"}

 -- at Thu Jun  2 11:12:49 2022  --
INFO:root: - - - - - - - - - - - - - - - - - - - - - - - 
INFO:root: --connection established at 'Thu Jun  2 11:12:49 2022' timestamp  : 2013-01-02 15:50:00 --
INFO:root:1. fetching clients
INFO:root:__________  no clients created in the last 10 minutes  __________
INFO:root:------------------ connection closed at Thu Jun  2 11:12:49 2022 -----------------------
INFO:root: --connection established at 'Thu Jun  2 11:12:49 2022' timestamp  : 2013-01-02 15:50:00 --
INFO:root:2. fetching conversations
INFO:root:__________  no conversations created in the last 10 minutes  __________
INFO:root:------------------ connection closed at Thu Jun  2 11:12:49 2022 -----------------------
INFO:root: --connection established at 'Thu Jun  2 11:12:49 2022' timestamp  : 2013-01-02 15:50:00 --
INFO:root:3. fetching leads
INFO:root:__________  no leads created in the last 10 minutes  __________
INFO:root:------------------ connection closed at Thu Jun  2 11:12:49 2022 -----------------------
INFO:root: --connection established at 'Thu Jun  2 11:12:49 2022' timestamp  : 2013-01-02 15:50:00 --
INFO:root:4. fetching invoice info
INFO:root:__________  no invoice info created in the last 10 minutes  __________
INFO:root:------------------ connection closed at Thu Jun  2 11:12:49 2022 -----------------------
INFO:root:_____________________________ >35< ___________________________________

INFO:root:--------------------- 10 minute wait ----------------------------
INFO:root: --connection established at 'Thu Jun  2 11:12:51 2022' timestamp  : 2013-01-02 16:00:00 --
INFO:root:1. fetching clients
INFO:root:__________  no clients created in the last 10 minutes  __________
INFO:root:------------------ connection closed at Thu Jun  2 11:12:51 2022 -----------------------
INFO:root: --connection established at 'Thu Jun  2 11:12:51 2022' timestamp  : 2013-01-02 16:00:00 --
INFO:root:2. fetching conversations
INFO:root:__________  no conversations created in the last 10 minutes  __________
INFO:root:------------------ connection closed at Thu Jun  2 11:12:51 2022 -----------------------
INFO:root: --connection established at 'Thu Jun  2 11:12:51 2022' timestamp  : 2013-01-02 16:00:00 --
INFO:root:3. fetching leads
INFO:root:__________  no leads created in the last 10 minutes  __________
INFO:root:------------------ connection closed at Thu Jun  2 11:12:51 2022 -----------------------
INFO:root: --connection established at 'Thu Jun  2 11:12:51 2022' timestamp  : 2013-01-02 16:00:00 --
INFO:root:4. fetching invoice info
INFO:root:__________  no invoice info created in the last 10 minutes  __________
INFO:root:------------------ connection closed at Thu Jun  2 11:12:51 2022 -----------------------
INFO:root:_____________________________ >36< ___________________________________

INFO:root:--------------------- 10 minute wait ----------------------------
INFO:root: --connection established at 'Thu Jun  2 11:12:53 2022' timestamp  : 2013-01-02 16:10:00 --
INFO:root:1. fetching clients
INFO:root:__________  no clients created in the last 10 minutes  __________
INFO:root:------------------ connection closed at Thu Jun  2 11:12:53 2022 -----------------------
INFO:root: --connection established at 'Thu Jun  2 11:12:53 2022' timestamp  : 2013-01-02 16:10:00 --
INFO:root:2. fetching conversations
INFO:root:__________  no conversations created in the last 10 minutes  __________
INFO:root:------------------ connection closed at Thu Jun  2 11:12:53 2022 -----------------------
INFO:root: --connection established at 'Thu Jun  2 11:12:53 2022' timestamp  : 2013-01-02 16:10:00 --
INFO:root:3. fetching leads
INFO:root:__________  no leads created in the last 10 minutes  __________
INFO:root:------------------ connection closed at Thu Jun  2 11:12:53 2022 -----------------------
INFO:root: --connection established at 'Thu Jun  2 11:12:53 2022' timestamp  : 2013-01-02 16:10:00 --
INFO:root:4. fetching invoice info
INFO:root:__________  no invoice info created in the last 10 minutes  __________
INFO:root:------------------ connection closed at Thu Jun  2 11:12:53 2022 -----------------------
INFO:root:_____________________________ >37< ___________________________________

INFO:root:--------------------- 10 minute wait ----------------------------
INFO:root: --connection established at 'Thu Jun  2 11:12:55 2022' timestamp  : 2013-01-02 16:20:00 --
INFO:root:1. fetching clients
INFO:root:__________  no clients created in the last 10 minutes  __________
INFO:root:------------------ connection closed at Thu Jun  2 11:12:55 2022 -----------------------
INFO:root: --connection established at 'Thu Jun  2 11:12:55 2022' timestamp  : 2013-01-02 16:20:00 --
INFO:root:2. fetching conversations
INFO:root:__________  no conversations created in the last 10 minutes  __________
INFO:root:------------------ connection closed at Thu Jun  2 11:12:55 2022 -----------------------
INFO:root: --connection established at 'Thu Jun  2 11:12:55 2022' timestamp  : 2013-01-02 16:20:00 --
INFO:root:3. fetching leads
INFO:root:__________  no leads created in the last 10 minutes  __________
INFO:root:------------------ connection closed at Thu Jun  2 11:12:55 2022 -----------------------
INFO:root: --connection established at 'Thu Jun  2 11:12:55 2022' timestamp  : 2013-01-02 16:20:00 --
INFO:root:4. fetching invoice info
INFO:root:__________  no invoice info created in the last 10 minutes  __________
INFO:root:------------------ connection closed at Thu Jun  2 11:12:55 2022 -----------------------
INFO:root:_____________________________ >38< ___________________________________

INFO:root:--------------------- 10 minute wait ----------------------------
INFO:root: --connection established at 'Thu Jun  2 11:12:57 2022' timestamp  : 2013-01-02 16:30:00 --
INFO:root:1. fetching clients
INFO:root:__________  no clients created in the last 10 minutes  __________
INFO:root:------------------ connection closed at Thu Jun  2 11:12:57 2022 -----------------------
INFO:root: --connection established at 'Thu Jun  2 11:12:57 2022' timestamp  : 2013-01-02 16:30:00 --
INFO:root:2. fetching conversations
INFO:root:__________  no conversations created in the last 10 minutes  __________
INFO:root:------------------ connection closed at Thu Jun  2 11:12:57 2022 -----------------------
INFO:root: --connection established at 'Thu Jun  2 11:12:57 2022' timestamp  : 2013-01-02 16:30:00 --
INFO:root:3. fetching leads
INFO:root:__________  no leads created in the last 10 minutes  __________
INFO:root:------------------ connection closed at Thu Jun  2 11:12:57 2022 -----------------------
INFO:root: --connection established at 'Thu Jun  2 11:12:57 2022' timestamp  : 2013-01-02 16:30:00 --
INFO:root:4. fetching invoice info
INFO:root:__________  no invoice info created in the last 10 minutes  __________
INFO:root:------------------ connection closed at Thu Jun  2 11:12:57 2022 -----------------------
INFO:root:_____________________________ >39< ___________________________________

INFO:root:--------------------- 10 minute wait ----------------------------
INFO:root: - - - - - - - - - - - - - - - - - - - - - - - 
INFO:root:refreshing tokens at 2013-01-02 16:40:00 
INFO:root:minutes passed = 400 , counter = 40 
INFO:root: - - - - refreshing tokens at Thu Jun  2 11:12:59 2022 - - - - - 
INFO:root:-- response recieved : 
 {"error":"invalid_client"}

 -- at Thu Jun  2 11:13:00 2022  --
INFO:root: - - - - - - - - - - - - - - - - - - - - - - - 
INFO:root: --connection established at 'Thu Jun  2 11:13:00 2022' timestamp  : 2013-01-02 16:40:00 --
INFO:root:1. fetching clients
INFO:root:__________  no clients created in the last 10 minutes  __________
INFO:root:------------------ connection closed at Thu Jun  2 11:13:00 2022 -----------------------
INFO:root: --connection established at 'Thu Jun  2 11:13:00 2022' timestamp  : 2013-01-02 16:40:00 --
INFO:root:2. fetching conversations
INFO:root:__________  no conversations created in the last 10 minutes  __________
INFO:root:------------------ connection closed at Thu Jun  2 11:13:00 2022 -----------------------
INFO:root: --connection established at 'Thu Jun  2 11:13:00 2022' timestamp  : 2013-01-02 16:40:00 --
INFO:root:3. fetching leads
INFO:root:__________  no leads created in the last 10 minutes  __________
INFO:root:------------------ connection closed at Thu Jun  2 11:13:00 2022 -----------------------
INFO:root: --connection established at 'Thu Jun  2 11:13:00 2022' timestamp  : 2013-01-02 16:40:00 --
INFO:root:4. fetching invoice info
INFO:root:__________  no invoice info created in the last 10 minutes  __________
INFO:root:------------------ connection closed at Thu Jun  2 11:13:00 2022 -----------------------
INFO:root:_____________________________ >40< ___________________________________

INFO:root:--------------------- 10 minute wait ----------------------------
INFO:root: --connection established at 'Thu Jun  2 11:13:02 2022' timestamp  : 2013-01-02 16:50:00 --
INFO:root:1. fetching clients
INFO:root:__________  no clients created in the last 10 minutes  __________
INFO:root:------------------ connection closed at Thu Jun  2 11:13:02 2022 -----------------------
INFO:root: --connection established at 'Thu Jun  2 11:13:02 2022' timestamp  : 2013-01-02 16:50:00 --
INFO:root:2. fetching conversations
INFO:root:__________  no conversations created in the last 10 minutes  __________
INFO:root:------------------ connection closed at Thu Jun  2 11:13:02 2022 -----------------------
INFO:root: --connection established at 'Thu Jun  2 11:13:02 2022' timestamp  : 2013-01-02 16:50:00 --
INFO:root:3. fetching leads
INFO:root:__________  no leads created in the last 10 minutes  __________
INFO:root:------------------ connection closed at Thu Jun  2 11:13:02 2022 -----------------------
INFO:root: --connection established at 'Thu Jun  2 11:13:02 2022' timestamp  : 2013-01-02 16:50:00 --
INFO:root:4. fetching invoice info
INFO:root:__________  no invoice info created in the last 10 minutes  __________
INFO:root:------------------ connection closed at Thu Jun  2 11:13:02 2022 -----------------------
INFO:root:_____________________________ >41< ___________________________________

INFO:root:--------------------- 10 minute wait ----------------------------
INFO:root: --connection established at 'Thu Jun  2 11:13:04 2022' timestamp  : 2013-01-02 17:00:00 --
INFO:root:1. fetching clients
INFO:root:__________  no clients created in the last 10 minutes  __________
INFO:root:------------------ connection closed at Thu Jun  2 11:13:04 2022 -----------------------
INFO:root: --connection established at 'Thu Jun  2 11:13:04 2022' timestamp  : 2013-01-02 17:00:00 --
INFO:root:2. fetching conversations
INFO:root:__________  no conversations created in the last 10 minutes  __________
INFO:root:------------------ connection closed at Thu Jun  2 11:13:04 2022 -----------------------
INFO:root: --connection established at 'Thu Jun  2 11:13:04 2022' timestamp  : 2013-01-02 17:00:00 --
INFO:root:3. fetching leads
INFO:root:__________  no leads created in the last 10 minutes  __________
INFO:root:------------------ connection closed at Thu Jun  2 11:13:04 2022 -----------------------
INFO:root: --connection established at 'Thu Jun  2 11:13:04 2022' timestamp  : 2013-01-02 17:00:00 --
INFO:root:4. fetching invoice info
INFO:root:__________  no invoice info created in the last 10 minutes  __________
INFO:root:------------------ connection closed at Thu Jun  2 11:13:04 2022 -----------------------
INFO:root:_____________________________ >42< ___________________________________

INFO:root:--------------------- 10 minute wait ----------------------------
INFO:root: --connection established at 'Thu Jun  2 11:13:06 2022' timestamp  : 2013-01-02 17:10:00 --
INFO:root:1. fetching clients
INFO:root:__________  no clients created in the last 10 minutes  __________
INFO:root:------------------ connection closed at Thu Jun  2 11:13:06 2022 -----------------------
INFO:root: --connection established at 'Thu Jun  2 11:13:06 2022' timestamp  : 2013-01-02 17:10:00 --
INFO:root:2. fetching conversations
INFO:root:__________  no conversations created in the last 10 minutes  __________
INFO:root:------------------ connection closed at Thu Jun  2 11:13:06 2022 -----------------------
INFO:root: --connection established at 'Thu Jun  2 11:13:06 2022' timestamp  : 2013-01-02 17:10:00 --
INFO:root:3. fetching leads
INFO:root:__________  no leads created in the last 10 minutes  __________
INFO:root:------------------ connection closed at Thu Jun  2 11:13:06 2022 -----------------------
INFO:root: --connection established at 'Thu Jun  2 11:13:06 2022' timestamp  : 2013-01-02 17:10:00 --
INFO:root:4. fetching invoice info
INFO:root:__________  no invoice info created in the last 10 minutes  __________
INFO:root:------------------ connection closed at Thu Jun  2 11:13:06 2022 -----------------------
INFO:root:_____________________________ >43< ___________________________________

INFO:root:--------------------- 10 minute wait ----------------------------
INFO:root: --connection established at 'Thu Jun  2 11:13:08 2022' timestamp  : 2013-01-02 17:20:00 --
INFO:root:1. fetching clients
INFO:root:__________  no clients created in the last 10 minutes  __________
INFO:root:------------------ connection closed at Thu Jun  2 11:13:08 2022 -----------------------
INFO:root: --connection established at 'Thu Jun  2 11:13:08 2022' timestamp  : 2013-01-02 17:20:00 --
INFO:root:2. fetching conversations
INFO:root:__________  no conversations created in the last 10 minutes  __________
INFO:root:------------------ connection closed at Thu Jun  2 11:13:08 2022 -----------------------
INFO:root: --connection established at 'Thu Jun  2 11:13:08 2022' timestamp  : 2013-01-02 17:20:00 --
INFO:root:3. fetching leads
INFO:root:__________  no leads created in the last 10 minutes  __________
INFO:root:------------------ connection closed at Thu Jun  2 11:13:08 2022 -----------------------
INFO:root: --connection established at 'Thu Jun  2 11:13:08 2022' timestamp  : 2013-01-02 17:20:00 --
INFO:root:4. fetching invoice info
INFO:root:__________  no invoice info created in the last 10 minutes  __________
INFO:root:------------------ connection closed at Thu Jun  2 11:13:08 2022 -----------------------
INFO:root:_____________________________ >44< ___________________________________

INFO:root:--------------------- 10 minute wait ----------------------------
INFO:root: - - - - - - - - - - - - - - - - - - - - - - - 
INFO:root:refreshing tokens at 2013-01-02 17:30:00 
INFO:root:minutes passed = 450 , counter = 45 
INFO:root: - - - - refreshing tokens at Thu Jun  2 11:13:10 2022 - - - - - 
INFO:root:-- response recieved : 
 {"error":"invalid_client"}

 -- at Thu Jun  2 11:13:10 2022  --
INFO:root: - - - - - - - - - - - - - - - - - - - - - - - 
INFO:root: --connection established at 'Thu Jun  2 11:13:10 2022' timestamp  : 2013-01-02 17:30:00 --
INFO:root:1. fetching clients
INFO:root:__________  no clients created in the last 10 minutes  __________
INFO:root:------------------ connection closed at Thu Jun  2 11:13:10 2022 -----------------------
INFO:root: --connection established at 'Thu Jun  2 11:13:10 2022' timestamp  : 2013-01-02 17:30:00 --
INFO:root:2. fetching conversations
INFO:root:__________  no conversations created in the last 10 minutes  __________
INFO:root:------------------ connection closed at Thu Jun  2 11:13:10 2022 -----------------------
INFO:root: --connection established at 'Thu Jun  2 11:13:10 2022' timestamp  : 2013-01-02 17:30:00 --
INFO:root:3. fetching leads
INFO:root:__________  no leads created in the last 10 minutes  __________
INFO:root:------------------ connection closed at Thu Jun  2 11:13:10 2022 -----------------------
INFO:root: --connection established at 'Thu Jun  2 11:13:10 2022' timestamp  : 2013-01-02 17:30:00 --
INFO:root:4. fetching invoice info
INFO:root:__________  no invoice info created in the last 10 minutes  __________
INFO:root:------------------ connection closed at Thu Jun  2 11:13:10 2022 -----------------------
INFO:root:_____________________________ >45< ___________________________________

INFO:root:--------------------- 10 minute wait ----------------------------
INFO:root: --connection established at 'Thu Jun  2 11:13:12 2022' timestamp  : 2013-01-02 17:40:00 --
INFO:root:1. fetching clients
INFO:root:__________  no clients created in the last 10 minutes  __________
INFO:root:------------------ connection closed at Thu Jun  2 11:13:12 2022 -----------------------
INFO:root: --connection established at 'Thu Jun  2 11:13:12 2022' timestamp  : 2013-01-02 17:40:00 --
INFO:root:2. fetching conversations
INFO:root:__________  no conversations created in the last 10 minutes  __________
INFO:root:------------------ connection closed at Thu Jun  2 11:13:12 2022 -----------------------
INFO:root: --connection established at 'Thu Jun  2 11:13:12 2022' timestamp  : 2013-01-02 17:40:00 --
INFO:root:3. fetching leads
INFO:root:__________  no leads created in the last 10 minutes  __________
INFO:root:------------------ connection closed at Thu Jun  2 11:13:12 2022 -----------------------
INFO:root: --connection established at 'Thu Jun  2 11:13:12 2022' timestamp  : 2013-01-02 17:40:00 --
INFO:root:4. fetching invoice info
INFO:root:__________  no invoice info created in the last 10 minutes  __________
INFO:root:------------------ connection closed at Thu Jun  2 11:13:12 2022 -----------------------
INFO:root:_____________________________ >46< ___________________________________

INFO:root:--------------------- 10 minute wait ----------------------------
INFO:root: --connection established at 'Thu Jun  2 11:13:14 2022' timestamp  : 2013-01-02 17:50:00 --
INFO:root:1. fetching clients
INFO:root:__________  no clients created in the last 10 minutes  __________
INFO:root:------------------ connection closed at Thu Jun  2 11:13:14 2022 -----------------------
INFO:root: --connection established at 'Thu Jun  2 11:13:14 2022' timestamp  : 2013-01-02 17:50:00 --
INFO:root:2. fetching conversations
INFO:root:__________  no conversations created in the last 10 minutes  __________
INFO:root:------------------ connection closed at Thu Jun  2 11:13:14 2022 -----------------------
INFO:root: --connection established at 'Thu Jun  2 11:13:14 2022' timestamp  : 2013-01-02 17:50:00 --
INFO:root:3. fetching leads
INFO:root:__________  no leads created in the last 10 minutes  __________
INFO:root:------------------ connection closed at Thu Jun  2 11:13:14 2022 -----------------------
INFO:root: --connection established at 'Thu Jun  2 11:13:14 2022' timestamp  : 2013-01-02 17:50:00 --
INFO:root:4. fetching invoice info
INFO:root:__________  no invoice info created in the last 10 minutes  __________
INFO:root:------------------ connection closed at Thu Jun  2 11:13:14 2022 -----------------------
INFO:root:_____________________________ >47< ___________________________________

INFO:root:--------------------- 10 minute wait ----------------------------
INFO:root: --connection established at 'Thu Jun  2 11:13:16 2022' timestamp  : 2013-01-02 18:00:00 --
INFO:root:1. fetching clients
INFO:root:__________  no clients created in the last 10 minutes  __________
INFO:root:------------------ connection closed at Thu Jun  2 11:13:16 2022 -----------------------
INFO:root: --connection established at 'Thu Jun  2 11:13:16 2022' timestamp  : 2013-01-02 18:00:00 --
INFO:root:2. fetching conversations
INFO:root:__________  no conversations created in the last 10 minutes  __________
INFO:root:------------------ connection closed at Thu Jun  2 11:13:16 2022 -----------------------
INFO:root: --connection established at 'Thu Jun  2 11:13:16 2022' timestamp  : 2013-01-02 18:00:00 --
INFO:root:3. fetching leads
INFO:root:__________  no leads created in the last 10 minutes  __________
INFO:root:------------------ connection closed at Thu Jun  2 11:13:16 2022 -----------------------
INFO:root: --connection established at 'Thu Jun  2 11:13:16 2022' timestamp  : 2013-01-02 18:00:00 --
INFO:root:4. fetching invoice info
INFO:root:__________  no invoice info created in the last 10 minutes  __________
INFO:root:------------------ connection closed at Thu Jun  2 11:13:16 2022 -----------------------
INFO:root:_____________________________ >48< ___________________________________

INFO:root:--------------------- 10 minute wait ----------------------------
INFO:root: --connection established at 'Thu Jun  2 11:13:18 2022' timestamp  : 2013-01-02 18:10:00 --
INFO:root:1. fetching clients
INFO:root:__________  no clients created in the last 10 minutes  __________
INFO:root:------------------ connection closed at Thu Jun  2 11:13:18 2022 -----------------------
INFO:root: --connection established at 'Thu Jun  2 11:13:18 2022' timestamp  : 2013-01-02 18:10:00 --
INFO:root:2. fetching conversations
INFO:root:__________  no conversations created in the last 10 minutes  __________
INFO:root:------------------ connection closed at Thu Jun  2 11:13:18 2022 -----------------------
INFO:root: --connection established at 'Thu Jun  2 11:13:18 2022' timestamp  : 2013-01-02 18:10:00 --
INFO:root:3. fetching leads
INFO:root:__________  no leads created in the last 10 minutes  __________
INFO:root:------------------ connection closed at Thu Jun  2 11:13:18 2022 -----------------------
INFO:root: --connection established at 'Thu Jun  2 11:13:18 2022' timestamp  : 2013-01-02 18:10:00 --
INFO:root:4. fetching invoice info
INFO:root:__________  no invoice info created in the last 10 minutes  __________
INFO:root:------------------ connection closed at Thu Jun  2 11:13:18 2022 -----------------------
INFO:root:_____________________________ >49< ___________________________________

INFO:root:--------------------- 10 minute wait ----------------------------
INFO:root: - - - - - - - - - - - - - - - - - - - - - - - 
INFO:root:refreshing tokens at 2013-01-02 18:20:00 
INFO:root:minutes passed = 500 , counter = 50 
INFO:root: - - - - refreshing tokens at Thu Jun  2 11:13:20 2022 - - - - - 
INFO:root:-- response recieved : 
 {"error":"invalid_client"}

 -- at Thu Jun  2 11:13:21 2022  --
INFO:root: - - - - - - - - - - - - - - - - - - - - - - - 
INFO:root: --connection established at 'Thu Jun  2 11:13:21 2022' timestamp  : 2013-01-02 18:20:00 --
INFO:root:1. fetching clients
INFO:root:__________  no clients created in the last 10 minutes  __________
INFO:root:------------------ connection closed at Thu Jun  2 11:13:21 2022 -----------------------
INFO:root: --connection established at 'Thu Jun  2 11:13:21 2022' timestamp  : 2013-01-02 18:20:00 --
INFO:root:2. fetching conversations
INFO:root:__________  no conversations created in the last 10 minutes  __________
INFO:root:------------------ connection closed at Thu Jun  2 11:13:21 2022 -----------------------
INFO:root: --connection established at 'Thu Jun  2 11:13:21 2022' timestamp  : 2013-01-02 18:20:00 --
INFO:root:3. fetching leads
INFO:root:__________  no leads created in the last 10 minutes  __________
INFO:root:------------------ connection closed at Thu Jun  2 11:13:21 2022 -----------------------
INFO:root: --connection established at 'Thu Jun  2 11:13:21 2022' timestamp  : 2013-01-02 18:20:00 --
INFO:root:4. fetching invoice info
INFO:root:__________  no invoice info created in the last 10 minutes  __________
INFO:root:------------------ connection closed at Thu Jun  2 11:13:21 2022 -----------------------
INFO:root:_____________________________ >50< ___________________________________

INFO:root:--------------------- 10 minute wait ----------------------------
INFO:root: --connection established at 'Thu Jun  2 11:13:23 2022' timestamp  : 2013-01-02 18:30:00 --
INFO:root:1. fetching clients
INFO:root:__________  no clients created in the last 10 minutes  __________
INFO:root:------------------ connection closed at Thu Jun  2 11:13:23 2022 -----------------------
INFO:root: --connection established at 'Thu Jun  2 11:13:23 2022' timestamp  : 2013-01-02 18:30:00 --
INFO:root:2. fetching conversations
INFO:root:__________  no conversations created in the last 10 minutes  __________
INFO:root:------------------ connection closed at Thu Jun  2 11:13:23 2022 -----------------------
INFO:root: --connection established at 'Thu Jun  2 11:13:23 2022' timestamp  : 2013-01-02 18:30:00 --
INFO:root:3. fetching leads
INFO:root:__________  no leads created in the last 10 minutes  __________
INFO:root:------------------ connection closed at Thu Jun  2 11:13:23 2022 -----------------------
INFO:root: --connection established at 'Thu Jun  2 11:13:23 2022' timestamp  : 2013-01-02 18:30:00 --
INFO:root:4. fetching invoice info
INFO:root:__________  no invoice info created in the last 10 minutes  __________
INFO:root:------------------ connection closed at Thu Jun  2 11:13:23 2022 -----------------------
INFO:root:_____________________________ >51< ___________________________________

INFO:root:--------------------- 10 minute wait ----------------------------
INFO:root: --connection established at 'Thu Jun  2 11:13:25 2022' timestamp  : 2013-01-02 18:40:00 --
INFO:root:1. fetching clients
INFO:root:__________  no clients created in the last 10 minutes  __________
INFO:root:------------------ connection closed at Thu Jun  2 11:13:25 2022 -----------------------
INFO:root: --connection established at 'Thu Jun  2 11:13:25 2022' timestamp  : 2013-01-02 18:40:00 --
INFO:root:2. fetching conversations
INFO:root:__________  no conversations created in the last 10 minutes  __________
INFO:root:------------------ connection closed at Thu Jun  2 11:13:25 2022 -----------------------
INFO:root: --connection established at 'Thu Jun  2 11:13:25 2022' timestamp  : 2013-01-02 18:40:00 --
INFO:root:3. fetching leads
INFO:root:__________  no leads created in the last 10 minutes  __________
INFO:root:------------------ connection closed at Thu Jun  2 11:13:25 2022 -----------------------
INFO:root: --connection established at 'Thu Jun  2 11:13:25 2022' timestamp  : 2013-01-02 18:40:00 --
INFO:root:4. fetching invoice info
INFO:root:__________  no invoice info created in the last 10 minutes  __________
INFO:root:------------------ connection closed at Thu Jun  2 11:13:25 2022 -----------------------
INFO:root:_____________________________ >52< ___________________________________

INFO:root:--------------------- 10 minute wait ----------------------------
INFO:root: --connection established at 'Thu Jun  2 11:13:27 2022' timestamp  : 2013-01-02 18:50:00 --
INFO:root:1. fetching clients
INFO:root:__________  no clients created in the last 10 minutes  __________
INFO:root:------------------ connection closed at Thu Jun  2 11:13:27 2022 -----------------------
INFO:root: --connection established at 'Thu Jun  2 11:13:27 2022' timestamp  : 2013-01-02 18:50:00 --
INFO:root:2. fetching conversations
INFO:root:__________  no conversations created in the last 10 minutes  __________
INFO:root:------------------ connection closed at Thu Jun  2 11:13:27 2022 -----------------------
INFO:root: --connection established at 'Thu Jun  2 11:13:27 2022' timestamp  : 2013-01-02 18:50:00 --
INFO:root:3. fetching leads
INFO:root:__________  no leads created in the last 10 minutes  __________
INFO:root:------------------ connection closed at Thu Jun  2 11:13:27 2022 -----------------------
INFO:root: --connection established at 'Thu Jun  2 11:13:27 2022' timestamp  : 2013-01-02 18:50:00 --
INFO:root:4. fetching invoice info
INFO:root:__________  no invoice info created in the last 10 minutes  __________
INFO:root:------------------ connection closed at Thu Jun  2 11:13:27 2022 -----------------------
INFO:root:_____________________________ >53< ___________________________________

INFO:root:--------------------- 10 minute wait ----------------------------
INFO:root: --connection established at 'Thu Jun  2 11:13:29 2022' timestamp  : 2013-01-02 19:00:00 --
INFO:root:1. fetching clients
INFO:root:__________  no clients created in the last 10 minutes  __________
INFO:root:------------------ connection closed at Thu Jun  2 11:13:29 2022 -----------------------
INFO:root: --connection established at 'Thu Jun  2 11:13:29 2022' timestamp  : 2013-01-02 19:00:00 --
INFO:root:2. fetching conversations
INFO:root:__________  no conversations created in the last 10 minutes  __________
INFO:root:------------------ connection closed at Thu Jun  2 11:13:29 2022 -----------------------
INFO:root: --connection established at 'Thu Jun  2 11:13:29 2022' timestamp  : 2013-01-02 19:00:00 --
INFO:root:3. fetching leads
INFO:root:__________  no leads created in the last 10 minutes  __________
INFO:root:------------------ connection closed at Thu Jun  2 11:13:29 2022 -----------------------
INFO:root: --connection established at 'Thu Jun  2 11:13:29 2022' timestamp  : 2013-01-02 19:00:00 --
INFO:root:4. fetching invoice info
INFO:root:__________  no invoice info created in the last 10 minutes  __________
INFO:root:------------------ connection closed at Thu Jun  2 11:13:29 2022 -----------------------
INFO:root:_____________________________ >54< ___________________________________

INFO:root:--------------------- 10 minute wait ----------------------------
INFO:root: - - - - - - - - - - - - - - - - - - - - - - - 
INFO:root:refreshing tokens at 2013-01-02 19:10:00 
INFO:root:minutes passed = 550 , counter = 55 
INFO:root: - - - - refreshing tokens at Thu Jun  2 11:13:31 2022 - - - - - 
INFO:root:-- response recieved : 
 {"error":"invalid_client"}

 -- at Thu Jun  2 11:13:31 2022  --
INFO:root: - - - - - - - - - - - - - - - - - - - - - - - 
INFO:root: --connection established at 'Thu Jun  2 11:13:31 2022' timestamp  : 2013-01-02 19:10:00 --
INFO:root:1. fetching clients
INFO:root:__________  no clients created in the last 10 minutes  __________
INFO:root:------------------ connection closed at Thu Jun  2 11:13:31 2022 -----------------------
INFO:root: --connection established at 'Thu Jun  2 11:13:31 2022' timestamp  : 2013-01-02 19:10:00 --
INFO:root:2. fetching conversations
INFO:root:__________  no conversations created in the last 10 minutes  __________
INFO:root:------------------ connection closed at Thu Jun  2 11:13:31 2022 -----------------------
INFO:root: --connection established at 'Thu Jun  2 11:13:31 2022' timestamp  : 2013-01-02 19:10:00 --
INFO:root:3. fetching leads
INFO:root:__________  no leads created in the last 10 minutes  __________
INFO:root:------------------ connection closed at Thu Jun  2 11:13:31 2022 -----------------------
INFO:root: --connection established at 'Thu Jun  2 11:13:31 2022' timestamp  : 2013-01-02 19:10:00 --
INFO:root:4. fetching invoice info
INFO:root:__________  no invoice info created in the last 10 minutes  __________
INFO:root:------------------ connection closed at Thu Jun  2 11:13:31 2022 -----------------------
INFO:root:_____________________________ >55< ___________________________________

INFO:root:--------------------- 10 minute wait ----------------------------
INFO:root: --connection established at 'Thu Jun  2 11:13:33 2022' timestamp  : 2013-01-02 19:20:00 --
INFO:root:1. fetching clients
INFO:root:__________  no clients created in the last 10 minutes  __________
INFO:root:------------------ connection closed at Thu Jun  2 11:13:33 2022 -----------------------
INFO:root: --connection established at 'Thu Jun  2 11:13:33 2022' timestamp  : 2013-01-02 19:20:00 --
INFO:root:2. fetching conversations
INFO:root:__________  no conversations created in the last 10 minutes  __________
INFO:root:------------------ connection closed at Thu Jun  2 11:13:33 2022 -----------------------
INFO:root: --connection established at 'Thu Jun  2 11:13:33 2022' timestamp  : 2013-01-02 19:20:00 --
INFO:root:3. fetching leads
INFO:root:__________  no leads created in the last 10 minutes  __________
INFO:root:------------------ connection closed at Thu Jun  2 11:13:33 2022 -----------------------
INFO:root: --connection established at 'Thu Jun  2 11:13:33 2022' timestamp  : 2013-01-02 19:20:00 --
INFO:root:4. fetching invoice info
INFO:root:__________  no invoice info created in the last 10 minutes  __________
INFO:root:------------------ connection closed at Thu Jun  2 11:13:33 2022 -----------------------
INFO:root:_____________________________ >56< ___________________________________

INFO:root:--------------------- 10 minute wait ----------------------------
INFO:root: --connection established at 'Thu Jun  2 11:13:35 2022' timestamp  : 2013-01-02 19:30:00 --
INFO:root:1. fetching clients
INFO:root:__________  no clients created in the last 10 minutes  __________
INFO:root:------------------ connection closed at Thu Jun  2 11:13:35 2022 -----------------------
INFO:root: --connection established at 'Thu Jun  2 11:13:35 2022' timestamp  : 2013-01-02 19:30:00 --
INFO:root:2. fetching conversations
INFO:root:__________  no conversations created in the last 10 minutes  __________
INFO:root:------------------ connection closed at Thu Jun  2 11:13:35 2022 -----------------------
INFO:root: --connection established at 'Thu Jun  2 11:13:35 2022' timestamp  : 2013-01-02 19:30:00 --
INFO:root:3. fetching leads
INFO:root:__________  no leads created in the last 10 minutes  __________
INFO:root:------------------ connection closed at Thu Jun  2 11:13:35 2022 -----------------------
INFO:root: --connection established at 'Thu Jun  2 11:13:35 2022' timestamp  : 2013-01-02 19:30:00 --
INFO:root:4. fetching invoice info
INFO:root:__________  no invoice info created in the last 10 minutes  __________
INFO:root:------------------ connection closed at Thu Jun  2 11:13:35 2022 -----------------------
INFO:root:_____________________________ >57< ___________________________________

INFO:root:--------------------- 10 minute wait ----------------------------
INFO:root: --connection established at 'Thu Jun  2 11:13:37 2022' timestamp  : 2013-01-02 19:40:00 --
INFO:root:1. fetching clients
INFO:root:__________  no clients created in the last 10 minutes  __________
INFO:root:------------------ connection closed at Thu Jun  2 11:13:37 2022 -----------------------
INFO:root: --connection established at 'Thu Jun  2 11:13:37 2022' timestamp  : 2013-01-02 19:40:00 --
INFO:root:2. fetching conversations
INFO:root:__________  no conversations created in the last 10 minutes  __________
INFO:root:------------------ connection closed at Thu Jun  2 11:13:37 2022 -----------------------
INFO:root: --connection established at 'Thu Jun  2 11:13:37 2022' timestamp  : 2013-01-02 19:40:00 --
INFO:root:3. fetching leads
INFO:root:__________  no leads created in the last 10 minutes  __________
INFO:root:------------------ connection closed at Thu Jun  2 11:13:37 2022 -----------------------
INFO:root: --connection established at 'Thu Jun  2 11:13:37 2022' timestamp  : 2013-01-02 19:40:00 --
INFO:root:4. fetching invoice info
INFO:root:__________  no invoice info created in the last 10 minutes  __________
INFO:root:------------------ connection closed at Thu Jun  2 11:13:37 2022 -----------------------
INFO:root:_____________________________ >58< ___________________________________

INFO:root:--------------------- 10 minute wait ----------------------------
INFO:root: --connection established at 'Thu Jun  2 11:13:39 2022' timestamp  : 2013-01-02 19:50:00 --
INFO:root:1. fetching clients
INFO:root:__________  no clients created in the last 10 minutes  __________
INFO:root:------------------ connection closed at Thu Jun  2 11:13:39 2022 -----------------------
INFO:root: --connection established at 'Thu Jun  2 11:13:39 2022' timestamp  : 2013-01-02 19:50:00 --
INFO:root:2. fetching conversations
INFO:root:__________  no conversations created in the last 10 minutes  __________
INFO:root:------------------ connection closed at Thu Jun  2 11:13:39 2022 -----------------------
INFO:root: --connection established at 'Thu Jun  2 11:13:39 2022' timestamp  : 2013-01-02 19:50:00 --
INFO:root:3. fetching leads
INFO:root:__________  no leads created in the last 10 minutes  __________
INFO:root:------------------ connection closed at Thu Jun  2 11:13:39 2022 -----------------------
INFO:root: --connection established at 'Thu Jun  2 11:13:39 2022' timestamp  : 2013-01-02 19:50:00 --
INFO:root:4. fetching invoice info
INFO:root:__________  no invoice info created in the last 10 minutes  __________
INFO:root:------------------ connection closed at Thu Jun  2 11:13:39 2022 -----------------------
INFO:root:_____________________________ >59< ___________________________________

INFO:root:--------------------- 10 minute wait ----------------------------
INFO:root: - - - - - - - - - - - - - - - - - - - - - - - 
INFO:root:refreshing tokens at 2013-01-02 20:00:00 
INFO:root:minutes passed = 600 , counter = 60 
INFO:root: - - - - refreshing tokens at Thu Jun  2 11:13:41 2022 - - - - - 
INFO:root:-- response recieved : 
 {"error":"invalid_client"}

 -- at Thu Jun  2 11:13:46 2022  --
INFO:root: - - - - - - - - - - - - - - - - - - - - - - - 
INFO:root: --connection established at 'Thu Jun  2 11:13:46 2022' timestamp  : 2013-01-02 20:00:00 --
INFO:root:1. fetching clients
INFO:root:__________  no clients created in the last 10 minutes  __________
INFO:root:------------------ connection closed at Thu Jun  2 11:13:46 2022 -----------------------
INFO:root: --connection established at 'Thu Jun  2 11:13:47 2022' timestamp  : 2013-01-02 20:00:00 --
INFO:root:2. fetching conversations
INFO:root:__________  no conversations created in the last 10 minutes  __________
INFO:root:------------------ connection closed at Thu Jun  2 11:13:47 2022 -----------------------
INFO:root: --connection established at 'Thu Jun  2 11:13:47 2022' timestamp  : 2013-01-02 20:00:00 --
INFO:root:3. fetching leads
INFO:root:__________  no leads created in the last 10 minutes  __________
INFO:root:------------------ connection closed at Thu Jun  2 11:13:47 2022 -----------------------
INFO:root: --connection established at 'Thu Jun  2 11:13:47 2022' timestamp  : 2013-01-02 20:00:00 --
INFO:root:4. fetching invoice info
INFO:root:__________  no invoice info created in the last 10 minutes  __________
INFO:root:------------------ connection closed at Thu Jun  2 11:13:47 2022 -----------------------
INFO:root:_____________________________ >60< ___________________________________

INFO:root:--------------------- 10 minute wait ----------------------------
INFO:root: --connection established at 'Thu Jun  2 11:13:49 2022' timestamp  : 2013-01-02 20:10:00 --
INFO:root:1. fetching clients
INFO:root:__________  no clients created in the last 10 minutes  __________
INFO:root:------------------ connection closed at Thu Jun  2 11:13:49 2022 -----------------------
INFO:root: --connection established at 'Thu Jun  2 11:13:49 2022' timestamp  : 2013-01-02 20:10:00 --
INFO:root:2. fetching conversations
INFO:root:__________  no conversations created in the last 10 minutes  __________
INFO:root:------------------ connection closed at Thu Jun  2 11:13:49 2022 -----------------------
INFO:root: --connection established at 'Thu Jun  2 11:13:49 2022' timestamp  : 2013-01-02 20:10:00 --
INFO:root:3. fetching leads
INFO:root:__________  no leads created in the last 10 minutes  __________
INFO:root:------------------ connection closed at Thu Jun  2 11:13:49 2022 -----------------------
INFO:root: --connection established at 'Thu Jun  2 11:13:49 2022' timestamp  : 2013-01-02 20:10:00 --
INFO:root:4. fetching invoice info
INFO:root:__________  no invoice info created in the last 10 minutes  __________
INFO:root:------------------ connection closed at Thu Jun  2 11:13:49 2022 -----------------------
INFO:root:_____________________________ >61< ___________________________________

INFO:root:-- operations closed at Thu Jun  2 11:13:49 2022 (test time = 2015 Jan 3 10:00) --
INFO:root:
total:
 clients 0 ,
 conversations 0 ,
 leads 0,
 invoice info 0
