INFO:root:-- operations started at Thu Jun  2 10:34:39 2022 (test time = 2014 09 23  10:00) --
INFO:root:-- not calling generateAccessToken because already called  (test time = 2014 09 23  10:00) --
INFO:root:--------------------- 10 minute wait ----------------------------
INFO:root: --connection established at 'Thu Jun  2 10:34:41 2022' timestamp  : 2014-09-23 10:10:00 --
INFO:root:1. fetching clients
INFO:root:__________  no clients created in the last 10 minutes  __________
INFO:root:------------------ connection closed at Thu Jun  2 10:34:41 2022 -----------------------
INFO:root: --connection established at 'Thu Jun  2 10:34:41 2022' timestamp  : 2014-09-23 10:10:00 --
INFO:root:2. fetching conversations
INFO:root:__________  no conversations created in the last 10 minutes  __________
INFO:root:------------------ connection closed at Thu Jun  2 10:34:41 2022 -----------------------
INFO:root: --connection established at 'Thu Jun  2 10:34:41 2022' timestamp  : 2014-09-23 10:10:00 --
INFO:root:3. fetching leads
INFO:root:__________  no leads created in the last 10 minutes  __________
INFO:root:------------------ connection closed at Thu Jun  2 10:34:41 2022 -----------------------
INFO:root: --connection established at 'Thu Jun  2 10:34:41 2022' timestamp  : 2014-09-23 10:10:00 --
INFO:root:4. fetching invoice info
INFO:root:__________  no invoice info created in the last 10 minutes  __________
INFO:root:------------------ connection closed at Thu Jun  2 10:34:41 2022 -----------------------
INFO:root:_____________________________ 1 ___________________________________

INFO:root:--------------------- 10 minute wait ----------------------------
INFO:root: --connection established at 'Thu Jun  2 10:34:43 2022' timestamp  : 2014-09-23 10:20:00 --
INFO:root:1. fetching clients
INFO:root:__________  no clients created in the last 10 minutes  __________
INFO:root:------------------ connection closed at Thu Jun  2 10:34:43 2022 -----------------------
INFO:root: --connection established at 'Thu Jun  2 10:34:43 2022' timestamp  : 2014-09-23 10:20:00 --
INFO:root:2. fetching conversations
INFO:root:__________  no conversations created in the last 10 minutes  __________
INFO:root:------------------ connection closed at Thu Jun  2 10:34:43 2022 -----------------------
INFO:root: --connection established at 'Thu Jun  2 10:34:43 2022' timestamp  : 2014-09-23 10:20:00 --
INFO:root:3. fetching leads
INFO:root:__________  no leads created in the last 10 minutes  __________
INFO:root:------------------ connection closed at Thu Jun  2 10:34:43 2022 -----------------------
INFO:root: --connection established at 'Thu Jun  2 10:34:43 2022' timestamp  : 2014-09-23 10:20:00 --
INFO:root:4. fetching invoice info
INFO:root:__________  no invoice info created in the last 10 minutes  __________
INFO:root:------------------ connection closed at Thu Jun  2 10:34:43 2022 -----------------------
INFO:root:_____________________________ 2 ___________________________________

INFO:root:--------------------- 10 minute wait ----------------------------
INFO:root: --connection established at 'Thu Jun  2 10:34:45 2022' timestamp  : 2014-09-23 10:30:00 --
INFO:root:1. fetching clients
INFO:root:__________  no clients created in the last 10 minutes  __________
INFO:root:------------------ connection closed at Thu Jun  2 10:34:45 2022 -----------------------
INFO:root: --connection established at 'Thu Jun  2 10:34:45 2022' timestamp  : 2014-09-23 10:30:00 --
INFO:root:2. fetching conversations
INFO:root:__________  no conversations created in the last 10 minutes  __________
INFO:root:------------------ connection closed at Thu Jun  2 10:34:45 2022 -----------------------
INFO:root: --connection established at 'Thu Jun  2 10:34:45 2022' timestamp  : 2014-09-23 10:30:00 --
INFO:root:3. fetching leads
INFO:root:__________  no leads created in the last 10 minutes  __________
INFO:root:------------------ connection closed at Thu Jun  2 10:34:45 2022 -----------------------
INFO:root: --connection established at 'Thu Jun  2 10:34:45 2022' timestamp  : 2014-09-23 10:30:00 --
INFO:root:4. fetching invoice info
INFO:root:__________  no invoice info created in the last 10 minutes  __________
INFO:root:------------------ connection closed at Thu Jun  2 10:34:45 2022 -----------------------
INFO:root:_____________________________ 3 ___________________________________

INFO:root:--------------------- 10 minute wait ----------------------------
INFO:root:minutes passed = 40 , counter = 4 
INFO:root: - - - - refreshing tokens at Thu Jun  2 10:34:47 2022 - - - - - 
INFO:root:-- response recieved : 
 {"error":"invalid_code"}

 -- at Thu Jun  2 10:34:47 2022  --
INFO:root: --connection established at 'Thu Jun  2 10:34:47 2022' timestamp  : 2014-09-23 10:40:00 --
INFO:root:1. fetching clients
INFO:root:__________  no clients created in the last 10 minutes  __________
INFO:root:------------------ connection closed at Thu Jun  2 10:34:47 2022 -----------------------
INFO:root: --connection established at 'Thu Jun  2 10:34:47 2022' timestamp  : 2014-09-23 10:40:00 --
INFO:root:2. fetching conversations
INFO:root:__________  no conversations created in the last 10 minutes  __________
INFO:root:------------------ connection closed at Thu Jun  2 10:34:47 2022 -----------------------
INFO:root: --connection established at 'Thu Jun  2 10:34:47 2022' timestamp  : 2014-09-23 10:40:00 --
INFO:root:3. fetching leads
INFO:root:__________  no leads created in the last 10 minutes  __________
INFO:root:------------------ connection closed at Thu Jun  2 10:34:47 2022 -----------------------
INFO:root: --connection established at 'Thu Jun  2 10:34:47 2022' timestamp  : 2014-09-23 10:40:00 --
INFO:root:4. fetching invoice info
INFO:root:__________  no invoice info created in the last 10 minutes  __________
INFO:root:------------------ connection closed at Thu Jun  2 10:34:47 2022 -----------------------
INFO:root:_____________________________ 4 ___________________________________

INFO:root:--------------------- 10 minute wait ----------------------------
INFO:root: --connection established at 'Thu Jun  2 10:34:49 2022' timestamp  : 2014-09-23 10:50:00 --
INFO:root:1. fetching clients
INFO:root:__________  no clients created in the last 10 minutes  __________
INFO:root:------------------ connection closed at Thu Jun  2 10:34:49 2022 -----------------------
INFO:root: --connection established at 'Thu Jun  2 10:34:49 2022' timestamp  : 2014-09-23 10:50:00 --
INFO:root:2. fetching conversations
INFO:root:__________  no conversations created in the last 10 minutes  __________
INFO:root:------------------ connection closed at Thu Jun  2 10:34:49 2022 -----------------------
INFO:root: --connection established at 'Thu Jun  2 10:34:49 2022' timestamp  : 2014-09-23 10:50:00 --
INFO:root:3. fetching leads
INFO:root:__________  no leads created in the last 10 minutes  __________
INFO:root:------------------ connection closed at Thu Jun  2 10:34:49 2022 -----------------------
INFO:root: --connection established at 'Thu Jun  2 10:34:49 2022' timestamp  : 2014-09-23 10:50:00 --
INFO:root:4. fetching invoice info
INFO:root:__________  no invoice info created in the last 10 minutes  __________
INFO:root:------------------ connection closed at Thu Jun  2 10:34:49 2022 -----------------------
INFO:root:_____________________________ 5 ___________________________________

INFO:root:--------------------- 10 minute wait ----------------------------
INFO:root: --connection established at 'Thu Jun  2 10:34:51 2022' timestamp  : 2014-09-23 11:00:00 --
INFO:root:1. fetching clients
INFO:root:__________  no clients created in the last 10 minutes  __________
INFO:root:------------------ connection closed at Thu Jun  2 10:34:51 2022 -----------------------
INFO:root: --connection established at 'Thu Jun  2 10:34:51 2022' timestamp  : 2014-09-23 11:00:00 --
INFO:root:2. fetching conversations
INFO:root:__________  no conversations created in the last 10 minutes  __________
INFO:root:------------------ connection closed at Thu Jun  2 10:34:51 2022 -----------------------
INFO:root: --connection established at 'Thu Jun  2 10:34:51 2022' timestamp  : 2014-09-23 11:00:00 --
INFO:root:3. fetching leads
INFO:root:__________  no leads created in the last 10 minutes  __________
INFO:root:------------------ connection closed at Thu Jun  2 10:34:51 2022 -----------------------
INFO:root: --connection established at 'Thu Jun  2 10:34:51 2022' timestamp  : 2014-09-23 11:00:00 --
INFO:root:4. fetching invoice info
INFO:root:__________  no invoice info created in the last 10 minutes  __________
INFO:root:------------------ connection closed at Thu Jun  2 10:34:51 2022 -----------------------
INFO:root:_____________________________ 6 ___________________________________

INFO:root:--------------------- 10 minute wait ----------------------------
INFO:root: --connection established at 'Thu Jun  2 10:34:53 2022' timestamp  : 2014-09-23 11:10:00 --
INFO:root:1. fetching clients
INFO:root:__________  no clients created in the last 10 minutes  __________
INFO:root:------------------ connection closed at Thu Jun  2 10:34:53 2022 -----------------------
INFO:root: --connection established at 'Thu Jun  2 10:34:53 2022' timestamp  : 2014-09-23 11:10:00 --
INFO:root:2. fetching conversations
INFO:root:__________  no conversations created in the last 10 minutes  __________
INFO:root:------------------ connection closed at Thu Jun  2 10:34:53 2022 -----------------------
INFO:root: --connection established at 'Thu Jun  2 10:34:53 2022' timestamp  : 2014-09-23 11:10:00 --
INFO:root:3. fetching leads
INFO:root:__________  no leads created in the last 10 minutes  __________
INFO:root:------------------ connection closed at Thu Jun  2 10:34:53 2022 -----------------------
INFO:root: --connection established at 'Thu Jun  2 10:34:53 2022' timestamp  : 2014-09-23 11:10:00 --
INFO:root:4. fetching invoice info
INFO:root:__________  no invoice info created in the last 10 minutes  __________
INFO:root:------------------ connection closed at Thu Jun  2 10:34:53 2022 -----------------------
INFO:root:_____________________________ 7 ___________________________________

INFO:root:--------------------- 10 minute wait ----------------------------
INFO:root:minutes passed = 80 , counter = 8 
INFO:root: - - - - refreshing tokens at Thu Jun  2 10:34:55 2022 - - - - - 
INFO:root:-- response recieved : 
 {"error":"invalid_code"}

 -- at Thu Jun  2 10:34:56 2022  --
INFO:root: --connection established at 'Thu Jun  2 10:34:56 2022' timestamp  : 2014-09-23 11:20:00 --
INFO:root:1. fetching clients
INFO:root:__________  no clients created in the last 10 minutes  __________
INFO:root:------------------ connection closed at Thu Jun  2 10:34:56 2022 -----------------------
INFO:root: --connection established at 'Thu Jun  2 10:34:56 2022' timestamp  : 2014-09-23 11:20:00 --
INFO:root:2. fetching conversations
INFO:root:__________  no conversations created in the last 10 minutes  __________
INFO:root:------------------ connection closed at Thu Jun  2 10:34:56 2022 -----------------------
INFO:root: --connection established at 'Thu Jun  2 10:34:56 2022' timestamp  : 2014-09-23 11:20:00 --
INFO:root:3. fetching leads
INFO:root:__________  no leads created in the last 10 minutes  __________
INFO:root:------------------ connection closed at Thu Jun  2 10:34:56 2022 -----------------------
INFO:root: --connection established at 'Thu Jun  2 10:34:56 2022' timestamp  : 2014-09-23 11:20:00 --
INFO:root:4. fetching invoice info
INFO:root:__________  no invoice info created in the last 10 minutes  __________
INFO:root:------------------ connection closed at Thu Jun  2 10:34:56 2022 -----------------------
INFO:root:_____________________________ 8 ___________________________________

INFO:root:--------------------- 10 minute wait ----------------------------
INFO:root: --connection established at 'Thu Jun  2 10:34:58 2022' timestamp  : 2014-09-23 11:30:00 --
INFO:root:1. fetching clients
INFO:root:__________  no clients created in the last 10 minutes  __________
INFO:root:------------------ connection closed at Thu Jun  2 10:34:58 2022 -----------------------
INFO:root: --connection established at 'Thu Jun  2 10:34:58 2022' timestamp  : 2014-09-23 11:30:00 --
INFO:root:2. fetching conversations
INFO:root:__________  no conversations created in the last 10 minutes  __________
INFO:root:------------------ connection closed at Thu Jun  2 10:34:58 2022 -----------------------
INFO:root: --connection established at 'Thu Jun  2 10:34:58 2022' timestamp  : 2014-09-23 11:30:00 --
INFO:root:3. fetching leads
INFO:root:__________  no leads created in the last 10 minutes  __________
INFO:root:------------------ connection closed at Thu Jun  2 10:34:58 2022 -----------------------
INFO:root: --connection established at 'Thu Jun  2 10:34:58 2022' timestamp  : 2014-09-23 11:30:00 --
INFO:root:4. fetching invoice info
INFO:root:__________  no invoice info created in the last 10 minutes  __________
INFO:root:------------------ connection closed at Thu Jun  2 10:34:58 2022 -----------------------
INFO:root:_____________________________ 9 ___________________________________

INFO:root:--------------------- 10 minute wait ----------------------------
INFO:root: --connection established at 'Thu Jun  2 10:35:00 2022' timestamp  : 2014-09-23 11:40:00 --
INFO:root:1. fetching clients
INFO:root:__________  no clients created in the last 10 minutes  __________
INFO:root:------------------ connection closed at Thu Jun  2 10:35:00 2022 -----------------------
INFO:root: --connection established at 'Thu Jun  2 10:35:00 2022' timestamp  : 2014-09-23 11:40:00 --
INFO:root:2. fetching conversations
INFO:root:__________  no conversations created in the last 10 minutes  __________
INFO:root:------------------ connection closed at Thu Jun  2 10:35:00 2022 -----------------------
INFO:root: --connection established at 'Thu Jun  2 10:35:00 2022' timestamp  : 2014-09-23 11:40:00 --
INFO:root:3. fetching leads
INFO:root:__________  no leads created in the last 10 minutes  __________
INFO:root:------------------ connection closed at Thu Jun  2 10:35:00 2022 -----------------------
INFO:root: --connection established at 'Thu Jun  2 10:35:00 2022' timestamp  : 2014-09-23 11:40:00 --
INFO:root:4. fetching invoice info
INFO:root:__________  no invoice info created in the last 10 minutes  __________
INFO:root:------------------ connection closed at Thu Jun  2 10:35:00 2022 -----------------------
INFO:root:_____________________________ 10 ___________________________________

INFO:root:--------------------- 10 minute wait ----------------------------
INFO:root: --connection established at 'Thu Jun  2 10:35:02 2022' timestamp  : 2014-09-23 11:50:00 --
INFO:root:1. fetching clients
INFO:root:__________  no clients created in the last 10 minutes  __________
INFO:root:------------------ connection closed at Thu Jun  2 10:35:02 2022 -----------------------
INFO:root: --connection established at 'Thu Jun  2 10:35:02 2022' timestamp  : 2014-09-23 11:50:00 --
INFO:root:2. fetching conversations
INFO:root:__________  no conversations created in the last 10 minutes  __________
INFO:root:------------------ connection closed at Thu Jun  2 10:35:02 2022 -----------------------
INFO:root: --connection established at 'Thu Jun  2 10:35:02 2022' timestamp  : 2014-09-23 11:50:00 --
INFO:root:3. fetching leads
INFO:root:__________  no leads created in the last 10 minutes  __________
INFO:root:------------------ connection closed at Thu Jun  2 10:35:02 2022 -----------------------
INFO:root: --connection established at 'Thu Jun  2 10:35:02 2022' timestamp  : 2014-09-23 11:50:00 --
INFO:root:4. fetching invoice info
INFO:root:__________  no invoice info created in the last 10 minutes  __________
INFO:root:------------------ connection closed at Thu Jun  2 10:35:02 2022 -----------------------
INFO:root:_____________________________ 11 ___________________________________

INFO:root:--------------------- 10 minute wait ----------------------------
INFO:root:minutes passed = 120 , counter = 12 
INFO:root: - - - - refreshing tokens at Thu Jun  2 10:35:04 2022 - - - - - 
INFO:root:-- response recieved : 
 {"error":"invalid_code"}

 -- at Thu Jun  2 10:35:04 2022  --
INFO:root: --connection established at 'Thu Jun  2 10:35:04 2022' timestamp  : 2014-09-23 12:00:00 --
INFO:root:1. fetching clients
INFO:root:__________  no clients created in the last 10 minutes  __________
INFO:root:------------------ connection closed at Thu Jun  2 10:35:04 2022 -----------------------
INFO:root: --connection established at 'Thu Jun  2 10:35:04 2022' timestamp  : 2014-09-23 12:00:00 --
INFO:root:2. fetching conversations
INFO:root:__________  no conversations created in the last 10 minutes  __________
INFO:root:------------------ connection closed at Thu Jun  2 10:35:04 2022 -----------------------
INFO:root: --connection established at 'Thu Jun  2 10:35:04 2022' timestamp  : 2014-09-23 12:00:00 --
INFO:root:3. fetching leads
INFO:root:__________  no leads created in the last 10 minutes  __________
INFO:root:------------------ connection closed at Thu Jun  2 10:35:04 2022 -----------------------
INFO:root: --connection established at 'Thu Jun  2 10:35:04 2022' timestamp  : 2014-09-23 12:00:00 --
INFO:root:4. fetching invoice info
INFO:root:__________  no invoice info created in the last 10 minutes  __________
INFO:root:------------------ connection closed at Thu Jun  2 10:35:04 2022 -----------------------
INFO:root:_____________________________ 12 ___________________________________

INFO:root:--------------------- 10 minute wait ----------------------------
INFO:root: --connection established at 'Thu Jun  2 10:35:06 2022' timestamp  : 2014-09-23 12:10:00 --
INFO:root:1. fetching clients
INFO:root:__________  no clients created in the last 10 minutes  __________
INFO:root:------------------ connection closed at Thu Jun  2 10:35:06 2022 -----------------------
INFO:root: --connection established at 'Thu Jun  2 10:35:06 2022' timestamp  : 2014-09-23 12:10:00 --
INFO:root:2. fetching conversations
INFO:root:__________  no conversations created in the last 10 minutes  __________
INFO:root:------------------ connection closed at Thu Jun  2 10:35:06 2022 -----------------------
INFO:root: --connection established at 'Thu Jun  2 10:35:06 2022' timestamp  : 2014-09-23 12:10:00 --
INFO:root:3. fetching leads
INFO:root:__________  no leads created in the last 10 minutes  __________
INFO:root:------------------ connection closed at Thu Jun  2 10:35:06 2022 -----------------------
INFO:root: --connection established at 'Thu Jun  2 10:35:06 2022' timestamp  : 2014-09-23 12:10:00 --
INFO:root:4. fetching invoice info
INFO:root:__________  no invoice info created in the last 10 minutes  __________
INFO:root:------------------ connection closed at Thu Jun  2 10:35:06 2022 -----------------------
INFO:root:_____________________________ 13 ___________________________________

INFO:root:--------------------- 10 minute wait ----------------------------
INFO:root: --connection established at 'Thu Jun  2 10:35:08 2022' timestamp  : 2014-09-23 12:20:00 --
INFO:root:1. fetching clients
INFO:root:__________  no clients created in the last 10 minutes  __________
INFO:root:------------------ connection closed at Thu Jun  2 10:35:08 2022 -----------------------
INFO:root: --connection established at 'Thu Jun  2 10:35:08 2022' timestamp  : 2014-09-23 12:20:00 --
INFO:root:2. fetching conversations
INFO:root:__________  no conversations created in the last 10 minutes  __________
INFO:root:------------------ connection closed at Thu Jun  2 10:35:08 2022 -----------------------
INFO:root: --connection established at 'Thu Jun  2 10:35:08 2022' timestamp  : 2014-09-23 12:20:00 --
INFO:root:3. fetching leads
INFO:root:__________  no leads created in the last 10 minutes  __________
INFO:root:------------------ connection closed at Thu Jun  2 10:35:08 2022 -----------------------
INFO:root: --connection established at 'Thu Jun  2 10:35:08 2022' timestamp  : 2014-09-23 12:20:00 --
INFO:root:4. fetching invoice info
INFO:root:__________  no invoice info created in the last 10 minutes  __________
INFO:root:------------------ connection closed at Thu Jun  2 10:35:08 2022 -----------------------
INFO:root:_____________________________ 14 ___________________________________

INFO:root:--------------------- 10 minute wait ----------------------------
INFO:root: --connection established at 'Thu Jun  2 10:35:10 2022' timestamp  : 2014-09-23 12:30:00 --
INFO:root:1. fetching clients
INFO:root:__________  no clients created in the last 10 minutes  __________
INFO:root:------------------ connection closed at Thu Jun  2 10:35:10 2022 -----------------------
INFO:root: --connection established at 'Thu Jun  2 10:35:10 2022' timestamp  : 2014-09-23 12:30:00 --
INFO:root:2. fetching conversations
INFO:root:__________  no conversations created in the last 10 minutes  __________
INFO:root:------------------ connection closed at Thu Jun  2 10:35:10 2022 -----------------------
INFO:root: --connection established at 'Thu Jun  2 10:35:10 2022' timestamp  : 2014-09-23 12:30:00 --
INFO:root:3. fetching leads
INFO:root:__________  no leads created in the last 10 minutes  __________
INFO:root:------------------ connection closed at Thu Jun  2 10:35:10 2022 -----------------------
INFO:root: --connection established at 'Thu Jun  2 10:35:10 2022' timestamp  : 2014-09-23 12:30:00 --
INFO:root:4. fetching invoice info
INFO:root:__________  no invoice info created in the last 10 minutes  __________
INFO:root:------------------ connection closed at Thu Jun  2 10:35:10 2022 -----------------------
INFO:root:_____________________________ 15 ___________________________________

INFO:root:--------------------- 10 minute wait ----------------------------
INFO:root:minutes passed = 160 , counter = 16 
INFO:root: - - - - refreshing tokens at Thu Jun  2 10:35:12 2022 - - - - - 
INFO:root:-- response recieved : 
 {"error":"invalid_code"}

 -- at Thu Jun  2 10:35:14 2022  --
INFO:root: --connection established at 'Thu Jun  2 10:35:14 2022' timestamp  : 2014-09-23 12:40:00 --
INFO:root:1. fetching clients
INFO:root:__________  no clients created in the last 10 minutes  __________
INFO:root:------------------ connection closed at Thu Jun  2 10:35:14 2022 -----------------------
INFO:root: --connection established at 'Thu Jun  2 10:35:14 2022' timestamp  : 2014-09-23 12:40:00 --
INFO:root:2. fetching conversations
INFO:root:__________  no conversations created in the last 10 minutes  __________
INFO:root:------------------ connection closed at Thu Jun  2 10:35:14 2022 -----------------------
INFO:root: --connection established at 'Thu Jun  2 10:35:14 2022' timestamp  : 2014-09-23 12:40:00 --
INFO:root:3. fetching leads
INFO:root:__________  no leads created in the last 10 minutes  __________
INFO:root:------------------ connection closed at Thu Jun  2 10:35:14 2022 -----------------------
INFO:root: --connection established at 'Thu Jun  2 10:35:14 2022' timestamp  : 2014-09-23 12:40:00 --
INFO:root:4. fetching invoice info
INFO:root:__________  no invoice info created in the last 10 minutes  __________
INFO:root:------------------ connection closed at Thu Jun  2 10:35:14 2022 -----------------------
INFO:root:_____________________________ 16 ___________________________________

INFO:root:--------------------- 10 minute wait ----------------------------
INFO:root: --connection established at 'Thu Jun  2 10:35:16 2022' timestamp  : 2014-09-23 12:50:00 --
INFO:root:1. fetching clients
INFO:root:__________  no clients created in the last 10 minutes  __________
INFO:root:------------------ connection closed at Thu Jun  2 10:35:16 2022 -----------------------
INFO:root: --connection established at 'Thu Jun  2 10:35:16 2022' timestamp  : 2014-09-23 12:50:00 --
INFO:root:2. fetching conversations
INFO:root:__________  no conversations created in the last 10 minutes  __________
INFO:root:------------------ connection closed at Thu Jun  2 10:35:16 2022 -----------------------
INFO:root: --connection established at 'Thu Jun  2 10:35:16 2022' timestamp  : 2014-09-23 12:50:00 --
INFO:root:3. fetching leads
INFO:root:__________  no leads created in the last 10 minutes  __________
INFO:root:------------------ connection closed at Thu Jun  2 10:35:16 2022 -----------------------
INFO:root: --connection established at 'Thu Jun  2 10:35:16 2022' timestamp  : 2014-09-23 12:50:00 --
INFO:root:4. fetching invoice info
INFO:root:__________  no invoice info created in the last 10 minutes  __________
INFO:root:------------------ connection closed at Thu Jun  2 10:35:16 2022 -----------------------
INFO:root:_____________________________ 17 ___________________________________

INFO:root:--------------------- 10 minute wait ----------------------------
INFO:root: --connection established at 'Thu Jun  2 10:35:18 2022' timestamp  : 2014-09-23 13:00:00 --
INFO:root:1. fetching clients
INFO:root:__________  no clients created in the last 10 minutes  __________
INFO:root:------------------ connection closed at Thu Jun  2 10:35:18 2022 -----------------------
INFO:root: --connection established at 'Thu Jun  2 10:35:18 2022' timestamp  : 2014-09-23 13:00:00 --
INFO:root:2. fetching conversations
INFO:root:__________  no conversations created in the last 10 minutes  __________
INFO:root:------------------ connection closed at Thu Jun  2 10:35:18 2022 -----------------------
INFO:root: --connection established at 'Thu Jun  2 10:35:18 2022' timestamp  : 2014-09-23 13:00:00 --
INFO:root:3. fetching leads
INFO:root:__________  no leads created in the last 10 minutes  __________
INFO:root:------------------ connection closed at Thu Jun  2 10:35:18 2022 -----------------------
INFO:root: --connection established at 'Thu Jun  2 10:35:18 2022' timestamp  : 2014-09-23 13:00:00 --
INFO:root:4. fetching invoice info
INFO:root:__________  no invoice info created in the last 10 minutes  __________
INFO:root:------------------ connection closed at Thu Jun  2 10:35:18 2022 -----------------------
INFO:root:_____________________________ 18 ___________________________________

INFO:root:--------------------- 10 minute wait ----------------------------
INFO:root: --connection established at 'Thu Jun  2 10:35:20 2022' timestamp  : 2014-09-23 13:10:00 --
INFO:root:1. fetching clients
INFO:root:__________  no clients created in the last 10 minutes  __________
INFO:root:------------------ connection closed at Thu Jun  2 10:35:20 2022 -----------------------
INFO:root: --connection established at 'Thu Jun  2 10:35:20 2022' timestamp  : 2014-09-23 13:10:00 --
INFO:root:2. fetching conversations
INFO:root:__________  no conversations created in the last 10 minutes  __________
INFO:root:------------------ connection closed at Thu Jun  2 10:35:20 2022 -----------------------
INFO:root: --connection established at 'Thu Jun  2 10:35:20 2022' timestamp  : 2014-09-23 13:10:00 --
INFO:root:3. fetching leads
INFO:root:__________  no leads created in the last 10 minutes  __________
INFO:root:------------------ connection closed at Thu Jun  2 10:35:20 2022 -----------------------
INFO:root: --connection established at 'Thu Jun  2 10:35:20 2022' timestamp  : 2014-09-23 13:10:00 --
INFO:root:4. fetching invoice info
INFO:root:__________  no invoice info created in the last 10 minutes  __________
INFO:root:------------------ connection closed at Thu Jun  2 10:35:20 2022 -----------------------
INFO:root:_____________________________ 19 ___________________________________

INFO:root:--------------------- 10 minute wait ----------------------------
INFO:root:minutes passed = 200 , counter = 20 
INFO:root: - - - - refreshing tokens at Thu Jun  2 10:35:22 2022 - - - - - 
INFO:root:-- response recieved : 
 {"error":"invalid_code"}

 -- at Thu Jun  2 10:35:22 2022  --
INFO:root: --connection established at 'Thu Jun  2 10:35:22 2022' timestamp  : 2014-09-23 13:20:00 --
INFO:root:1. fetching clients
INFO:root:__________  no clients created in the last 10 minutes  __________
INFO:root:------------------ connection closed at Thu Jun  2 10:35:22 2022 -----------------------
INFO:root: --connection established at 'Thu Jun  2 10:35:22 2022' timestamp  : 2014-09-23 13:20:00 --
INFO:root:2. fetching conversations
INFO:root:__________  no conversations created in the last 10 minutes  __________
INFO:root:------------------ connection closed at Thu Jun  2 10:35:22 2022 -----------------------
INFO:root: --connection established at 'Thu Jun  2 10:35:22 2022' timestamp  : 2014-09-23 13:20:00 --
INFO:root:3. fetching leads
INFO:root:__________  no leads created in the last 10 minutes  __________
INFO:root:------------------ connection closed at Thu Jun  2 10:35:22 2022 -----------------------
INFO:root: --connection established at 'Thu Jun  2 10:35:22 2022' timestamp  : 2014-09-23 13:20:00 --
INFO:root:4. fetching invoice info
INFO:root:__________  no invoice info created in the last 10 minutes  __________
INFO:root:------------------ connection closed at Thu Jun  2 10:35:22 2022 -----------------------
INFO:root:_____________________________ 20 ___________________________________

INFO:root:--------------------- 10 minute wait ----------------------------
INFO:root: --connection established at 'Thu Jun  2 10:35:24 2022' timestamp  : 2014-09-23 13:30:00 --
INFO:root:1. fetching clients
INFO:root:__________  no clients created in the last 10 minutes  __________
INFO:root:------------------ connection closed at Thu Jun  2 10:35:24 2022 -----------------------
INFO:root: --connection established at 'Thu Jun  2 10:35:24 2022' timestamp  : 2014-09-23 13:30:00 --
INFO:root:2. fetching conversations
INFO:root:__________  no conversations created in the last 10 minutes  __________
INFO:root:------------------ connection closed at Thu Jun  2 10:35:24 2022 -----------------------
INFO:root: --connection established at 'Thu Jun  2 10:35:24 2022' timestamp  : 2014-09-23 13:30:00 --
INFO:root:3. fetching leads
INFO:root:__________  no leads created in the last 10 minutes  __________
INFO:root:------------------ connection closed at Thu Jun  2 10:35:24 2022 -----------------------
INFO:root: --connection established at 'Thu Jun  2 10:35:24 2022' timestamp  : 2014-09-23 13:30:00 --
INFO:root:4. fetching invoice info
INFO:root:__________  no invoice info created in the last 10 minutes  __________
INFO:root:------------------ connection closed at Thu Jun  2 10:35:24 2022 -----------------------
INFO:root:_____________________________ 21 ___________________________________

INFO:root:--------------------- 10 minute wait ----------------------------
INFO:root: --connection established at 'Thu Jun  2 10:35:26 2022' timestamp  : 2014-09-23 13:40:00 --
INFO:root:1. fetching clients
INFO:root:__________  no clients created in the last 10 minutes  __________
INFO:root:------------------ connection closed at Thu Jun  2 10:35:26 2022 -----------------------
INFO:root: --connection established at 'Thu Jun  2 10:35:26 2022' timestamp  : 2014-09-23 13:40:00 --
INFO:root:2. fetching conversations
INFO:root:__________  no conversations created in the last 10 minutes  __________
INFO:root:------------------ connection closed at Thu Jun  2 10:35:26 2022 -----------------------
INFO:root: --connection established at 'Thu Jun  2 10:35:26 2022' timestamp  : 2014-09-23 13:40:00 --
INFO:root:3. fetching leads
INFO:root:__________  no leads created in the last 10 minutes  __________
INFO:root:------------------ connection closed at Thu Jun  2 10:35:26 2022 -----------------------
INFO:root: --connection established at 'Thu Jun  2 10:35:26 2022' timestamp  : 2014-09-23 13:40:00 --
INFO:root:4. fetching invoice info
INFO:root:__________  no invoice info created in the last 10 minutes  __________
INFO:root:------------------ connection closed at Thu Jun  2 10:35:26 2022 -----------------------
INFO:root:_____________________________ 22 ___________________________________

INFO:root:--------------------- 10 minute wait ----------------------------
INFO:root: --connection established at 'Thu Jun  2 10:35:28 2022' timestamp  : 2014-09-23 13:50:00 --
INFO:root:1. fetching clients
INFO:root:__________  no clients created in the last 10 minutes  __________
INFO:root:------------------ connection closed at Thu Jun  2 10:35:28 2022 -----------------------
INFO:root: --connection established at 'Thu Jun  2 10:35:28 2022' timestamp  : 2014-09-23 13:50:00 --
INFO:root:2. fetching conversations
INFO:root:__________  no conversations created in the last 10 minutes  __________
INFO:root:------------------ connection closed at Thu Jun  2 10:35:28 2022 -----------------------
INFO:root: --connection established at 'Thu Jun  2 10:35:28 2022' timestamp  : 2014-09-23 13:50:00 --
INFO:root:3. fetching leads
INFO:root:__________  no leads created in the last 10 minutes  __________
INFO:root:------------------ connection closed at Thu Jun  2 10:35:28 2022 -----------------------
INFO:root: --connection established at 'Thu Jun  2 10:35:28 2022' timestamp  : 2014-09-23 13:50:00 --
INFO:root:4. fetching invoice info
INFO:root:__________  no invoice info created in the last 10 minutes  __________
INFO:root:------------------ connection closed at Thu Jun  2 10:35:28 2022 -----------------------
INFO:root:_____________________________ 23 ___________________________________

INFO:root:--------------------- 10 minute wait ----------------------------
INFO:root:minutes passed = 240 , counter = 24 
INFO:root: - - - - refreshing tokens at Thu Jun  2 10:35:30 2022 - - - - - 
INFO:root:-- response recieved : 
 {"error":"invalid_code"}

 -- at Thu Jun  2 10:35:31 2022  --
INFO:root: --connection established at 'Thu Jun  2 10:35:31 2022' timestamp  : 2014-09-23 14:00:00 --
INFO:root:1. fetching clients
INFO:root:__________  no clients created in the last 10 minutes  __________
INFO:root:------------------ connection closed at Thu Jun  2 10:35:31 2022 -----------------------
INFO:root: --connection established at 'Thu Jun  2 10:35:31 2022' timestamp  : 2014-09-23 14:00:00 --
INFO:root:2. fetching conversations
INFO:root:__________  no conversations created in the last 10 minutes  __________
INFO:root:------------------ connection closed at Thu Jun  2 10:35:31 2022 -----------------------
INFO:root: --connection established at 'Thu Jun  2 10:35:31 2022' timestamp  : 2014-09-23 14:00:00 --
INFO:root:3. fetching leads
INFO:root:__________  no leads created in the last 10 minutes  __________
INFO:root:------------------ connection closed at Thu Jun  2 10:35:31 2022 -----------------------
INFO:root: --connection established at 'Thu Jun  2 10:35:31 2022' timestamp  : 2014-09-23 14:00:00 --
INFO:root:4. fetching invoice info
INFO:root:__________  no invoice info created in the last 10 minutes  __________
INFO:root:------------------ connection closed at Thu Jun  2 10:35:31 2022 -----------------------
INFO:root:_____________________________ 24 ___________________________________

INFO:root:--------------------- 10 minute wait ----------------------------
INFO:root: --connection established at 'Thu Jun  2 10:35:33 2022' timestamp  : 2014-09-23 14:10:00 --
INFO:root:1. fetching clients
INFO:root:__________  no clients created in the last 10 minutes  __________
INFO:root:------------------ connection closed at Thu Jun  2 10:35:33 2022 -----------------------
INFO:root: --connection established at 'Thu Jun  2 10:35:33 2022' timestamp  : 2014-09-23 14:10:00 --
INFO:root:2. fetching conversations
INFO:root:__________  no conversations created in the last 10 minutes  __________
INFO:root:------------------ connection closed at Thu Jun  2 10:35:33 2022 -----------------------
INFO:root: --connection established at 'Thu Jun  2 10:35:33 2022' timestamp  : 2014-09-23 14:10:00 --
INFO:root:3. fetching leads
INFO:root:__________  no leads created in the last 10 minutes  __________
INFO:root:------------------ connection closed at Thu Jun  2 10:35:33 2022 -----------------------
INFO:root: --connection established at 'Thu Jun  2 10:35:33 2022' timestamp  : 2014-09-23 14:10:00 --
INFO:root:4. fetching invoice info
INFO:root:__________  no invoice info created in the last 10 minutes  __________
INFO:root:------------------ connection closed at Thu Jun  2 10:35:33 2022 -----------------------
INFO:root:_____________________________ 25 ___________________________________

INFO:root:--------------------- 10 minute wait ----------------------------
INFO:root: --connection established at 'Thu Jun  2 10:35:35 2022' timestamp  : 2014-09-23 14:20:00 --
INFO:root:1. fetching clients
INFO:root:__________  no clients created in the last 10 minutes  __________
INFO:root:------------------ connection closed at Thu Jun  2 10:35:35 2022 -----------------------
INFO:root: --connection established at 'Thu Jun  2 10:35:35 2022' timestamp  : 2014-09-23 14:20:00 --
INFO:root:2. fetching conversations
INFO:root:__________  no conversations created in the last 10 minutes  __________
INFO:root:------------------ connection closed at Thu Jun  2 10:35:35 2022 -----------------------
INFO:root: --connection established at 'Thu Jun  2 10:35:35 2022' timestamp  : 2014-09-23 14:20:00 --
INFO:root:3. fetching leads
INFO:root:__________  no leads created in the last 10 minutes  __________
INFO:root:------------------ connection closed at Thu Jun  2 10:35:35 2022 -----------------------
INFO:root: --connection established at 'Thu Jun  2 10:35:35 2022' timestamp  : 2014-09-23 14:20:00 --
INFO:root:4. fetching invoice info
INFO:root:__________  no invoice info created in the last 10 minutes  __________
INFO:root:------------------ connection closed at Thu Jun  2 10:35:35 2022 -----------------------
INFO:root:_____________________________ 26 ___________________________________

INFO:root:--------------------- 10 minute wait ----------------------------
INFO:root: --connection established at 'Thu Jun  2 10:35:37 2022' timestamp  : 2014-09-23 14:30:00 --
INFO:root:1. fetching clients
INFO:root:__________  no clients created in the last 10 minutes  __________
INFO:root:------------------ connection closed at Thu Jun  2 10:35:37 2022 -----------------------
INFO:root: --connection established at 'Thu Jun  2 10:35:37 2022' timestamp  : 2014-09-23 14:30:00 --
INFO:root:2. fetching conversations
INFO:root:__________  no conversations created in the last 10 minutes  __________
INFO:root:------------------ connection closed at Thu Jun  2 10:35:37 2022 -----------------------
INFO:root: --connection established at 'Thu Jun  2 10:35:37 2022' timestamp  : 2014-09-23 14:30:00 --
INFO:root:3. fetching leads
INFO:root:__________  no leads created in the last 10 minutes  __________
INFO:root:------------------ connection closed at Thu Jun  2 10:35:37 2022 -----------------------
INFO:root: --connection established at 'Thu Jun  2 10:35:37 2022' timestamp  : 2014-09-23 14:30:00 --
INFO:root:4. fetching invoice info
INFO:root:__________  no invoice info created in the last 10 minutes  __________
INFO:root:------------------ connection closed at Thu Jun  2 10:35:37 2022 -----------------------
INFO:root:_____________________________ 27 ___________________________________

INFO:root:--------------------- 10 minute wait ----------------------------
