INFO:root:-- operations started at Wed Jun  1 14:49:33 2022 (test time = 2015 Jan 3 10:00) --
INFO:root:-- generating access tokens at Wed Jun  1 14:49:33 2022 (test time = 2015 Jan 3 10:00) --
INFO:root:-- response recieved : 
 {"error":"invalid_code"} 

 -- at Wed Jun  1 14:49:33 2022  --
INFO:root:--------------------- 10 minute wait ----------------------------
INFO:root: --connection established at 'Wed Jun  1 14:49:35 2022' timestamp  : 2015-01-03 10:10:00 --
INFO:root:1. fetching clients
INFO:root:__________  no clients created in the last 10 minutes  __________
INFO:root:2. fetching conversations
INFO:root:__________  no conversations created in the last 10 minutes  __________
INFO:root:3. fetching leads
INFO:root:__________  no leads created in the last 10 minutes  __________
INFO:root:4. fetching invoice info
INFO:root:__________  no invoice info created in the last 10 minutes  __________
INFO:root:--------------------- 10 minute wait ----------------------------
INFO:root: --connection established at 'Wed Jun  1 14:49:37 2022' timestamp  : 2015-01-03 10:20:00 --
INFO:root:1. fetching clients
INFO:root:__________  no clients created in the last 10 minutes  __________
INFO:root:2. fetching conversations
INFO:root:__________  no conversations created in the last 10 minutes  __________
INFO:root:3. fetching leads
INFO:root:__________  no leads created in the last 10 minutes  __________
INFO:root:4. fetching invoice info
INFO:root:__________  no invoice info created in the last 10 minutes  __________
INFO:root:--------------------- 10 minute wait ----------------------------
INFO:root: --connection established at 'Wed Jun  1 14:49:39 2022' timestamp  : 2015-01-03 10:30:00 --
INFO:root:1. fetching clients
INFO:root:__________  no clients created in the last 10 minutes  __________
INFO:root:2. fetching conversations
INFO:root:__________  no conversations created in the last 10 minutes  __________
INFO:root:3. fetching leads
INFO:root:__________  no leads created in the last 10 minutes  __________
INFO:root:4. fetching invoice info
INFO:root:__________  no invoice info created in the last 10 minutes  __________
INFO:root:--------------------- 10 minute wait ----------------------------
INFO:root:minutes passed = 40 , counter = 4 
INFO:root: - - - - refreshing tokens at Wed Jun  1 14:49:41 2022 - - - - - 
INFO:root:-- response recieved : 
 {"error":"invalid_code"}

 -- at Wed Jun  1 14:49:42 2022  --
INFO:root: --connection established at 'Wed Jun  1 14:49:42 2022' timestamp  : 2015-01-03 10:40:00 --
INFO:root:1. fetching clients
INFO:root:__________  no clients created in the last 10 minutes  __________
INFO:root:2. fetching conversations
INFO:root:

6 conversations inserted 


INFO:root:3. fetching leads
INFO:root:__________  no leads created in the last 10 minutes  __________
INFO:root:4. fetching invoice info
INFO:root:__________  no invoice info created in the last 10 minutes  __________
INFO:root:--------------------- 10 minute wait ----------------------------
INFO:root: --connection established at 'Wed Jun  1 14:49:44 2022' timestamp  : 2015-01-03 10:50:00 --
INFO:root:1. fetching clients
INFO:root:__________  no clients created in the last 10 minutes  __________
INFO:root:2. fetching conversations
INFO:root:

10 conversations inserted 


INFO:root:3. fetching leads
INFO:root:__________  no leads created in the last 10 minutes  __________
INFO:root:4. fetching invoice info
INFO:root:__________  no invoice info created in the last 10 minutes  __________
INFO:root:--------------------- 10 minute wait ----------------------------
INFO:root: --connection established at 'Wed Jun  1 14:49:46 2022' timestamp  : 2015-01-03 11:00:00 --
INFO:root:1. fetching clients
INFO:root:__________  no clients created in the last 10 minutes  __________
INFO:root:2. fetching conversations
INFO:root:__________  no conversations created in the last 10 minutes  __________
INFO:root:3. fetching leads
INFO:root:__________  no leads created in the last 10 minutes  __________
INFO:root:4. fetching invoice info
INFO:root:__________  no invoice info created in the last 10 minutes  __________
INFO:root:--------------------- 10 minute wait ----------------------------
INFO:root: --connection established at 'Wed Jun  1 14:49:48 2022' timestamp  : 2015-01-03 11:10:00 --
INFO:root:1. fetching clients
INFO:root:__________  no clients created in the last 10 minutes  __________
INFO:root:2. fetching conversations
INFO:root:__________  no conversations created in the last 10 minutes  __________
INFO:root:3. fetching leads
INFO:root:__________  no leads created in the last 10 minutes  __________
INFO:root:4. fetching invoice info
INFO:root:__________  no invoice info created in the last 10 minutes  __________
INFO:root:--------------------- 10 minute wait ----------------------------
INFO:root:minutes passed = 80 , counter = 8 
INFO:root: - - - - refreshing tokens at Wed Jun  1 14:49:50 2022 - - - - - 
INFO:root:-- response recieved : 
 {"error":"invalid_code"}

 -- at Wed Jun  1 14:49:50 2022  --
INFO:root: --connection established at 'Wed Jun  1 14:49:50 2022' timestamp  : 2015-01-03 11:20:00 --
INFO:root:1. fetching clients
INFO:root:__________  no clients created in the last 10 minutes  __________
INFO:root:2. fetching conversations
INFO:root:__________  no conversations created in the last 10 minutes  __________
INFO:root:3. fetching leads
INFO:root:__________  no leads created in the last 10 minutes  __________
INFO:root:4. fetching invoice info
INFO:root:__________  no invoice info created in the last 10 minutes  __________
INFO:root:--------------------- 10 minute wait ----------------------------
INFO:root: --connection established at 'Wed Jun  1 14:49:52 2022' timestamp  : 2015-01-03 11:30:00 --
INFO:root:1. fetching clients
INFO:root:__________  no clients created in the last 10 minutes  __________
INFO:root:2. fetching conversations
INFO:root:

1 conversations inserted 


INFO:root:3. fetching leads
INFO:root:__________  no leads created in the last 10 minutes  __________
INFO:root:4. fetching invoice info
INFO:root:__________  no invoice info created in the last 10 minutes  __________
INFO:root:--------------------- 10 minute wait ----------------------------
INFO:root: --connection established at 'Wed Jun  1 14:49:54 2022' timestamp  : 2015-01-03 11:40:00 --
INFO:root:1. fetching clients
INFO:root:__________  no clients created in the last 10 minutes  __________
INFO:root:2. fetching conversations
INFO:root:__________  no conversations created in the last 10 minutes  __________
INFO:root:3. fetching leads
INFO:root:__________  no leads created in the last 10 minutes  __________
INFO:root:4. fetching invoice info
INFO:root:__________  no invoice info created in the last 10 minutes  __________
INFO:root:--------------------- 10 minute wait ----------------------------
INFO:root: --connection established at 'Wed Jun  1 14:49:56 2022' timestamp  : 2015-01-03 11:50:00 --
INFO:root:1. fetching clients
INFO:root:__________  no clients created in the last 10 minutes  __________
INFO:root:2. fetching conversations
INFO:root:__________  no conversations created in the last 10 minutes  __________
INFO:root:3. fetching leads
INFO:root:__________  no leads created in the last 10 minutes  __________
INFO:root:4. fetching invoice info
INFO:root:__________  no invoice info created in the last 10 minutes  __________
INFO:root:--------------------- 10 minute wait ----------------------------
INFO:root:minutes passed = 120 , counter = 12 
INFO:root: - - - - refreshing tokens at Wed Jun  1 14:49:58 2022 - - - - - 
INFO:root:-- response recieved : 
 {"error":"invalid_code"}

 -- at Wed Jun  1 14:49:59 2022  --
INFO:root: --connection established at 'Wed Jun  1 14:49:59 2022' timestamp  : 2015-01-03 12:00:00 --
INFO:root:1. fetching clients
INFO:root:__________  no clients created in the last 10 minutes  __________
INFO:root:2. fetching conversations
INFO:root:

2 conversations inserted 


INFO:root:3. fetching leads
INFO:root:__________  no leads created in the last 10 minutes  __________
INFO:root:4. fetching invoice info
INFO:root:__________  no invoice info created in the last 10 minutes  __________
INFO:root:--------------------- 10 minute wait ----------------------------
INFO:root: --connection established at 'Wed Jun  1 14:50:01 2022' timestamp  : 2015-01-03 12:10:00 --
INFO:root:1. fetching clients
INFO:root:

1 clients inserted 


INFO:root:2. fetching conversations
INFO:root:

3 conversations inserted 


INFO:root:3. fetching leads
INFO:root:

1 leads inserted 


INFO:root:4. fetching invoice info
INFO:root:__________  no invoice info created in the last 10 minutes  __________
INFO:root:--------------------- 10 minute wait ----------------------------
INFO:root: --connection established at 'Wed Jun  1 14:50:03 2022' timestamp  : 2015-01-03 12:20:00 --
INFO:root:1. fetching clients
INFO:root:__________  no clients created in the last 10 minutes  __________
INFO:root:2. fetching conversations
INFO:root:

1 conversations inserted 


INFO:root:3. fetching leads
INFO:root:__________  no leads created in the last 10 minutes  __________
INFO:root:4. fetching invoice info
INFO:root:__________  no invoice info created in the last 10 minutes  __________
INFO:root:--------------------- 10 minute wait ----------------------------
INFO:root: --connection established at 'Wed Jun  1 14:50:05 2022' timestamp  : 2015-01-03 12:30:00 --
INFO:root:1. fetching clients
INFO:root:

1 clients inserted 


INFO:root:2. fetching conversations
INFO:root:__________  no conversations created in the last 10 minutes  __________
INFO:root:3. fetching leads
INFO:root:

1 leads inserted 


INFO:root:4. fetching invoice info
INFO:root:__________  no invoice info created in the last 10 minutes  __________
INFO:root:--------------------- 10 minute wait ----------------------------
INFO:root:minutes passed = 160 , counter = 16 
INFO:root: - - - - refreshing tokens at Wed Jun  1 14:50:07 2022 - - - - - 
INFO:root:-- response recieved : 
 {"error":"invalid_code"}

 -- at Wed Jun  1 14:50:07 2022  --
INFO:root: --connection established at 'Wed Jun  1 14:50:07 2022' timestamp  : 2015-01-03 12:40:00 --
INFO:root:1. fetching clients
INFO:root:

1 clients inserted 


INFO:root:2. fetching conversations
INFO:root:__________  no conversations created in the last 10 minutes  __________
INFO:root:3. fetching leads
INFO:root:

1 leads inserted 


INFO:root:4. fetching invoice info
INFO:root:__________  no invoice info created in the last 10 minutes  __________
INFO:root:--------------------- 10 minute wait ----------------------------
INFO:root: --connection established at 'Wed Jun  1 14:50:09 2022' timestamp  : 2015-01-03 12:50:00 --
INFO:root:1. fetching clients
INFO:root:__________  no clients created in the last 10 minutes  __________
INFO:root:2. fetching conversations
INFO:root:__________  no conversations created in the last 10 minutes  __________
INFO:root:3. fetching leads
INFO:root:__________  no leads created in the last 10 minutes  __________
INFO:root:4. fetching invoice info
INFO:root:__________  no invoice info created in the last 10 minutes  __________
INFO:root:--------------------- 10 minute wait ----------------------------
INFO:root: --connection established at 'Wed Jun  1 14:50:11 2022' timestamp  : 2015-01-03 13:00:00 --
INFO:root:1. fetching clients
INFO:root:__________  no clients created in the last 10 minutes  __________
INFO:root:2. fetching conversations
INFO:root:__________  no conversations created in the last 10 minutes  __________
INFO:root:3. fetching leads
INFO:root:__________  no leads created in the last 10 minutes  __________
INFO:root:4. fetching invoice info
INFO:root:__________  no invoice info created in the last 10 minutes  __________
INFO:root:--------------------- 10 minute wait ----------------------------
INFO:root: --connection established at 'Wed Jun  1 14:50:13 2022' timestamp  : 2015-01-03 13:10:00 --
INFO:root:1. fetching clients
INFO:root:__________  no clients created in the last 10 minutes  __________
INFO:root:2. fetching conversations
INFO:root:__________  no conversations created in the last 10 minutes  __________
INFO:root:3. fetching leads
INFO:root:__________  no leads created in the last 10 minutes  __________
INFO:root:4. fetching invoice info
INFO:root:__________  no invoice info created in the last 10 minutes  __________
INFO:root:--------------------- 10 minute wait ----------------------------
INFO:root:minutes passed = 200 , counter = 20 
INFO:root: - - - - refreshing tokens at Wed Jun  1 14:50:15 2022 - - - - - 
INFO:root:-- response recieved : 
 {"error":"invalid_code"}

 -- at Wed Jun  1 14:50:15 2022  --
INFO:root: --connection established at 'Wed Jun  1 14:50:15 2022' timestamp  : 2015-01-03 13:20:00 --
INFO:root:1. fetching clients
INFO:root:__________  no clients created in the last 10 minutes  __________
INFO:root:2. fetching conversations
INFO:root:__________  no conversations created in the last 10 minutes  __________
INFO:root:3. fetching leads
INFO:root:__________  no leads created in the last 10 minutes  __________
INFO:root:4. fetching invoice info
INFO:root:__________  no invoice info created in the last 10 minutes  __________
INFO:root:--------------------- 10 minute wait ----------------------------
INFO:root: --connection established at 'Wed Jun  1 14:50:17 2022' timestamp  : 2015-01-03 13:30:00 --
INFO:root:1. fetching clients
INFO:root:__________  no clients created in the last 10 minutes  __________
INFO:root:2. fetching conversations
INFO:root:__________  no conversations created in the last 10 minutes  __________
INFO:root:3. fetching leads
INFO:root:__________  no leads created in the last 10 minutes  __________
INFO:root:4. fetching invoice info
INFO:root:__________  no invoice info created in the last 10 minutes  __________
INFO:root:--------------------- 10 minute wait ----------------------------
INFO:root: --connection established at 'Wed Jun  1 14:50:19 2022' timestamp  : 2015-01-03 13:40:00 --
INFO:root:1. fetching clients
INFO:root:__________  no clients created in the last 10 minutes  __________
INFO:root:2. fetching conversations
INFO:root:__________  no conversations created in the last 10 minutes  __________
INFO:root:3. fetching leads
INFO:root:

1 leads inserted 


INFO:root:4. fetching invoice info
INFO:root:__________  no invoice info created in the last 10 minutes  __________
INFO:root:--------------------- 10 minute wait ----------------------------
INFO:root: --connection established at 'Wed Jun  1 14:50:21 2022' timestamp  : 2015-01-03 13:50:00 --
INFO:root:1. fetching clients
INFO:root:__________  no clients created in the last 10 minutes  __________
INFO:root:2. fetching conversations
INFO:root:__________  no conversations created in the last 10 minutes  __________
INFO:root:3. fetching leads
INFO:root:__________  no leads created in the last 10 minutes  __________
INFO:root:4. fetching invoice info
INFO:root:__________  no invoice info created in the last 10 minutes  __________
INFO:root:--------------------- 10 minute wait ----------------------------
INFO:root:minutes passed = 240 , counter = 24 
INFO:root: - - - - refreshing tokens at Wed Jun  1 14:50:23 2022 - - - - - 
INFO:root:-- response recieved : 
 {"error":"invalid_code"}

 -- at Wed Jun  1 14:50:24 2022  --
INFO:root: --connection established at 'Wed Jun  1 14:50:24 2022' timestamp  : 2015-01-03 14:00:00 --
INFO:root:1. fetching clients
INFO:root:__________  no clients created in the last 10 minutes  __________
INFO:root:2. fetching conversations
INFO:root:__________  no conversations created in the last 10 minutes  __________
INFO:root:3. fetching leads
INFO:root:__________  no leads created in the last 10 minutes  __________
INFO:root:4. fetching invoice info
INFO:root:__________  no invoice info created in the last 10 minutes  __________
INFO:root:--------------------- 10 minute wait ----------------------------
INFO:root: --connection established at 'Wed Jun  1 14:50:26 2022' timestamp  : 2015-01-03 14:10:00 --
INFO:root:1. fetching clients
INFO:root:__________  no clients created in the last 10 minutes  __________
INFO:root:2. fetching conversations
INFO:root:__________  no conversations created in the last 10 minutes  __________
INFO:root:3. fetching leads
INFO:root:__________  no leads created in the last 10 minutes  __________
INFO:root:4. fetching invoice info
INFO:root:__________  no invoice info created in the last 10 minutes  __________
INFO:root:--------------------- 10 minute wait ----------------------------
INFO:root: --connection established at 'Wed Jun  1 14:50:28 2022' timestamp  : 2015-01-03 14:20:00 --
INFO:root:1. fetching clients
INFO:root:__________  no clients created in the last 10 minutes  __________
INFO:root:2. fetching conversations
INFO:root:__________  no conversations created in the last 10 minutes  __________
INFO:root:3. fetching leads
INFO:root:__________  no leads created in the last 10 minutes  __________
INFO:root:4. fetching invoice info
INFO:root:__________  no invoice info created in the last 10 minutes  __________
INFO:root:--------------------- 10 minute wait ----------------------------
INFO:root: --connection established at 'Wed Jun  1 14:50:30 2022' timestamp  : 2015-01-03 14:30:00 --
INFO:root:1. fetching clients
INFO:root:__________  no clients created in the last 10 minutes  __________
INFO:root:2. fetching conversations
INFO:root:__________  no conversations created in the last 10 minutes  __________
INFO:root:3. fetching leads
INFO:root:__________  no leads created in the last 10 minutes  __________
INFO:root:4. fetching invoice info
INFO:root:__________  no invoice info created in the last 10 minutes  __________
INFO:root:--------------------- 10 minute wait ----------------------------
INFO:root:minutes passed = 280 , counter = 28 
INFO:root: - - - - refreshing tokens at Wed Jun  1 14:50:32 2022 - - - - - 
INFO:root:-- response recieved : 
 {"error":"invalid_code"}

 -- at Wed Jun  1 14:50:33 2022  --
INFO:root: --connection established at 'Wed Jun  1 14:50:33 2022' timestamp  : 2015-01-03 14:40:00 --
INFO:root:1. fetching clients
INFO:root:__________  no clients created in the last 10 minutes  __________
INFO:root:2. fetching conversations
INFO:root:__________  no conversations created in the last 10 minutes  __________
INFO:root:3. fetching leads
INFO:root:__________  no leads created in the last 10 minutes  __________
INFO:root:4. fetching invoice info
INFO:root:__________  no invoice info created in the last 10 minutes  __________
INFO:root:--------------------- 10 minute wait ----------------------------
INFO:root: --connection established at 'Wed Jun  1 14:50:35 2022' timestamp  : 2015-01-03 14:50:00 --
INFO:root:1. fetching clients
INFO:root:__________  no clients created in the last 10 minutes  __________
INFO:root:2. fetching conversations
INFO:root:__________  no conversations created in the last 10 minutes  __________
INFO:root:3. fetching leads
INFO:root:__________  no leads created in the last 10 minutes  __________
INFO:root:4. fetching invoice info
INFO:root:__________  no invoice info created in the last 10 minutes  __________
INFO:root:--------------------- 10 minute wait ----------------------------
INFO:root: --connection established at 'Wed Jun  1 14:50:37 2022' timestamp  : 2015-01-03 15:00:00 --
INFO:root:1. fetching clients
INFO:root:__________  no clients created in the last 10 minutes  __________
INFO:root:2. fetching conversations
INFO:root:__________  no conversations created in the last 10 minutes  __________
INFO:root:3. fetching leads
INFO:root:__________  no leads created in the last 10 minutes  __________
INFO:root:4. fetching invoice info
INFO:root:__________  no invoice info created in the last 10 minutes  __________
INFO:root:--------------------- 10 minute wait ----------------------------
INFO:root: --connection established at 'Wed Jun  1 14:50:39 2022' timestamp  : 2015-01-03 15:10:00 --
INFO:root:1. fetching clients
INFO:root:__________  no clients created in the last 10 minutes  __________
INFO:root:2. fetching conversations
INFO:root:__________  no conversations created in the last 10 minutes  __________
INFO:root:3. fetching leads
INFO:root:__________  no leads created in the last 10 minutes  __________
INFO:root:4. fetching invoice info
INFO:root:__________  no invoice info created in the last 10 minutes  __________
INFO:root:--------------------- 10 minute wait ----------------------------
INFO:root:minutes passed = 320 , counter = 32 
INFO:root: - - - - refreshing tokens at Wed Jun  1 14:50:41 2022 - - - - - 
INFO:root:-- response recieved : 
 {"error":"invalid_code"}

 -- at Wed Jun  1 14:50:42 2022  --
INFO:root: --connection established at 'Wed Jun  1 14:50:42 2022' timestamp  : 2015-01-03 15:20:00 --
INFO:root:1. fetching clients
INFO:root:__________  no clients created in the last 10 minutes  __________
INFO:root:2. fetching conversations
INFO:root:__________  no conversations created in the last 10 minutes  __________
INFO:root:3. fetching leads
INFO:root:__________  no leads created in the last 10 minutes  __________
INFO:root:4. fetching invoice info
INFO:root:__________  no invoice info created in the last 10 minutes  __________
INFO:root:--------------------- 10 minute wait ----------------------------
INFO:root: --connection established at 'Wed Jun  1 14:50:44 2022' timestamp  : 2015-01-03 15:30:00 --
INFO:root:1. fetching clients
INFO:root:__________  no clients created in the last 10 minutes  __________
INFO:root:2. fetching conversations
INFO:root:__________  no conversations created in the last 10 minutes  __________
INFO:root:3. fetching leads
INFO:root:__________  no leads created in the last 10 minutes  __________
INFO:root:4. fetching invoice info
INFO:root:__________  no invoice info created in the last 10 minutes  __________
INFO:root:--------------------- 10 minute wait ----------------------------
INFO:root: --connection established at 'Wed Jun  1 14:50:46 2022' timestamp  : 2015-01-03 15:40:00 --
INFO:root:1. fetching clients
INFO:root:__________  no clients created in the last 10 minutes  __________
INFO:root:2. fetching conversations
INFO:root:__________  no conversations created in the last 10 minutes  __________
INFO:root:3. fetching leads
INFO:root:__________  no leads created in the last 10 minutes  __________
INFO:root:4. fetching invoice info
INFO:root:__________  no invoice info created in the last 10 minutes  __________
INFO:root:--------------------- 10 minute wait ----------------------------
INFO:root: --connection established at 'Wed Jun  1 14:50:48 2022' timestamp  : 2015-01-03 15:50:00 --
INFO:root:1. fetching clients
INFO:root:

1 clients inserted 


INFO:root:2. fetching conversations
INFO:root:__________  no conversations created in the last 10 minutes  __________
INFO:root:3. fetching leads
INFO:root:

1 leads inserted 


INFO:root:4. fetching invoice info
INFO:root:__________  no invoice info created in the last 10 minutes  __________
INFO:root:--------------------- 10 minute wait ----------------------------
INFO:root:minutes passed = 360 , counter = 36 
INFO:root: - - - - refreshing tokens at Wed Jun  1 14:50:50 2022 - - - - - 
INFO:root:-- response recieved : 
 {"error":"invalid_code"}

 -- at Wed Jun  1 14:50:51 2022  --
INFO:root: --connection established at 'Wed Jun  1 14:50:51 2022' timestamp  : 2015-01-03 16:00:00 --
INFO:root:1. fetching clients
INFO:root:__________  no clients created in the last 10 minutes  __________
INFO:root:2. fetching conversations
INFO:root:__________  no conversations created in the last 10 minutes  __________
INFO:root:3. fetching leads
INFO:root:__________  no leads created in the last 10 minutes  __________
INFO:root:4. fetching invoice info
INFO:root:__________  no invoice info created in the last 10 minutes  __________
INFO:root:--------------------- 10 minute wait ----------------------------
INFO:root: --connection established at 'Wed Jun  1 14:50:53 2022' timestamp  : 2015-01-03 16:10:00 --
INFO:root:1. fetching clients
INFO:root:__________  no clients created in the last 10 minutes  __________
INFO:root:2. fetching conversations
INFO:root:__________  no conversations created in the last 10 minutes  __________
INFO:root:3. fetching leads
INFO:root:__________  no leads created in the last 10 minutes  __________
INFO:root:4. fetching invoice info
INFO:root:__________  no invoice info created in the last 10 minutes  __________
INFO:root:--------------------- 10 minute wait ----------------------------
INFO:root: --connection established at 'Wed Jun  1 14:50:55 2022' timestamp  : 2015-01-03 16:20:00 --
INFO:root:1. fetching clients
INFO:root:__________  no clients created in the last 10 minutes  __________
INFO:root:2. fetching conversations
INFO:root:__________  no conversations created in the last 10 minutes  __________
INFO:root:3. fetching leads
INFO:root:__________  no leads created in the last 10 minutes  __________
INFO:root:4. fetching invoice info
INFO:root:__________  no invoice info created in the last 10 minutes  __________
INFO:root:--------------------- 10 minute wait ----------------------------
INFO:root: --connection established at 'Wed Jun  1 14:50:57 2022' timestamp  : 2015-01-03 16:30:00 --
INFO:root:1. fetching clients
INFO:root:__________  no clients created in the last 10 minutes  __________
INFO:root:2. fetching conversations
INFO:root:__________  no conversations created in the last 10 minutes  __________
INFO:root:3. fetching leads
INFO:root:

1 leads inserted 


INFO:root:4. fetching invoice info
INFO:root:

1 leads inserted 


INFO:root:--------------------- 10 minute wait ----------------------------
INFO:root:minutes passed = 400 , counter = 40 
INFO:root: - - - - refreshing tokens at Wed Jun  1 14:50:59 2022 - - - - - 
INFO:root:-- response recieved : 
 {"error":"invalid_code"}

 -- at Wed Jun  1 14:50:59 2022  --
INFO:root: --connection established at 'Wed Jun  1 14:50:59 2022' timestamp  : 2015-01-03 16:40:00 --
INFO:root:1. fetching clients
INFO:root:__________  no clients created in the last 10 minutes  __________
INFO:root:2. fetching conversations
INFO:root:__________  no conversations created in the last 10 minutes  __________
INFO:root:3. fetching leads
INFO:root:__________  no leads created in the last 10 minutes  __________
INFO:root:4. fetching invoice info
INFO:root:__________  no invoice info created in the last 10 minutes  __________
INFO:root:--------------------- 10 minute wait ----------------------------
INFO:root: --connection established at 'Wed Jun  1 14:51:01 2022' timestamp  : 2015-01-03 16:50:00 --
INFO:root:1. fetching clients
INFO:root:__________  no clients created in the last 10 minutes  __________
INFO:root:2. fetching conversations
INFO:root:__________  no conversations created in the last 10 minutes  __________
INFO:root:3. fetching leads
INFO:root:__________  no leads created in the last 10 minutes  __________
INFO:root:4. fetching invoice info
INFO:root:__________  no invoice info created in the last 10 minutes  __________
INFO:root:--------------------- 10 minute wait ----------------------------
INFO:root: --connection established at 'Wed Jun  1 14:51:03 2022' timestamp  : 2015-01-03 17:00:00 --
INFO:root:1. fetching clients
INFO:root:__________  no clients created in the last 10 minutes  __________
INFO:root:2. fetching conversations
INFO:root:__________  no conversations created in the last 10 minutes  __________
INFO:root:3. fetching leads
INFO:root:__________  no leads created in the last 10 minutes  __________
INFO:root:4. fetching invoice info
INFO:root:__________  no invoice info created in the last 10 minutes  __________
INFO:root:--------------------- 10 minute wait ----------------------------
INFO:root: --connection established at 'Wed Jun  1 14:51:05 2022' timestamp  : 2015-01-03 17:10:00 --
INFO:root:1. fetching clients
INFO:root:__________  no clients created in the last 10 minutes  __________
INFO:root:2. fetching conversations
INFO:root:__________  no conversations created in the last 10 minutes  __________
INFO:root:3. fetching leads
INFO:root:__________  no leads created in the last 10 minutes  __________
INFO:root:4. fetching invoice info
INFO:root:__________  no invoice info created in the last 10 minutes  __________
INFO:root:--------------------- 10 minute wait ----------------------------
INFO:root:minutes passed = 440 , counter = 44 
INFO:root: - - - - refreshing tokens at Wed Jun  1 14:51:07 2022 - - - - - 
INFO:root:-- response recieved : 
 {"error":"invalid_code"}

 -- at Wed Jun  1 14:51:07 2022  --
INFO:root: --connection established at 'Wed Jun  1 14:51:07 2022' timestamp  : 2015-01-03 17:20:00 --
INFO:root:1. fetching clients
INFO:root:__________  no clients created in the last 10 minutes  __________
INFO:root:2. fetching conversations
INFO:root:__________  no conversations created in the last 10 minutes  __________
INFO:root:3. fetching leads
INFO:root:__________  no leads created in the last 10 minutes  __________
INFO:root:4. fetching invoice info
INFO:root:__________  no invoice info created in the last 10 minutes  __________
INFO:root:--------------------- 10 minute wait ----------------------------
INFO:root: --connection established at 'Wed Jun  1 14:51:09 2022' timestamp  : 2015-01-03 17:30:00 --
INFO:root:1. fetching clients
INFO:root:__________  no clients created in the last 10 minutes  __________
INFO:root:2. fetching conversations
INFO:root:__________  no conversations created in the last 10 minutes  __________
INFO:root:3. fetching leads
INFO:root:__________  no leads created in the last 10 minutes  __________
INFO:root:4. fetching invoice info
INFO:root:__________  no invoice info created in the last 10 minutes  __________
INFO:root:--------------------- 10 minute wait ----------------------------
INFO:root: --connection established at 'Wed Jun  1 14:51:11 2022' timestamp  : 2015-01-03 17:40:00 --
INFO:root:1. fetching clients
INFO:root:

1 clients inserted 


INFO:root:2. fetching conversations
INFO:root:__________  no conversations created in the last 10 minutes  __________
INFO:root:3. fetching leads
INFO:root:

1 leads inserted 


INFO:root:4. fetching invoice info
INFO:root:__________  no invoice info created in the last 10 minutes  __________
INFO:root:--------------------- 10 minute wait ----------------------------
