INFO:root:-- operations started at Wed Jun  1 16:42:27 2022 (test time = 2014 09 23  10:00) --
INFO:root:-- not calling generateAccessToken because already called  (test time = 2014 09 23  10:00) --
INFO:root:--------------------- 10 minute wait ----------------------------
INFO:root: --connection established at 'Wed Jun  1 16:42:29 2022' timestamp  : 2014-09-23 10:10:00 --
INFO:root:1. fetching clients
INFO:root:__________  no clients created in the last 10 minutes  __________
INFO:root:------------------ connection closed at Wed Jun  1 16:42:29 2022 -----------------------
INFO:root: --connection established at 'Wed Jun  1 16:42:29 2022' timestamp  : 2014-09-23 10:10:00 --
INFO:root:2. fetching conversations
INFO:root:__________  no conversations created in the last 10 minutes  __________
INFO:root:------------------ connection closed at Wed Jun  1 16:42:29 2022 -----------------------
INFO:root: --connection established at 'Wed Jun  1 16:42:29 2022' timestamp  : 2014-09-23 10:10:00 --
INFO:root:3. fetching leads
INFO:root:__________  no leads created in the last 10 minutes  __________
INFO:root:------------------ connection closed at Wed Jun  1 16:42:29 2022 -----------------------
INFO:root: --connection established at 'Wed Jun  1 16:42:29 2022' timestamp  : 2014-09-23 10:10:00 --
INFO:root:4. fetching invoice info
INFO:root:__________  no invoice info created in the last 10 minutes  __________
INFO:root:------------------ connection closed at Wed Jun  1 16:42:29 2022 -----------------------
INFO:root:--------------------- 10 minute wait ----------------------------
INFO:root: --connection established at 'Wed Jun  1 16:42:31 2022' timestamp  : 2014-09-23 10:20:00 --
INFO:root:1. fetching clients
INFO:root:__________  no clients created in the last 10 minutes  __________
INFO:root:------------------ connection closed at Wed Jun  1 16:42:31 2022 -----------------------
INFO:root: --connection established at 'Wed Jun  1 16:42:31 2022' timestamp  : 2014-09-23 10:20:00 --
INFO:root:2. fetching conversations
INFO:root:__________  no conversations created in the last 10 minutes  __________
INFO:root:------------------ connection closed at Wed Jun  1 16:42:31 2022 -----------------------
INFO:root: --connection established at 'Wed Jun  1 16:42:31 2022' timestamp  : 2014-09-23 10:20:00 --
INFO:root:3. fetching leads
INFO:root:__________  no leads created in the last 10 minutes  __________
INFO:root:------------------ connection closed at Wed Jun  1 16:42:31 2022 -----------------------
INFO:root: --connection established at 'Wed Jun  1 16:42:31 2022' timestamp  : 2014-09-23 10:20:00 --
INFO:root:4. fetching invoice info
INFO:root:__________  no invoice info created in the last 10 minutes  __________
INFO:root:------------------ connection closed at Wed Jun  1 16:42:31 2022 -----------------------
INFO:root:--------------------- 10 minute wait ----------------------------
INFO:root: --connection established at 'Wed Jun  1 16:42:33 2022' timestamp  : 2014-09-23 10:30:00 --
INFO:root:1. fetching clients
INFO:root:__________  no clients created in the last 10 minutes  __________
INFO:root:------------------ connection closed at Wed Jun  1 16:42:33 2022 -----------------------
INFO:root: --connection established at 'Wed Jun  1 16:42:33 2022' timestamp  : 2014-09-23 10:30:00 --
INFO:root:2. fetching conversations
INFO:root:__________  no conversations created in the last 10 minutes  __________
INFO:root:------------------ connection closed at Wed Jun  1 16:42:33 2022 -----------------------
INFO:root: --connection established at 'Wed Jun  1 16:42:33 2022' timestamp  : 2014-09-23 10:30:00 --
INFO:root:3. fetching leads
INFO:root:__________  no leads created in the last 10 minutes  __________
INFO:root:------------------ connection closed at Wed Jun  1 16:42:33 2022 -----------------------
INFO:root: --connection established at 'Wed Jun  1 16:42:33 2022' timestamp  : 2014-09-23 10:30:00 --
INFO:root:4. fetching invoice info
INFO:root:__________  no invoice info created in the last 10 minutes  __________
INFO:root:------------------ connection closed at Wed Jun  1 16:42:33 2022 -----------------------
INFO:root:--------------------- 10 minute wait ----------------------------
INFO:root:minutes passed = 40 , counter = 4 
INFO:root: - - - - refreshing tokens at Wed Jun  1 16:42:35 2022 - - - - - 
INFO:root:-- response recieved : 
 {"error":"invalid_code"}

 -- at Wed Jun  1 16:42:38 2022  --
INFO:root: --connection established at 'Wed Jun  1 16:42:38 2022' timestamp  : 2014-09-23 10:40:00 --
INFO:root:1. fetching clients
INFO:root:__________  no clients created in the last 10 minutes  __________
INFO:root:------------------ connection closed at Wed Jun  1 16:42:38 2022 -----------------------
INFO:root: --connection established at 'Wed Jun  1 16:42:38 2022' timestamp  : 2014-09-23 10:40:00 --
INFO:root:2. fetching conversations
INFO:root:__________  no conversations created in the last 10 minutes  __________
INFO:root:------------------ connection closed at Wed Jun  1 16:42:38 2022 -----------------------
INFO:root: --connection established at 'Wed Jun  1 16:42:38 2022' timestamp  : 2014-09-23 10:40:00 --
INFO:root:3. fetching leads
INFO:root:__________  no leads created in the last 10 minutes  __________
INFO:root:------------------ connection closed at Wed Jun  1 16:42:38 2022 -----------------------
INFO:root: --connection established at 'Wed Jun  1 16:42:38 2022' timestamp  : 2014-09-23 10:40:00 --
INFO:root:4. fetching invoice info
INFO:root:__________  no invoice info created in the last 10 minutes  __________
INFO:root:------------------ connection closed at Wed Jun  1 16:42:38 2022 -----------------------
INFO:root:--------------------- 10 minute wait ----------------------------
INFO:root: --connection established at 'Wed Jun  1 16:42:40 2022' timestamp  : 2014-09-23 10:50:00 --
INFO:root:1. fetching clients
INFO:root:__________  no clients created in the last 10 minutes  __________
INFO:root:------------------ connection closed at Wed Jun  1 16:42:40 2022 -----------------------
INFO:root: --connection established at 'Wed Jun  1 16:42:40 2022' timestamp  : 2014-09-23 10:50:00 --
INFO:root:2. fetching conversations
INFO:root:__________  no conversations created in the last 10 minutes  __________
INFO:root:------------------ connection closed at Wed Jun  1 16:42:40 2022 -----------------------
INFO:root: --connection established at 'Wed Jun  1 16:42:40 2022' timestamp  : 2014-09-23 10:50:00 --
INFO:root:3. fetching leads
INFO:root:__________  no leads created in the last 10 minutes  __________
INFO:root:------------------ connection closed at Wed Jun  1 16:42:40 2022 -----------------------
INFO:root: --connection established at 'Wed Jun  1 16:42:40 2022' timestamp  : 2014-09-23 10:50:00 --
INFO:root:4. fetching invoice info
INFO:root:__________  no invoice info created in the last 10 minutes  __________
INFO:root:------------------ connection closed at Wed Jun  1 16:42:40 2022 -----------------------
INFO:root:--------------------- 10 minute wait ----------------------------
INFO:root: --connection established at 'Wed Jun  1 16:42:42 2022' timestamp  : 2014-09-23 11:00:00 --
INFO:root:1. fetching clients
INFO:root:__________  no clients created in the last 10 minutes  __________
INFO:root:------------------ connection closed at Wed Jun  1 16:42:42 2022 -----------------------
INFO:root: --connection established at 'Wed Jun  1 16:42:42 2022' timestamp  : 2014-09-23 11:00:00 --
INFO:root:2. fetching conversations
INFO:root:__________  no conversations created in the last 10 minutes  __________
INFO:root:------------------ connection closed at Wed Jun  1 16:42:42 2022 -----------------------
INFO:root: --connection established at 'Wed Jun  1 16:42:42 2022' timestamp  : 2014-09-23 11:00:00 --
INFO:root:3. fetching leads
INFO:root:__________  no leads created in the last 10 minutes  __________
INFO:root:------------------ connection closed at Wed Jun  1 16:42:42 2022 -----------------------
INFO:root: --connection established at 'Wed Jun  1 16:42:42 2022' timestamp  : 2014-09-23 11:00:00 --
INFO:root:4. fetching invoice info
INFO:root:__________  no invoice info created in the last 10 minutes  __________
INFO:root:------------------ connection closed at Wed Jun  1 16:42:42 2022 -----------------------
INFO:root:--------------------- 10 minute wait ----------------------------
INFO:root: --connection established at 'Wed Jun  1 16:42:44 2022' timestamp  : 2014-09-23 11:10:00 --
INFO:root:1. fetching clients
INFO:root:__________  no clients created in the last 10 minutes  __________
INFO:root:------------------ connection closed at Wed Jun  1 16:42:44 2022 -----------------------
INFO:root: --connection established at 'Wed Jun  1 16:42:44 2022' timestamp  : 2014-09-23 11:10:00 --
INFO:root:2. fetching conversations
INFO:root:__________  no conversations created in the last 10 minutes  __________
INFO:root:------------------ connection closed at Wed Jun  1 16:42:44 2022 -----------------------
INFO:root: --connection established at 'Wed Jun  1 16:42:44 2022' timestamp  : 2014-09-23 11:10:00 --
INFO:root:3. fetching leads
INFO:root:__________  no leads created in the last 10 minutes  __________
INFO:root:------------------ connection closed at Wed Jun  1 16:42:44 2022 -----------------------
INFO:root: --connection established at 'Wed Jun  1 16:42:44 2022' timestamp  : 2014-09-23 11:10:00 --
INFO:root:4. fetching invoice info
INFO:root:__________  no invoice info created in the last 10 minutes  __________
INFO:root:------------------ connection closed at Wed Jun  1 16:42:44 2022 -----------------------
INFO:root:--------------------- 10 minute wait ----------------------------
INFO:root:minutes passed = 80 , counter = 8 
INFO:root: - - - - refreshing tokens at Wed Jun  1 16:42:46 2022 - - - - - 
INFO:root:-- response recieved : 
 {"error":"invalid_code"}

 -- at Wed Jun  1 16:42:50 2022  --
INFO:root: --connection established at 'Wed Jun  1 16:42:50 2022' timestamp  : 2014-09-23 11:20:00 --
INFO:root:1. fetching clients
INFO:root:__________  no clients created in the last 10 minutes  __________
INFO:root:------------------ connection closed at Wed Jun  1 16:42:50 2022 -----------------------
INFO:root: --connection established at 'Wed Jun  1 16:42:50 2022' timestamp  : 2014-09-23 11:20:00 --
INFO:root:2. fetching conversations
INFO:root:__________  no conversations created in the last 10 minutes  __________
INFO:root:------------------ connection closed at Wed Jun  1 16:42:50 2022 -----------------------
INFO:root: --connection established at 'Wed Jun  1 16:42:50 2022' timestamp  : 2014-09-23 11:20:00 --
INFO:root:3. fetching leads
INFO:root:__________  no leads created in the last 10 minutes  __________
INFO:root:------------------ connection closed at Wed Jun  1 16:42:50 2022 -----------------------
INFO:root: --connection established at 'Wed Jun  1 16:42:50 2022' timestamp  : 2014-09-23 11:20:00 --
INFO:root:4. fetching invoice info
INFO:root:__________  no invoice info created in the last 10 minutes  __________
INFO:root:------------------ connection closed at Wed Jun  1 16:42:50 2022 -----------------------
INFO:root:--------------------- 10 minute wait ----------------------------
INFO:root: --connection established at 'Wed Jun  1 16:42:52 2022' timestamp  : 2014-09-23 11:30:00 --
INFO:root:1. fetching clients
INFO:root:__________  no clients created in the last 10 minutes  __________
INFO:root:------------------ connection closed at Wed Jun  1 16:42:52 2022 -----------------------
INFO:root: --connection established at 'Wed Jun  1 16:42:52 2022' timestamp  : 2014-09-23 11:30:00 --
INFO:root:2. fetching conversations
INFO:root:__________  no conversations created in the last 10 minutes  __________
INFO:root:------------------ connection closed at Wed Jun  1 16:42:52 2022 -----------------------
INFO:root: --connection established at 'Wed Jun  1 16:42:52 2022' timestamp  : 2014-09-23 11:30:00 --
INFO:root:3. fetching leads
INFO:root:__________  no leads created in the last 10 minutes  __________
INFO:root:------------------ connection closed at Wed Jun  1 16:42:52 2022 -----------------------
INFO:root: --connection established at 'Wed Jun  1 16:42:52 2022' timestamp  : 2014-09-23 11:30:00 --
INFO:root:4. fetching invoice info
INFO:root:__________  no invoice info created in the last 10 minutes  __________
INFO:root:------------------ connection closed at Wed Jun  1 16:42:52 2022 -----------------------
INFO:root:--------------------- 10 minute wait ----------------------------
INFO:root: --connection established at 'Wed Jun  1 16:42:54 2022' timestamp  : 2014-09-23 11:40:00 --
INFO:root:1. fetching clients
INFO:root:__________  no clients created in the last 10 minutes  __________
INFO:root:------------------ connection closed at Wed Jun  1 16:42:54 2022 -----------------------
INFO:root: --connection established at 'Wed Jun  1 16:42:54 2022' timestamp  : 2014-09-23 11:40:00 --
INFO:root:2. fetching conversations
INFO:root:__________  no conversations created in the last 10 minutes  __________
INFO:root:------------------ connection closed at Wed Jun  1 16:42:54 2022 -----------------------
INFO:root: --connection established at 'Wed Jun  1 16:42:54 2022' timestamp  : 2014-09-23 11:40:00 --
INFO:root:3. fetching leads
INFO:root:__________  no leads created in the last 10 minutes  __________
INFO:root:------------------ connection closed at Wed Jun  1 16:42:54 2022 -----------------------
INFO:root: --connection established at 'Wed Jun  1 16:42:54 2022' timestamp  : 2014-09-23 11:40:00 --
INFO:root:4. fetching invoice info
INFO:root:__________  no invoice info created in the last 10 minutes  __________
INFO:root:------------------ connection closed at Wed Jun  1 16:42:54 2022 -----------------------
INFO:root:--------------------- 10 minute wait ----------------------------
INFO:root: --connection established at 'Wed Jun  1 16:42:56 2022' timestamp  : 2014-09-23 11:50:00 --
INFO:root:1. fetching clients
INFO:root:__________  no clients created in the last 10 minutes  __________
INFO:root:------------------ connection closed at Wed Jun  1 16:42:56 2022 -----------------------
INFO:root: --connection established at 'Wed Jun  1 16:42:56 2022' timestamp  : 2014-09-23 11:50:00 --
INFO:root:2. fetching conversations
INFO:root:__________  no conversations created in the last 10 minutes  __________
INFO:root:------------------ connection closed at Wed Jun  1 16:42:56 2022 -----------------------
INFO:root: --connection established at 'Wed Jun  1 16:42:56 2022' timestamp  : 2014-09-23 11:50:00 --
INFO:root:3. fetching leads
INFO:root:__________  no leads created in the last 10 minutes  __________
INFO:root:------------------ connection closed at Wed Jun  1 16:42:56 2022 -----------------------
INFO:root: --connection established at 'Wed Jun  1 16:42:56 2022' timestamp  : 2014-09-23 11:50:00 --
INFO:root:4. fetching invoice info
INFO:root:__________  no invoice info created in the last 10 minutes  __________
INFO:root:------------------ connection closed at Wed Jun  1 16:42:56 2022 -----------------------
INFO:root:--------------------- 10 minute wait ----------------------------
INFO:root:minutes passed = 120 , counter = 12 
INFO:root: - - - - refreshing tokens at Wed Jun  1 16:42:58 2022 - - - - - 
INFO:root:-- response recieved : 
 {"error":"invalid_code"}

 -- at Wed Jun  1 16:42:58 2022  --
INFO:root: --connection established at 'Wed Jun  1 16:42:58 2022' timestamp  : 2014-09-23 12:00:00 --
INFO:root:1. fetching clients
INFO:root:__________  no clients created in the last 10 minutes  __________
INFO:root:------------------ connection closed at Wed Jun  1 16:42:58 2022 -----------------------
INFO:root: --connection established at 'Wed Jun  1 16:42:58 2022' timestamp  : 2014-09-23 12:00:00 --
INFO:root:2. fetching conversations
INFO:root:__________  no conversations created in the last 10 minutes  __________
INFO:root:------------------ connection closed at Wed Jun  1 16:42:58 2022 -----------------------
INFO:root: --connection established at 'Wed Jun  1 16:42:58 2022' timestamp  : 2014-09-23 12:00:00 --
INFO:root:3. fetching leads
INFO:root:__________  no leads created in the last 10 minutes  __________
INFO:root:------------------ connection closed at Wed Jun  1 16:42:58 2022 -----------------------
INFO:root: --connection established at 'Wed Jun  1 16:42:58 2022' timestamp  : 2014-09-23 12:00:00 --
INFO:root:4. fetching invoice info
INFO:root:__________  no invoice info created in the last 10 minutes  __________
INFO:root:------------------ connection closed at Wed Jun  1 16:42:58 2022 -----------------------
INFO:root:--------------------- 10 minute wait ----------------------------
INFO:root: --connection established at 'Wed Jun  1 16:43:00 2022' timestamp  : 2014-09-23 12:10:00 --
INFO:root:1. fetching clients
INFO:root:__________  no clients created in the last 10 minutes  __________
INFO:root:------------------ connection closed at Wed Jun  1 16:43:00 2022 -----------------------
INFO:root: --connection established at 'Wed Jun  1 16:43:00 2022' timestamp  : 2014-09-23 12:10:00 --
INFO:root:2. fetching conversations
INFO:root:__________  no conversations created in the last 10 minutes  __________
INFO:root:------------------ connection closed at Wed Jun  1 16:43:00 2022 -----------------------
INFO:root: --connection established at 'Wed Jun  1 16:43:00 2022' timestamp  : 2014-09-23 12:10:00 --
INFO:root:3. fetching leads
INFO:root:__________  no leads created in the last 10 minutes  __________
INFO:root:------------------ connection closed at Wed Jun  1 16:43:00 2022 -----------------------
INFO:root: --connection established at 'Wed Jun  1 16:43:00 2022' timestamp  : 2014-09-23 12:10:00 --
INFO:root:4. fetching invoice info
INFO:root:__________  no invoice info created in the last 10 minutes  __________
INFO:root:------------------ connection closed at Wed Jun  1 16:43:00 2022 -----------------------
INFO:root:--------------------- 10 minute wait ----------------------------
INFO:root: --connection established at 'Wed Jun  1 16:43:02 2022' timestamp  : 2014-09-23 12:20:00 --
INFO:root:1. fetching clients
INFO:root:__________  no clients created in the last 10 minutes  __________
INFO:root:------------------ connection closed at Wed Jun  1 16:43:02 2022 -----------------------
INFO:root: --connection established at 'Wed Jun  1 16:43:02 2022' timestamp  : 2014-09-23 12:20:00 --
INFO:root:2. fetching conversations
INFO:root:__________  no conversations created in the last 10 minutes  __________
INFO:root:------------------ connection closed at Wed Jun  1 16:43:02 2022 -----------------------
INFO:root: --connection established at 'Wed Jun  1 16:43:02 2022' timestamp  : 2014-09-23 12:20:00 --
INFO:root:3. fetching leads
INFO:root:__________  no leads created in the last 10 minutes  __________
INFO:root:------------------ connection closed at Wed Jun  1 16:43:02 2022 -----------------------
INFO:root: --connection established at 'Wed Jun  1 16:43:02 2022' timestamp  : 2014-09-23 12:20:00 --
INFO:root:4. fetching invoice info
INFO:root:__________  no invoice info created in the last 10 minutes  __________
INFO:root:------------------ connection closed at Wed Jun  1 16:43:03 2022 -----------------------
INFO:root:--------------------- 10 minute wait ----------------------------
INFO:root: --connection established at 'Wed Jun  1 16:43:05 2022' timestamp  : 2014-09-23 12:30:00 --
INFO:root:1. fetching clients
INFO:root:__________  no clients created in the last 10 minutes  __________
INFO:root:------------------ connection closed at Wed Jun  1 16:43:05 2022 -----------------------
INFO:root: --connection established at 'Wed Jun  1 16:43:05 2022' timestamp  : 2014-09-23 12:30:00 --
INFO:root:2. fetching conversations
INFO:root:__________  no conversations created in the last 10 minutes  __________
INFO:root:------------------ connection closed at Wed Jun  1 16:43:05 2022 -----------------------
INFO:root: --connection established at 'Wed Jun  1 16:43:05 2022' timestamp  : 2014-09-23 12:30:00 --
INFO:root:3. fetching leads
INFO:root:__________  no leads created in the last 10 minutes  __________
INFO:root:------------------ connection closed at Wed Jun  1 16:43:05 2022 -----------------------
INFO:root: --connection established at 'Wed Jun  1 16:43:05 2022' timestamp  : 2014-09-23 12:30:00 --
INFO:root:4. fetching invoice info
INFO:root:__________  no invoice info created in the last 10 minutes  __________
INFO:root:------------------ connection closed at Wed Jun  1 16:43:05 2022 -----------------------
INFO:root:--------------------- 10 minute wait ----------------------------
INFO:root:minutes passed = 160 , counter = 16 
INFO:root: - - - - refreshing tokens at Wed Jun  1 16:43:07 2022 - - - - - 
INFO:root:-- response recieved : 
 {"error":"invalid_code"}

 -- at Wed Jun  1 16:43:07 2022  --
INFO:root: --connection established at 'Wed Jun  1 16:43:07 2022' timestamp  : 2014-09-23 12:40:00 --
INFO:root:1. fetching clients
INFO:root:__________  no clients created in the last 10 minutes  __________
INFO:root:------------------ connection closed at Wed Jun  1 16:43:07 2022 -----------------------
INFO:root: --connection established at 'Wed Jun  1 16:43:07 2022' timestamp  : 2014-09-23 12:40:00 --
INFO:root:2. fetching conversations
INFO:root:__________  no conversations created in the last 10 minutes  __________
INFO:root:------------------ connection closed at Wed Jun  1 16:43:07 2022 -----------------------
INFO:root: --connection established at 'Wed Jun  1 16:43:07 2022' timestamp  : 2014-09-23 12:40:00 --
INFO:root:3. fetching leads
INFO:root:__________  no leads created in the last 10 minutes  __________
INFO:root:------------------ connection closed at Wed Jun  1 16:43:07 2022 -----------------------
INFO:root: --connection established at 'Wed Jun  1 16:43:07 2022' timestamp  : 2014-09-23 12:40:00 --
INFO:root:4. fetching invoice info
INFO:root:__________  no invoice info created in the last 10 minutes  __________
INFO:root:------------------ connection closed at Wed Jun  1 16:43:07 2022 -----------------------
INFO:root:--------------------- 10 minute wait ----------------------------
INFO:root: --connection established at 'Wed Jun  1 16:43:09 2022' timestamp  : 2014-09-23 12:50:00 --
INFO:root:1. fetching clients
INFO:root:__________  no clients created in the last 10 minutes  __________
INFO:root:------------------ connection closed at Wed Jun  1 16:43:09 2022 -----------------------
INFO:root: --connection established at 'Wed Jun  1 16:43:09 2022' timestamp  : 2014-09-23 12:50:00 --
INFO:root:2. fetching conversations
INFO:root:__________  no conversations created in the last 10 minutes  __________
INFO:root:------------------ connection closed at Wed Jun  1 16:43:09 2022 -----------------------
INFO:root: --connection established at 'Wed Jun  1 16:43:09 2022' timestamp  : 2014-09-23 12:50:00 --
INFO:root:3. fetching leads
INFO:root:__________  no leads created in the last 10 minutes  __________
INFO:root:------------------ connection closed at Wed Jun  1 16:43:09 2022 -----------------------
INFO:root: --connection established at 'Wed Jun  1 16:43:09 2022' timestamp  : 2014-09-23 12:50:00 --
INFO:root:4. fetching invoice info
INFO:root:__________  no invoice info created in the last 10 minutes  __________
INFO:root:------------------ connection closed at Wed Jun  1 16:43:09 2022 -----------------------
INFO:root:--------------------- 10 minute wait ----------------------------
INFO:root: --connection established at 'Wed Jun  1 16:43:11 2022' timestamp  : 2014-09-23 13:00:00 --
INFO:root:1. fetching clients
INFO:root:__________  no clients created in the last 10 minutes  __________
INFO:root:------------------ connection closed at Wed Jun  1 16:43:11 2022 -----------------------
INFO:root: --connection established at 'Wed Jun  1 16:43:11 2022' timestamp  : 2014-09-23 13:00:00 --
INFO:root:2. fetching conversations
INFO:root:__________  no conversations created in the last 10 minutes  __________
INFO:root:------------------ connection closed at Wed Jun  1 16:43:11 2022 -----------------------
INFO:root: --connection established at 'Wed Jun  1 16:43:11 2022' timestamp  : 2014-09-23 13:00:00 --
INFO:root:3. fetching leads
INFO:root:__________  no leads created in the last 10 minutes  __________
INFO:root:------------------ connection closed at Wed Jun  1 16:43:11 2022 -----------------------
INFO:root: --connection established at 'Wed Jun  1 16:43:11 2022' timestamp  : 2014-09-23 13:00:00 --
INFO:root:4. fetching invoice info
INFO:root:__________  no invoice info created in the last 10 minutes  __________
INFO:root:------------------ connection closed at Wed Jun  1 16:43:11 2022 -----------------------
INFO:root:--------------------- 10 minute wait ----------------------------
INFO:root: --connection established at 'Wed Jun  1 16:43:13 2022' timestamp  : 2014-09-23 13:10:00 --
INFO:root:1. fetching clients
INFO:root:__________  no clients created in the last 10 minutes  __________
INFO:root:------------------ connection closed at Wed Jun  1 16:43:13 2022 -----------------------
INFO:root: --connection established at 'Wed Jun  1 16:43:13 2022' timestamp  : 2014-09-23 13:10:00 --
INFO:root:2. fetching conversations
INFO:root:__________  no conversations created in the last 10 minutes  __________
INFO:root:------------------ connection closed at Wed Jun  1 16:43:13 2022 -----------------------
INFO:root: --connection established at 'Wed Jun  1 16:43:13 2022' timestamp  : 2014-09-23 13:10:00 --
INFO:root:3. fetching leads
INFO:root:__________  no leads created in the last 10 minutes  __________
INFO:root:------------------ connection closed at Wed Jun  1 16:43:13 2022 -----------------------
INFO:root: --connection established at 'Wed Jun  1 16:43:13 2022' timestamp  : 2014-09-23 13:10:00 --
INFO:root:4. fetching invoice info
INFO:root:__________  no invoice info created in the last 10 minutes  __________
INFO:root:------------------ connection closed at Wed Jun  1 16:43:13 2022 -----------------------
INFO:root:--------------------- 10 minute wait ----------------------------
INFO:root:minutes passed = 200 , counter = 20 
INFO:root: - - - - refreshing tokens at Wed Jun  1 16:43:15 2022 - - - - - 
INFO:root:-- response recieved : 
 {"error":"invalid_code"}

 -- at Wed Jun  1 16:43:16 2022  --
INFO:root: --connection established at 'Wed Jun  1 16:43:16 2022' timestamp  : 2014-09-23 13:20:00 --
INFO:root:1. fetching clients
INFO:root:__________  no clients created in the last 10 minutes  __________
INFO:root:------------------ connection closed at Wed Jun  1 16:43:16 2022 -----------------------
INFO:root: --connection established at 'Wed Jun  1 16:43:16 2022' timestamp  : 2014-09-23 13:20:00 --
INFO:root:2. fetching conversations
INFO:root:__________  no conversations created in the last 10 minutes  __________
INFO:root:------------------ connection closed at Wed Jun  1 16:43:16 2022 -----------------------
INFO:root: --connection established at 'Wed Jun  1 16:43:16 2022' timestamp  : 2014-09-23 13:20:00 --
INFO:root:3. fetching leads
INFO:root:__________  no leads created in the last 10 minutes  __________
INFO:root:------------------ connection closed at Wed Jun  1 16:43:16 2022 -----------------------
INFO:root: --connection established at 'Wed Jun  1 16:43:16 2022' timestamp  : 2014-09-23 13:20:00 --
INFO:root:4. fetching invoice info
INFO:root:__________  no invoice info created in the last 10 minutes  __________
INFO:root:------------------ connection closed at Wed Jun  1 16:43:16 2022 -----------------------
INFO:root:--------------------- 10 minute wait ----------------------------
INFO:root: --connection established at 'Wed Jun  1 16:43:18 2022' timestamp  : 2014-09-23 13:30:00 --
INFO:root:1. fetching clients
INFO:root:__________  no clients created in the last 10 minutes  __________
INFO:root:------------------ connection closed at Wed Jun  1 16:43:18 2022 -----------------------
INFO:root: --connection established at 'Wed Jun  1 16:43:18 2022' timestamp  : 2014-09-23 13:30:00 --
INFO:root:2. fetching conversations
INFO:root:__________  no conversations created in the last 10 minutes  __________
INFO:root:------------------ connection closed at Wed Jun  1 16:43:18 2022 -----------------------
INFO:root: --connection established at 'Wed Jun  1 16:43:18 2022' timestamp  : 2014-09-23 13:30:00 --
INFO:root:3. fetching leads
INFO:root:__________  no leads created in the last 10 minutes  __________
INFO:root:------------------ connection closed at Wed Jun  1 16:43:18 2022 -----------------------
INFO:root: --connection established at 'Wed Jun  1 16:43:18 2022' timestamp  : 2014-09-23 13:30:00 --
INFO:root:4. fetching invoice info
INFO:root:__________  no invoice info created in the last 10 minutes  __________
INFO:root:------------------ connection closed at Wed Jun  1 16:43:18 2022 -----------------------
INFO:root:--------------------- 10 minute wait ----------------------------
INFO:root: --connection established at 'Wed Jun  1 16:43:20 2022' timestamp  : 2014-09-23 13:40:00 --
INFO:root:1. fetching clients
INFO:root:__________  no clients created in the last 10 minutes  __________
INFO:root:------------------ connection closed at Wed Jun  1 16:43:20 2022 -----------------------
INFO:root: --connection established at 'Wed Jun  1 16:43:20 2022' timestamp  : 2014-09-23 13:40:00 --
INFO:root:2. fetching conversations
INFO:root:__________  no conversations created in the last 10 minutes  __________
INFO:root:------------------ connection closed at Wed Jun  1 16:43:20 2022 -----------------------
INFO:root: --connection established at 'Wed Jun  1 16:43:20 2022' timestamp  : 2014-09-23 13:40:00 --
INFO:root:3. fetching leads
INFO:root:__________  no leads created in the last 10 minutes  __________
INFO:root:------------------ connection closed at Wed Jun  1 16:43:20 2022 -----------------------
INFO:root: --connection established at 'Wed Jun  1 16:43:20 2022' timestamp  : 2014-09-23 13:40:00 --
INFO:root:4. fetching invoice info
INFO:root:__________  no invoice info created in the last 10 minutes  __________
INFO:root:------------------ connection closed at Wed Jun  1 16:43:20 2022 -----------------------
INFO:root:--------------------- 10 minute wait ----------------------------
INFO:root: --connection established at 'Wed Jun  1 16:43:22 2022' timestamp  : 2014-09-23 13:50:00 --
INFO:root:1. fetching clients
INFO:root:__________  no clients created in the last 10 minutes  __________
INFO:root:------------------ connection closed at Wed Jun  1 16:43:22 2022 -----------------------
INFO:root: --connection established at 'Wed Jun  1 16:43:22 2022' timestamp  : 2014-09-23 13:50:00 --
INFO:root:2. fetching conversations
INFO:root:__________  no conversations created in the last 10 minutes  __________
INFO:root:------------------ connection closed at Wed Jun  1 16:43:22 2022 -----------------------
INFO:root: --connection established at 'Wed Jun  1 16:43:22 2022' timestamp  : 2014-09-23 13:50:00 --
INFO:root:3. fetching leads
INFO:root:__________  no leads created in the last 10 minutes  __________
INFO:root:------------------ connection closed at Wed Jun  1 16:43:22 2022 -----------------------
INFO:root: --connection established at 'Wed Jun  1 16:43:22 2022' timestamp  : 2014-09-23 13:50:00 --
INFO:root:4. fetching invoice info
INFO:root:__________  no invoice info created in the last 10 minutes  __________
INFO:root:------------------ connection closed at Wed Jun  1 16:43:22 2022 -----------------------
INFO:root:--------------------- 10 minute wait ----------------------------
INFO:root:minutes passed = 240 , counter = 24 
INFO:root: - - - - refreshing tokens at Wed Jun  1 16:43:24 2022 - - - - - 
INFO:root:-- response recieved : 
 {"error":"invalid_code"}

 -- at Wed Jun  1 16:43:25 2022  --
INFO:root: --connection established at 'Wed Jun  1 16:43:25 2022' timestamp  : 2014-09-23 14:00:00 --
INFO:root:1. fetching clients
INFO:root:__________  no clients created in the last 10 minutes  __________
INFO:root:------------------ connection closed at Wed Jun  1 16:43:25 2022 -----------------------
INFO:root: --connection established at 'Wed Jun  1 16:43:25 2022' timestamp  : 2014-09-23 14:00:00 --
INFO:root:2. fetching conversations
INFO:root:__________  no conversations created in the last 10 minutes  __________
INFO:root:------------------ connection closed at Wed Jun  1 16:43:25 2022 -----------------------
INFO:root: --connection established at 'Wed Jun  1 16:43:25 2022' timestamp  : 2014-09-23 14:00:00 --
INFO:root:3. fetching leads
INFO:root:__________  no leads created in the last 10 minutes  __________
INFO:root:------------------ connection closed at Wed Jun  1 16:43:25 2022 -----------------------
INFO:root: --connection established at 'Wed Jun  1 16:43:25 2022' timestamp  : 2014-09-23 14:00:00 --
INFO:root:4. fetching invoice info
INFO:root:__________  no invoice info created in the last 10 minutes  __________
INFO:root:------------------ connection closed at Wed Jun  1 16:43:25 2022 -----------------------
INFO:root:--------------------- 10 minute wait ----------------------------
