INFO:root:-- operations started at Wed Jun  1 14:54:24 2022 (test time = 2015 Jan 3 10:00) --
INFO:root:-- generating access tokens at Wed Jun  1 14:54:24 2022 (test time = 2015 Jan 3 10:00) --
INFO:root:-- response recieved : 
 {"error":"invalid_code"} 

 -- at Wed Jun  1 14:54:25 2022  --
INFO:root:--------------------- 10 minute wait ----------------------------
INFO:root: --connection established at 'Wed Jun  1 14:54:27 2022' timestamp  : 2015-01-03 10:10:00 --
INFO:root:1. fetching clients
INFO:root:__________  no clients created in the last 10 minutes  __________
INFO:root:2. fetching conversations
INFO:root:__________  no conversations created in the last 10 minutes  __________
INFO:root:3. fetching leads
INFO:root:__________  no leads created in the last 10 minutes  __________
INFO:root:4. fetching invoice info
INFO:root:__________  no invoice info created in the last 10 minutes  __________
INFO:root:--------------------- 10 minute wait ----------------------------
INFO:root: --connection established at 'Wed Jun  1 14:54:29 2022' timestamp  : 2015-01-03 10:20:00 --
INFO:root:1. fetching clients
INFO:root:__________  no clients created in the last 10 minutes  __________
INFO:root:2. fetching conversations
INFO:root:__________  no conversations created in the last 10 minutes  __________
INFO:root:3. fetching leads
INFO:root:__________  no leads created in the last 10 minutes  __________
INFO:root:4. fetching invoice info
INFO:root:__________  no invoice info created in the last 10 minutes  __________
INFO:root:--------------------- 10 minute wait ----------------------------
INFO:root: --connection established at 'Wed Jun  1 14:54:31 2022' timestamp  : 2015-01-03 10:30:00 --
INFO:root:1. fetching clients
INFO:root:__________  no clients created in the last 10 minutes  __________
INFO:root:2. fetching conversations
INFO:root:__________  no conversations created in the last 10 minutes  __________
INFO:root:3. fetching leads
INFO:root:__________  no leads created in the last 10 minutes  __________
INFO:root:4. fetching invoice info
INFO:root:__________  no invoice info created in the last 10 minutes  __________
INFO:root:--------------------- 10 minute wait ----------------------------
INFO:root:minutes passed = 40 , counter = 4 
INFO:root: - - - - refreshing tokens at Wed Jun  1 14:54:33 2022 - - - - - 
INFO:root:-- response recieved : 
 {"error":"invalid_code"}

 -- at Wed Jun  1 14:54:33 2022  --
INFO:root: --connection established at 'Wed Jun  1 14:54:33 2022' timestamp  : 2015-01-03 10:40:00 --
INFO:root:1. fetching clients
INFO:root:__________  no clients created in the last 10 minutes  __________
INFO:root:2. fetching conversations
INFO:root:

6 conversations inserted 


INFO:root:3. fetching leads
INFO:root:__________  no leads created in the last 10 minutes  __________
INFO:root:4. fetching invoice info
INFO:root:__________  no invoice info created in the last 10 minutes  __________
INFO:root:--------------------- 10 minute wait ----------------------------
INFO:root: --connection established at 'Wed Jun  1 14:54:35 2022' timestamp  : 2015-01-03 10:50:00 --
INFO:root:1. fetching clients
INFO:root:__________  no clients created in the last 10 minutes  __________
INFO:root:2. fetching conversations
INFO:root:

10 conversations inserted 


INFO:root:3. fetching leads
INFO:root:__________  no leads created in the last 10 minutes  __________
INFO:root:4. fetching invoice info
INFO:root:__________  no invoice info created in the last 10 minutes  __________
INFO:root:--------------------- 10 minute wait ----------------------------
INFO:root: --connection established at 'Wed Jun  1 14:54:37 2022' timestamp  : 2015-01-03 11:00:00 --
INFO:root:1. fetching clients
INFO:root:__________  no clients created in the last 10 minutes  __________
INFO:root:2. fetching conversations
INFO:root:__________  no conversations created in the last 10 minutes  __________
INFO:root:3. fetching leads
INFO:root:__________  no leads created in the last 10 minutes  __________
INFO:root:4. fetching invoice info
INFO:root:__________  no invoice info created in the last 10 minutes  __________
INFO:root:--------------------- 10 minute wait ----------------------------
INFO:root: --connection established at 'Wed Jun  1 14:54:39 2022' timestamp  : 2015-01-03 11:10:00 --
INFO:root:1. fetching clients
INFO:root:__________  no clients created in the last 10 minutes  __________
INFO:root:2. fetching conversations
INFO:root:__________  no conversations created in the last 10 minutes  __________
INFO:root:3. fetching leads
INFO:root:__________  no leads created in the last 10 minutes  __________
INFO:root:4. fetching invoice info
INFO:root:__________  no invoice info created in the last 10 minutes  __________
INFO:root:--------------------- 10 minute wait ----------------------------
INFO:root:minutes passed = 80 , counter = 8 
INFO:root: - - - - refreshing tokens at Wed Jun  1 14:54:41 2022 - - - - - 
INFO:root:-- response recieved : 
 {"error":"invalid_code"}

 -- at Wed Jun  1 14:54:42 2022  --
INFO:root: --connection established at 'Wed Jun  1 14:54:42 2022' timestamp  : 2015-01-03 11:20:00 --
INFO:root:1. fetching clients
INFO:root:__________  no clients created in the last 10 minutes  __________
INFO:root:2. fetching conversations
INFO:root:__________  no conversations created in the last 10 minutes  __________
INFO:root:3. fetching leads
INFO:root:__________  no leads created in the last 10 minutes  __________
INFO:root:4. fetching invoice info
INFO:root:__________  no invoice info created in the last 10 minutes  __________
INFO:root:--------------------- 10 minute wait ----------------------------
INFO:root: --connection established at 'Wed Jun  1 14:54:44 2022' timestamp  : 2015-01-03 11:30:00 --
INFO:root:1. fetching clients
INFO:root:__________  no clients created in the last 10 minutes  __________
INFO:root:2. fetching conversations
INFO:root:

1 conversations inserted 


INFO:root:3. fetching leads
INFO:root:__________  no leads created in the last 10 minutes  __________
INFO:root:4. fetching invoice info
INFO:root:__________  no invoice info created in the last 10 minutes  __________
INFO:root:--------------------- 10 minute wait ----------------------------
INFO:root: --connection established at 'Wed Jun  1 14:54:46 2022' timestamp  : 2015-01-03 11:40:00 --
INFO:root:1. fetching clients
INFO:root:__________  no clients created in the last 10 minutes  __________
INFO:root:2. fetching conversations
INFO:root:__________  no conversations created in the last 10 minutes  __________
INFO:root:3. fetching leads
INFO:root:__________  no leads created in the last 10 minutes  __________
INFO:root:4. fetching invoice info
INFO:root:__________  no invoice info created in the last 10 minutes  __________
INFO:root:--------------------- 10 minute wait ----------------------------
INFO:root: --connection established at 'Wed Jun  1 14:54:48 2022' timestamp  : 2015-01-03 11:50:00 --
INFO:root:1. fetching clients
INFO:root:__________  no clients created in the last 10 minutes  __________
INFO:root:2. fetching conversations
INFO:root:__________  no conversations created in the last 10 minutes  __________
INFO:root:3. fetching leads
INFO:root:__________  no leads created in the last 10 minutes  __________
INFO:root:4. fetching invoice info
INFO:root:__________  no invoice info created in the last 10 minutes  __________
INFO:root:--------------------- 10 minute wait ----------------------------
INFO:root:minutes passed = 120 , counter = 12 
INFO:root: - - - - refreshing tokens at Wed Jun  1 14:54:50 2022 - - - - - 
INFO:root:-- response recieved : 
 {"error":"invalid_code"}

 -- at Wed Jun  1 14:54:50 2022  --
INFO:root: --connection established at 'Wed Jun  1 14:54:50 2022' timestamp  : 2015-01-03 12:00:00 --
INFO:root:1. fetching clients
INFO:root:__________  no clients created in the last 10 minutes  __________
INFO:root:2. fetching conversations
INFO:root:

2 conversations inserted 


INFO:root:3. fetching leads
INFO:root:__________  no leads created in the last 10 minutes  __________
INFO:root:4. fetching invoice info
INFO:root:__________  no invoice info created in the last 10 minutes  __________
INFO:root:--------------------- 10 minute wait ----------------------------
INFO:root: --connection established at 'Wed Jun  1 14:54:52 2022' timestamp  : 2015-01-03 12:10:00 --
INFO:root:1. fetching clients
INFO:root:

1 clients inserted 


INFO:root:2. fetching conversations
INFO:root:

3 conversations inserted 


INFO:root:3. fetching leads
INFO:root:

1 leads inserted 


INFO:root:4. fetching invoice info
INFO:root:__________  no invoice info created in the last 10 minutes  __________
INFO:root:--------------------- 10 minute wait ----------------------------
INFO:root: --connection established at 'Wed Jun  1 14:54:54 2022' timestamp  : 2015-01-03 12:20:00 --
INFO:root:1. fetching clients
INFO:root:__________  no clients created in the last 10 minutes  __________
INFO:root:2. fetching conversations
INFO:root:

1 conversations inserted 


INFO:root:3. fetching leads
INFO:root:__________  no leads created in the last 10 minutes  __________
INFO:root:4. fetching invoice info
INFO:root:__________  no invoice info created in the last 10 minutes  __________
INFO:root:--------------------- 10 minute wait ----------------------------
INFO:root: --connection established at 'Wed Jun  1 14:54:56 2022' timestamp  : 2015-01-03 12:30:00 --
INFO:root:1. fetching clients
INFO:root:

1 clients inserted 


INFO:root:2. fetching conversations
INFO:root:__________  no conversations created in the last 10 minutes  __________
INFO:root:3. fetching leads
INFO:root:

1 leads inserted 


INFO:root:4. fetching invoice info
INFO:root:__________  no invoice info created in the last 10 minutes  __________
INFO:root:--------------------- 10 minute wait ----------------------------
INFO:root:minutes passed = 160 , counter = 16 
INFO:root: - - - - refreshing tokens at Wed Jun  1 14:54:58 2022 - - - - - 
INFO:root:-- response recieved : 
 {"error":"invalid_code"}

 -- at Wed Jun  1 14:55:04 2022  --
INFO:root: --connection established at 'Wed Jun  1 14:55:04 2022' timestamp  : 2015-01-03 12:40:00 --
INFO:root:1. fetching clients
INFO:root:

1 clients inserted 


INFO:root:2. fetching conversations
INFO:root:__________  no conversations created in the last 10 minutes  __________
INFO:root:3. fetching leads
INFO:root:

1 leads inserted 


INFO:root:4. fetching invoice info
INFO:root:__________  no invoice info created in the last 10 minutes  __________
INFO:root:--------------------- 10 minute wait ----------------------------
INFO:root: --connection established at 'Wed Jun  1 14:55:06 2022' timestamp  : 2015-01-03 12:50:00 --
INFO:root:1. fetching clients
INFO:root:__________  no clients created in the last 10 minutes  __________
INFO:root:2. fetching conversations
INFO:root:__________  no conversations created in the last 10 minutes  __________
INFO:root:3. fetching leads
INFO:root:__________  no leads created in the last 10 minutes  __________
INFO:root:4. fetching invoice info
INFO:root:__________  no invoice info created in the last 10 minutes  __________
INFO:root:--------------------- 10 minute wait ----------------------------
INFO:root: --connection established at 'Wed Jun  1 14:55:08 2022' timestamp  : 2015-01-03 13:00:00 --
INFO:root:1. fetching clients
INFO:root:__________  no clients created in the last 10 minutes  __________
INFO:root:2. fetching conversations
INFO:root:__________  no conversations created in the last 10 minutes  __________
INFO:root:3. fetching leads
INFO:root:__________  no leads created in the last 10 minutes  __________
INFO:root:4. fetching invoice info
INFO:root:__________  no invoice info created in the last 10 minutes  __________
INFO:root:--------------------- 10 minute wait ----------------------------
INFO:root: --connection established at 'Wed Jun  1 14:55:10 2022' timestamp  : 2015-01-03 13:10:00 --
INFO:root:1. fetching clients
INFO:root:__________  no clients created in the last 10 minutes  __________
INFO:root:2. fetching conversations
INFO:root:__________  no conversations created in the last 10 minutes  __________
INFO:root:3. fetching leads
INFO:root:__________  no leads created in the last 10 minutes  __________
INFO:root:4. fetching invoice info
INFO:root:__________  no invoice info created in the last 10 minutes  __________
INFO:root:--------------------- 10 minute wait ----------------------------
INFO:root:minutes passed = 200 , counter = 20 
INFO:root: - - - - refreshing tokens at Wed Jun  1 14:55:12 2022 - - - - - 
INFO:root:-- response recieved : 
 {"error":"invalid_code"}

 -- at Wed Jun  1 14:55:12 2022  --
INFO:root: --connection established at 'Wed Jun  1 14:55:12 2022' timestamp  : 2015-01-03 13:20:00 --
INFO:root:1. fetching clients
INFO:root:__________  no clients created in the last 10 minutes  __________
INFO:root:2. fetching conversations
INFO:root:__________  no conversations created in the last 10 minutes  __________
INFO:root:3. fetching leads
INFO:root:__________  no leads created in the last 10 minutes  __________
INFO:root:4. fetching invoice info
INFO:root:__________  no invoice info created in the last 10 minutes  __________
INFO:root:--------------------- 10 minute wait ----------------------------
INFO:root: --connection established at 'Wed Jun  1 14:55:14 2022' timestamp  : 2015-01-03 13:30:00 --
INFO:root:1. fetching clients
INFO:root:__________  no clients created in the last 10 minutes  __________
INFO:root:2. fetching conversations
INFO:root:__________  no conversations created in the last 10 minutes  __________
INFO:root:3. fetching leads
INFO:root:__________  no leads created in the last 10 minutes  __________
INFO:root:4. fetching invoice info
INFO:root:__________  no invoice info created in the last 10 minutes  __________
INFO:root:--------------------- 10 minute wait ----------------------------
INFO:root: --connection established at 'Wed Jun  1 14:55:16 2022' timestamp  : 2015-01-03 13:40:00 --
INFO:root:1. fetching clients
INFO:root:__________  no clients created in the last 10 minutes  __________
INFO:root:2. fetching conversations
INFO:root:__________  no conversations created in the last 10 minutes  __________
INFO:root:3. fetching leads
INFO:root:

1 leads inserted 


INFO:root:4. fetching invoice info
INFO:root:__________  no invoice info created in the last 10 minutes  __________
INFO:root:--------------------- 10 minute wait ----------------------------
INFO:root: --connection established at 'Wed Jun  1 14:55:18 2022' timestamp  : 2015-01-03 13:50:00 --
INFO:root:1. fetching clients
INFO:root:__________  no clients created in the last 10 minutes  __________
INFO:root:2. fetching conversations
INFO:root:__________  no conversations created in the last 10 minutes  __________
INFO:root:3. fetching leads
INFO:root:__________  no leads created in the last 10 minutes  __________
INFO:root:4. fetching invoice info
INFO:root:__________  no invoice info created in the last 10 minutes  __________
INFO:root:--------------------- 10 minute wait ----------------------------
INFO:root:minutes passed = 240 , counter = 24 
INFO:root: - - - - refreshing tokens at Wed Jun  1 14:55:20 2022 - - - - - 
INFO:root:-- response recieved : 
 {"error":"invalid_code"}

 -- at Wed Jun  1 14:55:21 2022  --
INFO:root: --connection established at 'Wed Jun  1 14:55:21 2022' timestamp  : 2015-01-03 14:00:00 --
INFO:root:1. fetching clients
INFO:root:__________  no clients created in the last 10 minutes  __________
INFO:root:2. fetching conversations
INFO:root:__________  no conversations created in the last 10 minutes  __________
INFO:root:3. fetching leads
INFO:root:__________  no leads created in the last 10 minutes  __________
INFO:root:4. fetching invoice info
INFO:root:__________  no invoice info created in the last 10 minutes  __________
INFO:root:--------------------- 10 minute wait ----------------------------
INFO:root: --connection established at 'Wed Jun  1 14:55:23 2022' timestamp  : 2015-01-03 14:10:00 --
INFO:root:1. fetching clients
INFO:root:__________  no clients created in the last 10 minutes  __________
INFO:root:2. fetching conversations
INFO:root:__________  no conversations created in the last 10 minutes  __________
INFO:root:3. fetching leads
INFO:root:__________  no leads created in the last 10 minutes  __________
INFO:root:4. fetching invoice info
INFO:root:__________  no invoice info created in the last 10 minutes  __________
INFO:root:--------------------- 10 minute wait ----------------------------
INFO:root: --connection established at 'Wed Jun  1 14:55:25 2022' timestamp  : 2015-01-03 14:20:00 --
INFO:root:1. fetching clients
INFO:root:__________  no clients created in the last 10 minutes  __________
INFO:root:2. fetching conversations
INFO:root:__________  no conversations created in the last 10 minutes  __________
INFO:root:3. fetching leads
INFO:root:__________  no leads created in the last 10 minutes  __________
INFO:root:4. fetching invoice info
INFO:root:__________  no invoice info created in the last 10 minutes  __________
INFO:root:--------------------- 10 minute wait ----------------------------
INFO:root: --connection established at 'Wed Jun  1 14:55:27 2022' timestamp  : 2015-01-03 14:30:00 --
INFO:root:1. fetching clients
INFO:root:__________  no clients created in the last 10 minutes  __________
INFO:root:2. fetching conversations
INFO:root:__________  no conversations created in the last 10 minutes  __________
INFO:root:3. fetching leads
INFO:root:__________  no leads created in the last 10 minutes  __________
INFO:root:4. fetching invoice info
INFO:root:__________  no invoice info created in the last 10 minutes  __________
INFO:root:--------------------- 10 minute wait ----------------------------
INFO:root:minutes passed = 280 , counter = 28 
INFO:root: - - - - refreshing tokens at Wed Jun  1 14:55:29 2022 - - - - - 
INFO:root:-- response recieved : 
 {"error":"invalid_code"}

 -- at Wed Jun  1 14:55:29 2022  --
INFO:root: --connection established at 'Wed Jun  1 14:55:29 2022' timestamp  : 2015-01-03 14:40:00 --
INFO:root:1. fetching clients
INFO:root:__________  no clients created in the last 10 minutes  __________
INFO:root:2. fetching conversations
INFO:root:__________  no conversations created in the last 10 minutes  __________
INFO:root:3. fetching leads
INFO:root:__________  no leads created in the last 10 minutes  __________
INFO:root:4. fetching invoice info
INFO:root:__________  no invoice info created in the last 10 minutes  __________
INFO:root:--------------------- 10 minute wait ----------------------------
INFO:root: --connection established at 'Wed Jun  1 14:55:31 2022' timestamp  : 2015-01-03 14:50:00 --
INFO:root:1. fetching clients
INFO:root:__________  no clients created in the last 10 minutes  __________
INFO:root:2. fetching conversations
INFO:root:__________  no conversations created in the last 10 minutes  __________
INFO:root:3. fetching leads
INFO:root:__________  no leads created in the last 10 minutes  __________
INFO:root:4. fetching invoice info
INFO:root:__________  no invoice info created in the last 10 minutes  __________
INFO:root:--------------------- 10 minute wait ----------------------------
INFO:root: --connection established at 'Wed Jun  1 14:55:33 2022' timestamp  : 2015-01-03 15:00:00 --
INFO:root:1. fetching clients
INFO:root:__________  no clients created in the last 10 minutes  __________
INFO:root:2. fetching conversations
INFO:root:__________  no conversations created in the last 10 minutes  __________
INFO:root:3. fetching leads
INFO:root:__________  no leads created in the last 10 minutes  __________
INFO:root:4. fetching invoice info
INFO:root:__________  no invoice info created in the last 10 minutes  __________
INFO:root:--------------------- 10 minute wait ----------------------------
INFO:root: --connection established at 'Wed Jun  1 14:55:35 2022' timestamp  : 2015-01-03 15:10:00 --
INFO:root:1. fetching clients
INFO:root:__________  no clients created in the last 10 minutes  __________
INFO:root:2. fetching conversations
INFO:root:__________  no conversations created in the last 10 minutes  __________
INFO:root:3. fetching leads
INFO:root:__________  no leads created in the last 10 minutes  __________
INFO:root:4. fetching invoice info
INFO:root:__________  no invoice info created in the last 10 minutes  __________
INFO:root:--------------------- 10 minute wait ----------------------------
INFO:root:minutes passed = 320 , counter = 32 
INFO:root: - - - - refreshing tokens at Wed Jun  1 14:55:37 2022 - - - - - 
INFO:root:-- response recieved : 
 {"error":"invalid_code"}

 -- at Wed Jun  1 14:55:37 2022  --
INFO:root: --connection established at 'Wed Jun  1 14:55:37 2022' timestamp  : 2015-01-03 15:20:00 --
INFO:root:1. fetching clients
INFO:root:__________  no clients created in the last 10 minutes  __________
INFO:root:2. fetching conversations
INFO:root:__________  no conversations created in the last 10 minutes  __________
INFO:root:3. fetching leads
INFO:root:__________  no leads created in the last 10 minutes  __________
INFO:root:4. fetching invoice info
INFO:root:__________  no invoice info created in the last 10 minutes  __________
INFO:root:--------------------- 10 minute wait ----------------------------
INFO:root: --connection established at 'Wed Jun  1 14:55:39 2022' timestamp  : 2015-01-03 15:30:00 --
INFO:root:1. fetching clients
INFO:root:__________  no clients created in the last 10 minutes  __________
INFO:root:2. fetching conversations
INFO:root:__________  no conversations created in the last 10 minutes  __________
INFO:root:3. fetching leads
INFO:root:__________  no leads created in the last 10 minutes  __________
INFO:root:4. fetching invoice info
INFO:root:__________  no invoice info created in the last 10 minutes  __________
INFO:root:--------------------- 10 minute wait ----------------------------
INFO:root: --connection established at 'Wed Jun  1 14:55:41 2022' timestamp  : 2015-01-03 15:40:00 --
INFO:root:1. fetching clients
INFO:root:__________  no clients created in the last 10 minutes  __________
INFO:root:2. fetching conversations
INFO:root:__________  no conversations created in the last 10 minutes  __________
INFO:root:3. fetching leads
INFO:root:__________  no leads created in the last 10 minutes  __________
INFO:root:4. fetching invoice info
INFO:root:__________  no invoice info created in the last 10 minutes  __________
INFO:root:--------------------- 10 minute wait ----------------------------
INFO:root: --connection established at 'Wed Jun  1 14:55:43 2022' timestamp  : 2015-01-03 15:50:00 --
INFO:root:1. fetching clients
INFO:root:

1 clients inserted 


INFO:root:2. fetching conversations
INFO:root:__________  no conversations created in the last 10 minutes  __________
INFO:root:3. fetching leads
INFO:root:

1 leads inserted 


INFO:root:4. fetching invoice info
INFO:root:__________  no invoice info created in the last 10 minutes  __________
INFO:root:--------------------- 10 minute wait ----------------------------
INFO:root:minutes passed = 360 , counter = 36 
INFO:root: - - - - refreshing tokens at Wed Jun  1 14:55:45 2022 - - - - - 
INFO:root:-- response recieved : 
 {"error":"invalid_code"}

 -- at Wed Jun  1 14:55:46 2022  --
INFO:root: --connection established at 'Wed Jun  1 14:55:46 2022' timestamp  : 2015-01-03 16:00:00 --
INFO:root:1. fetching clients
INFO:root:__________  no clients created in the last 10 minutes  __________
INFO:root:2. fetching conversations
INFO:root:__________  no conversations created in the last 10 minutes  __________
INFO:root:3. fetching leads
INFO:root:__________  no leads created in the last 10 minutes  __________
INFO:root:4. fetching invoice info
INFO:root:__________  no invoice info created in the last 10 minutes  __________
INFO:root:--------------------- 10 minute wait ----------------------------
INFO:root: --connection established at 'Wed Jun  1 14:55:48 2022' timestamp  : 2015-01-03 16:10:00 --
INFO:root:1. fetching clients
INFO:root:__________  no clients created in the last 10 minutes  __________
INFO:root:2. fetching conversations
INFO:root:__________  no conversations created in the last 10 minutes  __________
INFO:root:3. fetching leads
INFO:root:__________  no leads created in the last 10 minutes  __________
INFO:root:4. fetching invoice info
INFO:root:__________  no invoice info created in the last 10 minutes  __________
INFO:root:--------------------- 10 minute wait ----------------------------
INFO:root: --connection established at 'Wed Jun  1 14:55:50 2022' timestamp  : 2015-01-03 16:20:00 --
INFO:root:1. fetching clients
INFO:root:__________  no clients created in the last 10 minutes  __________
INFO:root:2. fetching conversations
INFO:root:__________  no conversations created in the last 10 minutes  __________
INFO:root:3. fetching leads
INFO:root:__________  no leads created in the last 10 minutes  __________
INFO:root:4. fetching invoice info
INFO:root:__________  no invoice info created in the last 10 minutes  __________
INFO:root:--------------------- 10 minute wait ----------------------------
INFO:root: --connection established at 'Wed Jun  1 14:55:52 2022' timestamp  : 2015-01-03 16:30:00 --
INFO:root:1. fetching clients
INFO:root:__________  no clients created in the last 10 minutes  __________
INFO:root:2. fetching conversations
INFO:root:__________  no conversations created in the last 10 minutes  __________
INFO:root:3. fetching leads
INFO:root:

1 leads inserted 


INFO:root:4. fetching invoice info
INFO:root:

1 leads inserted 


INFO:root:--------------------- 10 minute wait ----------------------------
INFO:root:minutes passed = 400 , counter = 40 
INFO:root: - - - - refreshing tokens at Wed Jun  1 14:55:54 2022 - - - - - 
INFO:root:-- response recieved : 
 {"error":"invalid_code"}

 -- at Wed Jun  1 14:55:59 2022  --
INFO:root: --connection established at 'Wed Jun  1 14:55:59 2022' timestamp  : 2015-01-03 16:40:00 --
INFO:root:1. fetching clients
INFO:root:__________  no clients created in the last 10 minutes  __________
INFO:root:2. fetching conversations
INFO:root:__________  no conversations created in the last 10 minutes  __________
INFO:root:3. fetching leads
INFO:root:__________  no leads created in the last 10 minutes  __________
INFO:root:4. fetching invoice info
INFO:root:__________  no invoice info created in the last 10 minutes  __________
INFO:root:--------------------- 10 minute wait ----------------------------
INFO:root: --connection established at 'Wed Jun  1 14:56:01 2022' timestamp  : 2015-01-03 16:50:00 --
INFO:root:1. fetching clients
INFO:root:__________  no clients created in the last 10 minutes  __________
INFO:root:2. fetching conversations
INFO:root:__________  no conversations created in the last 10 minutes  __________
INFO:root:3. fetching leads
INFO:root:__________  no leads created in the last 10 minutes  __________
INFO:root:4. fetching invoice info
INFO:root:__________  no invoice info created in the last 10 minutes  __________
INFO:root:--------------------- 10 minute wait ----------------------------
INFO:root: --connection established at 'Wed Jun  1 14:56:03 2022' timestamp  : 2015-01-03 17:00:00 --
INFO:root:1. fetching clients
INFO:root:__________  no clients created in the last 10 minutes  __________
INFO:root:2. fetching conversations
INFO:root:__________  no conversations created in the last 10 minutes  __________
INFO:root:3. fetching leads
INFO:root:__________  no leads created in the last 10 minutes  __________
INFO:root:4. fetching invoice info
INFO:root:__________  no invoice info created in the last 10 minutes  __________
INFO:root:--------------------- 10 minute wait ----------------------------
INFO:root: --connection established at 'Wed Jun  1 14:56:05 2022' timestamp  : 2015-01-03 17:10:00 --
INFO:root:1. fetching clients
INFO:root:__________  no clients created in the last 10 minutes  __________
INFO:root:2. fetching conversations
INFO:root:__________  no conversations created in the last 10 minutes  __________
INFO:root:3. fetching leads
INFO:root:__________  no leads created in the last 10 minutes  __________
INFO:root:4. fetching invoice info
INFO:root:__________  no invoice info created in the last 10 minutes  __________
INFO:root:--------------------- 10 minute wait ----------------------------
INFO:root:minutes passed = 440 , counter = 44 
INFO:root: - - - - refreshing tokens at Wed Jun  1 14:56:07 2022 - - - - - 
INFO:root:-- response recieved : 
 {"error":"invalid_code"}

 -- at Wed Jun  1 14:56:08 2022  --
INFO:root: --connection established at 'Wed Jun  1 14:56:08 2022' timestamp  : 2015-01-03 17:20:00 --
INFO:root:1. fetching clients
INFO:root:__________  no clients created in the last 10 minutes  __________
INFO:root:2. fetching conversations
INFO:root:__________  no conversations created in the last 10 minutes  __________
INFO:root:3. fetching leads
INFO:root:__________  no leads created in the last 10 minutes  __________
INFO:root:4. fetching invoice info
INFO:root:__________  no invoice info created in the last 10 minutes  __________
INFO:root:--------------------- 10 minute wait ----------------------------
INFO:root: --connection established at 'Wed Jun  1 14:56:10 2022' timestamp  : 2015-01-03 17:30:00 --
INFO:root:1. fetching clients
INFO:root:__________  no clients created in the last 10 minutes  __________
INFO:root:2. fetching conversations
INFO:root:__________  no conversations created in the last 10 minutes  __________
INFO:root:3. fetching leads
INFO:root:__________  no leads created in the last 10 minutes  __________
INFO:root:4. fetching invoice info
INFO:root:__________  no invoice info created in the last 10 minutes  __________
INFO:root:--------------------- 10 minute wait ----------------------------
INFO:root: --connection established at 'Wed Jun  1 14:56:12 2022' timestamp  : 2015-01-03 17:40:00 --
INFO:root:1. fetching clients
INFO:root:

1 clients inserted 


INFO:root:2. fetching conversations
INFO:root:__________  no conversations created in the last 10 minutes  __________
INFO:root:3. fetching leads
INFO:root:

1 leads inserted 


INFO:root:4. fetching invoice info
INFO:root:__________  no invoice info created in the last 10 minutes  __________
INFO:root:--------------------- 10 minute wait ----------------------------
INFO:root: --connection established at 'Wed Jun  1 14:56:14 2022' timestamp  : 2015-01-03 17:50:00 --
INFO:root:1. fetching clients
INFO:root:__________  no clients created in the last 10 minutes  __________
INFO:root:2. fetching conversations
INFO:root:__________  no conversations created in the last 10 minutes  __________
INFO:root:3. fetching leads
INFO:root:__________  no leads created in the last 10 minutes  __________
INFO:root:4. fetching invoice info
INFO:root:__________  no invoice info created in the last 10 minutes  __________
INFO:root:--------------------- 10 minute wait ----------------------------
INFO:root:minutes passed = 480 , counter = 48 
INFO:root: - - - - refreshing tokens at Wed Jun  1 14:56:16 2022 - - - - - 
INFO:root:-- response recieved : 
 {"error":"invalid_code"}

 -- at Wed Jun  1 14:56:16 2022  --
INFO:root: --connection established at 'Wed Jun  1 14:56:16 2022' timestamp  : 2015-01-03 18:00:00 --
INFO:root:1. fetching clients
INFO:root:

1 clients inserted 


INFO:root:2. fetching conversations
INFO:root:__________  no conversations created in the last 10 minutes  __________
INFO:root:3. fetching leads
INFO:root:

1 leads inserted 


INFO:root:4. fetching invoice info
INFO:root:__________  no invoice info created in the last 10 minutes  __________
INFO:root:--------------------- 10 minute wait ----------------------------
INFO:root: --connection established at 'Wed Jun  1 14:56:18 2022' timestamp  : 2015-01-03 18:10:00 --
INFO:root:1. fetching clients
INFO:root:__________  no clients created in the last 10 minutes  __________
INFO:root:2. fetching conversations
INFO:root:__________  no conversations created in the last 10 minutes  __________
INFO:root:3. fetching leads
INFO:root:__________  no leads created in the last 10 minutes  __________
INFO:root:4. fetching invoice info
INFO:root:__________  no invoice info created in the last 10 minutes  __________
INFO:root:--------------------- 10 minute wait ----------------------------
INFO:root: --connection established at 'Wed Jun  1 14:56:20 2022' timestamp  : 2015-01-03 18:20:00 --
INFO:root:1. fetching clients
INFO:root:__________  no clients created in the last 10 minutes  __________
INFO:root:2. fetching conversations
INFO:root:__________  no conversations created in the last 10 minutes  __________
INFO:root:3. fetching leads
INFO:root:__________  no leads created in the last 10 minutes  __________
INFO:root:4. fetching invoice info
INFO:root:__________  no invoice info created in the last 10 minutes  __________
INFO:root:--------------------- 10 minute wait ----------------------------
INFO:root: --connection established at 'Wed Jun  1 14:56:22 2022' timestamp  : 2015-01-03 18:30:00 --
INFO:root:1. fetching clients
INFO:root:__________  no clients created in the last 10 minutes  __________
INFO:root:2. fetching conversations
INFO:root:__________  no conversations created in the last 10 minutes  __________
INFO:root:3. fetching leads
INFO:root:__________  no leads created in the last 10 minutes  __________
INFO:root:4. fetching invoice info
INFO:root:__________  no invoice info created in the last 10 minutes  __________
INFO:root:--------------------- 10 minute wait ----------------------------
INFO:root:minutes passed = 520 , counter = 52 
INFO:root: - - - - refreshing tokens at Wed Jun  1 14:56:24 2022 - - - - - 
INFO:root:-- response recieved : 
 {"error":"invalid_code"}

 -- at Wed Jun  1 14:56:25 2022  --
INFO:root: --connection established at 'Wed Jun  1 14:56:25 2022' timestamp  : 2015-01-03 18:40:00 --
INFO:root:1. fetching clients
INFO:root:__________  no clients created in the last 10 minutes  __________
INFO:root:2. fetching conversations
INFO:root:__________  no conversations created in the last 10 minutes  __________
INFO:root:3. fetching leads
INFO:root:__________  no leads created in the last 10 minutes  __________
INFO:root:4. fetching invoice info
INFO:root:__________  no invoice info created in the last 10 minutes  __________
INFO:root:--------------------- 10 minute wait ----------------------------
INFO:root: --connection established at 'Wed Jun  1 14:56:27 2022' timestamp  : 2015-01-03 18:50:00 --
INFO:root:1. fetching clients
INFO:root:__________  no clients created in the last 10 minutes  __________
INFO:root:2. fetching conversations
INFO:root:__________  no conversations created in the last 10 minutes  __________
INFO:root:3. fetching leads
INFO:root:__________  no leads created in the last 10 minutes  __________
INFO:root:4. fetching invoice info
INFO:root:__________  no invoice info created in the last 10 minutes  __________
INFO:root:--------------------- 10 minute wait ----------------------------
INFO:root: --connection established at 'Wed Jun  1 14:56:29 2022' timestamp  : 2015-01-03 19:00:00 --
INFO:root:1. fetching clients
INFO:root:__________  no clients created in the last 10 minutes  __________
INFO:root:2. fetching conversations
INFO:root:__________  no conversations created in the last 10 minutes  __________
INFO:root:3. fetching leads
INFO:root:__________  no leads created in the last 10 minutes  __________
INFO:root:4. fetching invoice info
INFO:root:__________  no invoice info created in the last 10 minutes  __________
INFO:root:--------------------- 10 minute wait ----------------------------
INFO:root: --connection established at 'Wed Jun  1 14:56:31 2022' timestamp  : 2015-01-03 19:10:00 --
INFO:root:1. fetching clients
INFO:root:__________  no clients created in the last 10 minutes  __________
INFO:root:2. fetching conversations
INFO:root:__________  no conversations created in the last 10 minutes  __________
INFO:root:3. fetching leads
INFO:root:__________  no leads created in the last 10 minutes  __________
INFO:root:4. fetching invoice info
INFO:root:__________  no invoice info created in the last 10 minutes  __________
INFO:root:-- operations closed at Wed Jun  1 14:56:31 2022 (test time = 2015 Jan 3 10:00) --
INFO:root:total
 clients 6 ,
 conversations 6 ,
 leads 8,
 invoice info 2
